Building DAG of jobs...
Using shell: /usr/bin/bash
Provided cores: 1
Rules claiming more threads will be scaled down.
Job counts:
	count	jobs
	1	produce_phylo_input
	39	run_cnv_parsing
	40

[Tue Dec 18 14:40:31 2018]
rule run_cnv_parsing:
    input: /data/browna6/evolution/facets/egfr_exome/fitted/NCI0404_T1D_E.snppile.csv.gz_fitted.csv
    output: /data/browna6/evolution/pwgs/phyloinputs/egfr_exome/NCI0404/NCI0404_T1D_E_cnvInput.txt
    jobid: 31
    wildcards: patient=NCI0404, sample=NCI0404_T1D_E

[Tue Dec 18 14:40:32 2018]
Finished job 31.
1 of 40 steps (2%) done

[Tue Dec 18 14:40:32 2018]
rule run_cnv_parsing:
    input: /data/browna6/evolution/facets/egfr_exome/fitted/CL0127_T1D_E.snppile.csv.gz_fitted.csv
    output: /data/browna6/evolution/pwgs/phyloinputs/egfr_exome/CL0127/CL0127_T1D_E_cnvInput.txt
    jobid: 36
    wildcards: patient=CL0127, sample=CL0127_T1D_E

[Tue Dec 18 14:40:33 2018]
Finished job 36.
2 of 40 steps (5%) done

[Tue Dec 18 14:40:33 2018]
rule run_cnv_parsing:
    input: /data/browna6/evolution/facets/egfr_exome/fitted/NCI0404_T2D_E.snppile.csv.gz_fitted.csv
    output: /data/browna6/evolution/pwgs/phyloinputs/egfr_exome/NCI0404/NCI0404_T2D_E_cnvInput.txt
    jobid: 28
    wildcards: patient=NCI0404, sample=NCI0404_T2D_E

[Tue Dec 18 14:40:34 2018]
Finished job 28.
3 of 40 steps (8%) done

[Tue Dec 18 14:40:34 2018]
rule run_cnv_parsing:
    input: /data/browna6/evolution/facets/egfr_exome/fitted/CL0088_T2D_E.snppile.csv.gz_fitted.csv
    output: /data/browna6/evolution/pwgs/phyloinputs/egfr_exome/CL0088/CL0088_T2D_E_cnvInput.txt
    jobid: 32
    wildcards: patient=CL0088, sample=CL0088_T2D_E

[Tue Dec 18 14:40:35 2018]
Finished job 32.
4 of 40 steps (10%) done

[Tue Dec 18 14:40:35 2018]
rule run_cnv_parsing:
    input: /data/browna6/evolution/facets/egfr_exome/fitted/NCI0411_T1D_E.snppile.csv.gz_fitted.csv
    output: /data/browna6/evolution/pwgs/phyloinputs/egfr_exome/NCI0411/NCI0411_T1D_E_cnvInput.txt
    jobid: 38
    wildcards: patient=NCI0411, sample=NCI0411_T1D_E

Shutting down, this might take some time.
Exiting because a job execution failed. Look above for error message
Complete log: /spin1/users/browna6/pwgs_snakemake/.snakemake/log/2018-12-18T144030.606564.snakemake.log
