Building DAG of jobs...
Using shell: /usr/bin/bash
Provided cores: 1
Rules claiming more threads will be scaled down.
Job counts:
	count	jobs
	6	phylo_input_parsing
	1	produce_phylo_input
	7

[Wed Dec 19 09:29:30 2018]
rule phylo_input_parsing:
    input: /data/browna6/evolution/pwgs/phyloinputs/egfr_exome/CL0038_T2D_E.passed.somatic.snvs_indels_snpEff_on_exome_combined.vcf, /data/browna6/evolution/pwgs/phyloinputs/egfr_exome/CL0038/CL0038_T2D_E_cnvInput.txt
    output: /data/browna6/evolution/pwgs/phyloinputs/egfr_exome/CL0038/CL0038_T2D_E.params.json, /data/browna6/evolution/pwgs/phyloinputs/egfr_exome/CL0038/CL0038_T2D_E.ssm.txt, /data/browna6/evolution/pwgs/phyloinputs/egfr_exome/CL0038/CL0038_T2D_E.cnvs.txt
    jobid: 6
    wildcards: patient=CL0038, sample=CL0038_T2D_E

[Wed Dec 19 09:29:32 2018]
Finished job 6.
1 of 7 steps (14%) done

[Wed Dec 19 09:29:32 2018]
rule phylo_input_parsing:
    input: /data/browna6/evolution/pwgs/phyloinputs/egfr_exome/CL0038_T1D_E.passed.somatic.snvs_indels_snpEff_on_exome_combined.vcf, /data/browna6/evolution/pwgs/phyloinputs/egfr_exome/CL0038/CL0038_T1D_E_cnvInput.txt
    output: /data/browna6/evolution/pwgs/phyloinputs/egfr_exome/CL0038/CL0038_T1D_E.params.json, /data/browna6/evolution/pwgs/phyloinputs/egfr_exome/CL0038/CL0038_T1D_E.ssm.txt, /data/browna6/evolution/pwgs/phyloinputs/egfr_exome/CL0038/CL0038_T1D_E.cnvs.txt
    jobid: 3
    wildcards: patient=CL0038, sample=CL0038_T1D_E

[Wed Dec 19 09:29:34 2018]
Finished job 3.
2 of 7 steps (29%) done

[Wed Dec 19 09:29:34 2018]
rule phylo_input_parsing:
    input: /data/browna6/evolution/pwgs/phyloinputs/egfr_exome/CL0038_T3D_E.passed.somatic.snvs_indels_snpEff_on_exome_combined.vcf, /data/browna6/evolution/pwgs/phyloinputs/egfr_exome/CL0038/CL0038_T3D_E_cnvInput.txt
    output: /data/browna6/evolution/pwgs/phyloinputs/egfr_exome/CL0038/CL0038_T3D_E.params.json, /data/browna6/evolution/pwgs/phyloinputs/egfr_exome/CL0038/CL0038_T3D_E.ssm.txt, /data/browna6/evolution/pwgs/phyloinputs/egfr_exome/CL0038/CL0038_T3D_E.cnvs.txt
    jobid: 4
    wildcards: patient=CL0038, sample=CL0038_T3D_E

[Wed Dec 19 09:29:37 2018]
Finished job 4.
3 of 7 steps (43%) done

[Wed Dec 19 09:29:37 2018]
rule phylo_input_parsing:
    input: /data/browna6/evolution/pwgs/phyloinputs/egfr_exome/CL0040_T1D_E.passed.somatic.snvs_indels_snpEff_on_exome_combined.vcf, /data/browna6/evolution/pwgs/phyloinputs/egfr_exome/CL0040/CL0040_T1D_E_cnvInput.txt
    output: /data/browna6/evolution/pwgs/phyloinputs/egfr_exome/CL0040/CL0040_T1D_E.params.json, /data/browna6/evolution/pwgs/phyloinputs/egfr_exome/CL0040/CL0040_T1D_E.ssm.txt, /data/browna6/evolution/pwgs/phyloinputs/egfr_exome/CL0040/CL0040_T1D_E.cnvs.txt
    jobid: 1
    wildcards: patient=CL0040, sample=CL0040_T1D_E

[Wed Dec 19 09:29:39 2018]
Finished job 1.
4 of 7 steps (57%) done

[Wed Dec 19 09:29:39 2018]
rule phylo_input_parsing:
    input: /data/browna6/evolution/pwgs/phyloinputs/egfr_exome/CL0040_T3D_E.passed.somatic.snvs_indels_snpEff_on_exome_combined.vcf, /data/browna6/evolution/pwgs/phyloinputs/egfr_exome/CL0040/CL0040_T3D_E_cnvInput.txt
    output: /data/browna6/evolution/pwgs/phyloinputs/egfr_exome/CL0040/CL0040_T3D_E.params.json, /data/browna6/evolution/pwgs/phyloinputs/egfr_exome/CL0040/CL0040_T3D_E.ssm.txt, /data/browna6/evolution/pwgs/phyloinputs/egfr_exome/CL0040/CL0040_T3D_E.cnvs.txt
    jobid: 2
    wildcards: patient=CL0040, sample=CL0040_T3D_E

[Wed Dec 19 09:29:41 2018]
Finished job 2.
5 of 7 steps (71%) done

[Wed Dec 19 09:29:41 2018]
rule phylo_input_parsing:
    input: /data/browna6/evolution/pwgs/phyloinputs/egfr_exome/CL0039_T1D_E.passed.somatic.snvs_indels_snpEff_on_exome_combined.vcf, /data/browna6/evolution/pwgs/phyloinputs/egfr_exome/CL0039/CL0039_T1D_E_cnvInput.txt
    output: /data/browna6/evolution/pwgs/phyloinputs/egfr_exome/CL0039/CL0039_T1D_E.params.json, /data/browna6/evolution/pwgs/phyloinputs/egfr_exome/CL0039/CL0039_T1D_E.ssm.txt, /data/browna6/evolution/pwgs/phyloinputs/egfr_exome/CL0039/CL0039_T1D_E.cnvs.txt
    jobid: 5
    wildcards: patient=CL0039, sample=CL0039_T1D_E

[Wed Dec 19 09:29:43 2018]
Finished job 5.
6 of 7 steps (86%) done

[Wed Dec 19 09:29:43 2018]
localrule produce_phylo_input:
    input: /data/browna6/evolution/pwgs/phyloinputs/egfr_exome/CL0038/CL0038_T1D_E.params.json, /data/browna6/evolution/pwgs/phyloinputs/egfr_exome/CL0038/CL0038_T2D_E.params.json, /data/browna6/evolution/pwgs/phyloinputs/egfr_exome/CL0038/CL0038_T3D_E.params.json, /data/browna6/evolution/pwgs/phyloinputs/egfr_exome/CL0039/CL0039_T1D_E.params.json, /data/browna6/evolution/pwgs/phyloinputs/egfr_exome/CL0040/CL0040_T1D_E.params.json, /data/browna6/evolution/pwgs/phyloinputs/egfr_exome/CL0040/CL0040_T3D_E.params.json, /data/browna6/evolution/pwgs/phyloinputs/egfr_exome/CL0038/CL0038_T1D_E.ssm.txt, /data/browna6/evolution/pwgs/phyloinputs/egfr_exome/CL0038/CL0038_T2D_E.ssm.txt, /data/browna6/evolution/pwgs/phyloinputs/egfr_exome/CL0038/CL0038_T3D_E.ssm.txt, /data/browna6/evolution/pwgs/phyloinputs/egfr_exome/CL0039/CL0039_T1D_E.ssm.txt, /data/browna6/evolution/pwgs/phyloinputs/egfr_exome/CL0040/CL0040_T1D_E.ssm.txt, /data/browna6/evolution/pwgs/phyloinputs/egfr_exome/CL0040/CL0040_T3D_E.ssm.txt, /data/browna6/evolution/pwgs/phyloinputs/egfr_exome/CL0038/CL0038_T1D_E.cnvs.txt, /data/browna6/evolution/pwgs/phyloinputs/egfr_exome/CL0038/CL0038_T2D_E.cnvs.txt, /data/browna6/evolution/pwgs/phyloinputs/egfr_exome/CL0038/CL0038_T3D_E.cnvs.txt, /data/browna6/evolution/pwgs/phyloinputs/egfr_exome/CL0039/CL0039_T1D_E.cnvs.txt, /data/browna6/evolution/pwgs/phyloinputs/egfr_exome/CL0040/CL0040_T1D_E.cnvs.txt, /data/browna6/evolution/pwgs/phyloinputs/egfr_exome/CL0040/CL0040_T3D_E.cnvs.txt
    jobid: 0

[Wed Dec 19 09:29:43 2018]
Finished job 0.
7 of 7 steps (100%) done
Complete log: /spin1/users/browna6/pwgs_snakemake/.snakemake/log/2018-12-19T092929.509581.snakemake.log
