Building DAG of jobs...
Using shell: /usr/bin/bash
Provided cores: 1
Rules claiming more threads will be scaled down.
Job counts:
	count	jobs
	5	phylo_input_parsing
	1	produce_phylo_input
	6

[Wed Dec 19 09:31:18 2018]
rule phylo_input_parsing:
    input: /data/browna6/evolution/pwgs/phyloinputs/egfr_exome/CL0038_T2D_E.passed.somatic.snvs_indels_snpEff_on_exome_combined.vcf, /data/browna6/evolution/pwgs/phyloinputs/egfr_exome/CL0038/CL0038_T2D_E_cnvInput.txt
    output: /data/browna6/evolution/pwgs/phyloinputs/egfr_exome/CL0038/CL0038_T2D_E.params.json, /data/browna6/evolution/pwgs/phyloinputs/egfr_exome/CL0038/CL0038_T2D_E.cnvs.txt, /data/browna6/evolution/pwgs/phyloinputs/egfr_exome/CL0038/CL0038_T2D_E.ssm.txt
    jobid: 5
    wildcards: patient=CL0038, sample=CL0038_T2D_E

[Wed Dec 19 09:31:21 2018]
Finished job 5.
1 of 6 steps (17%) done

[Wed Dec 19 09:31:21 2018]
rule phylo_input_parsing:
    input: /data/browna6/evolution/pwgs/phyloinputs/egfr_exome/CL0038_T1D_E.passed.somatic.snvs_indels_snpEff_on_exome_combined.vcf, /data/browna6/evolution/pwgs/phyloinputs/egfr_exome/CL0038/CL0038_T1D_E_cnvInput.txt
    output: /data/browna6/evolution/pwgs/phyloinputs/egfr_exome/CL0038/CL0038_T1D_E.params.json, /data/browna6/evolution/pwgs/phyloinputs/egfr_exome/CL0038/CL0038_T1D_E.cnvs.txt, /data/browna6/evolution/pwgs/phyloinputs/egfr_exome/CL0038/CL0038_T1D_E.ssm.txt
    jobid: 3
    wildcards: patient=CL0038, sample=CL0038_T1D_E

[Wed Dec 19 09:31:24 2018]
Finished job 3.
2 of 6 steps (33%) done

[Wed Dec 19 09:31:24 2018]
rule phylo_input_parsing:
    input: /data/browna6/evolution/pwgs/phyloinputs/egfr_exome/CL0038_T3D_E.passed.somatic.snvs_indels_snpEff_on_exome_combined.vcf, /data/browna6/evolution/pwgs/phyloinputs/egfr_exome/CL0038/CL0038_T3D_E_cnvInput.txt
    output: /data/browna6/evolution/pwgs/phyloinputs/egfr_exome/CL0038/CL0038_T3D_E.params.json, /data/browna6/evolution/pwgs/phyloinputs/egfr_exome/CL0038/CL0038_T3D_E.cnvs.txt, /data/browna6/evolution/pwgs/phyloinputs/egfr_exome/CL0038/CL0038_T3D_E.ssm.txt
    jobid: 4
    wildcards: patient=CL0038, sample=CL0038_T3D_E

[Wed Dec 19 09:31:26 2018]
Finished job 4.
3 of 6 steps (50%) done

[Wed Dec 19 09:31:26 2018]
rule phylo_input_parsing:
    input: /data/browna6/evolution/pwgs/phyloinputs/egfr_exome/CL0040_T1D_E.passed.somatic.snvs_indels_snpEff_on_exome_combined.vcf, /data/browna6/evolution/pwgs/phyloinputs/egfr_exome/CL0040/CL0040_T1D_E_cnvInput.txt
    output: /data/browna6/evolution/pwgs/phyloinputs/egfr_exome/CL0040/CL0040_T1D_E.params.json, /data/browna6/evolution/pwgs/phyloinputs/egfr_exome/CL0040/CL0040_T1D_E.cnvs.txt, /data/browna6/evolution/pwgs/phyloinputs/egfr_exome/CL0040/CL0040_T1D_E.ssm.txt
    jobid: 6
    wildcards: patient=CL0040, sample=CL0040_T1D_E

[Wed Dec 19 09:31:29 2018]
Finished job 6.
4 of 6 steps (67%) done

[Wed Dec 19 09:31:29 2018]
rule phylo_input_parsing:
    input: /data/browna6/evolution/pwgs/phyloinputs/egfr_exome/CL0040_T3D_E.passed.somatic.snvs_indels_snpEff_on_exome_combined.vcf, /data/browna6/evolution/pwgs/phyloinputs/egfr_exome/CL0040/CL0040_T3D_E_cnvInput.txt
    output: /data/browna6/evolution/pwgs/phyloinputs/egfr_exome/CL0040/CL0040_T3D_E.params.json, /data/browna6/evolution/pwgs/phyloinputs/egfr_exome/CL0040/CL0040_T3D_E.cnvs.txt, /data/browna6/evolution/pwgs/phyloinputs/egfr_exome/CL0040/CL0040_T3D_E.ssm.txt
    jobid: 1
    wildcards: patient=CL0040, sample=CL0040_T3D_E

[Wed Dec 19 09:31:31 2018]
Finished job 1.
5 of 6 steps (83%) done

[Wed Dec 19 09:31:31 2018]
localrule produce_phylo_input:
    input: /data/browna6/evolution/pwgs/phyloinputs/egfr_exome/CL0038/CL0038_T1D_E.params.json, /data/browna6/evolution/pwgs/phyloinputs/egfr_exome/CL0038/CL0038_T2D_E.params.json, /data/browna6/evolution/pwgs/phyloinputs/egfr_exome/CL0038/CL0038_T3D_E.params.json, /data/browna6/evolution/pwgs/phyloinputs/egfr_exome/CL0039/CL0039_T1D_E.params.json, /data/browna6/evolution/pwgs/phyloinputs/egfr_exome/CL0040/CL0040_T1D_E.params.json, /data/browna6/evolution/pwgs/phyloinputs/egfr_exome/CL0040/CL0040_T3D_E.params.json, /data/browna6/evolution/pwgs/phyloinputs/egfr_exome/CL0038/CL0038_T1D_E.ssm.txt, /data/browna6/evolution/pwgs/phyloinputs/egfr_exome/CL0038/CL0038_T2D_E.ssm.txt, /data/browna6/evolution/pwgs/phyloinputs/egfr_exome/CL0038/CL0038_T3D_E.ssm.txt, /data/browna6/evolution/pwgs/phyloinputs/egfr_exome/CL0039/CL0039_T1D_E.ssm.txt, /data/browna6/evolution/pwgs/phyloinputs/egfr_exome/CL0040/CL0040_T1D_E.ssm.txt, /data/browna6/evolution/pwgs/phyloinputs/egfr_exome/CL0040/CL0040_T3D_E.ssm.txt, /data/browna6/evolution/pwgs/phyloinputs/egfr_exome/CL0038/CL0038_T1D_E.cnvs.txt, /data/browna6/evolution/pwgs/phyloinputs/egfr_exome/CL0038/CL0038_T2D_E.cnvs.txt, /data/browna6/evolution/pwgs/phyloinputs/egfr_exome/CL0038/CL0038_T3D_E.cnvs.txt, /data/browna6/evolution/pwgs/phyloinputs/egfr_exome/CL0039/CL0039_T1D_E.cnvs.txt, /data/browna6/evolution/pwgs/phyloinputs/egfr_exome/CL0040/CL0040_T1D_E.cnvs.txt, /data/browna6/evolution/pwgs/phyloinputs/egfr_exome/CL0040/CL0040_T3D_E.cnvs.txt
    jobid: 0

[Wed Dec 19 09:31:31 2018]
Finished job 0.
6 of 6 steps (100%) done
Complete log: /spin1/users/browna6/pwgs_snakemake/.snakemake/log/2018-12-19T093117.867847.snakemake.log
