Building DAG of jobs...
Using shell: /usr/bin/bash
Provided cluster nodes: 10
Job counts:
	count	jobs
	1	all
	6	submit_pwgs
	7

[Wed Dec 19 12:59:36 2018]
rule submit_pwgs:
    input: /data/browna6/evolution/pwgs/phyloinputs/egfr_exome/CL0040/CL0040_T3D_E.params.json, /data/browna6/evolution/pwgs/phyloinputs/egfr_exome/CL0040/CL0040_T3D_E.cnvs.txt, /data/browna6/evolution/pwgs/phyloinputs/egfr_exome/CL0040/CL0040_T3D_E.ssm.txt
    output: /data/browna6/evolution/pwgs/pwgs_output/egfr_exome_bysample/CL0040/CL0040_T3D_E/trees.zip
    jobid: 1
    reason: Missing output files: /data/browna6/evolution/pwgs/pwgs_output/egfr_exome_bysample/CL0040/CL0040_T3D_E/trees.zip
    wildcards: patient=CL0040, sample=CL0040_T3D_E
    threads: 4

python2 /home/browna6/phylowgs/multievolve.py -O /data/browna6/evolution/pwgs/pwgs_output/egfr_exome_bysample/CL0040/CL0040_T3D_E -r 20294 20295 20296 20297 --num-chains 4 --ssms /data/browna6/evolution/pwgs/phyloinputs/egfr_exome/CL0040/CL0040_T3D_E.ssm.txt --cnvs /data/browna6/evolution/pwgs/phyloinputs/egfr_exome/CL0040/CL0040_T3D_E.cnvs.txt --params /data/browna6/evolution/pwgs/phyloinputs/egfr_exome/CL0040/CL0040_T3D_E.params.json
Submitted job 1 with external jobid '16040706'.

[Wed Dec 19 12:59:41 2018]
rule submit_pwgs:
    input: /data/browna6/evolution/pwgs/phyloinputs/egfr_exome/CL0038/CL0038_T3D_E.params.json, /data/browna6/evolution/pwgs/phyloinputs/egfr_exome/CL0038/CL0038_T3D_E.cnvs.txt, /data/browna6/evolution/pwgs/phyloinputs/egfr_exome/CL0038/CL0038_T3D_E.ssm.txt
    output: /data/browna6/evolution/pwgs/pwgs_output/egfr_exome_bysample/CL0038/CL0038_T3D_E/trees.zip
    jobid: 6
    reason: Missing output files: /data/browna6/evolution/pwgs/pwgs_output/egfr_exome_bysample/CL0038/CL0038_T3D_E/trees.zip
    wildcards: patient=CL0038, sample=CL0038_T3D_E
    threads: 4

python2 /home/browna6/phylowgs/multievolve.py -O /data/browna6/evolution/pwgs/pwgs_output/egfr_exome_bysample/CL0038/CL0038_T3D_E -r 20294 20295 20296 20297 --num-chains 4 --ssms /data/browna6/evolution/pwgs/phyloinputs/egfr_exome/CL0038/CL0038_T3D_E.ssm.txt --cnvs /data/browna6/evolution/pwgs/phyloinputs/egfr_exome/CL0038/CL0038_T3D_E.cnvs.txt --params /data/browna6/evolution/pwgs/phyloinputs/egfr_exome/CL0038/CL0038_T3D_E.params.json
Submitted job 6 with external jobid '16040708'.

[Wed Dec 19 12:59:44 2018]
rule submit_pwgs:
    input: /data/browna6/evolution/pwgs/phyloinputs/egfr_exome/CL0039/CL0039_T1D_E.params.json, /data/browna6/evolution/pwgs/phyloinputs/egfr_exome/CL0039/CL0039_T1D_E.cnvs.txt, /data/browna6/evolution/pwgs/phyloinputs/egfr_exome/CL0039/CL0039_T1D_E.ssm.txt
    output: /data/browna6/evolution/pwgs/pwgs_output/egfr_exome_bysample/CL0039/CL0039_T1D_E/trees.zip
    jobid: 3
    reason: Missing output files: /data/browna6/evolution/pwgs/pwgs_output/egfr_exome_bysample/CL0039/CL0039_T1D_E/trees.zip
    wildcards: patient=CL0039, sample=CL0039_T1D_E
    threads: 4

python2 /home/browna6/phylowgs/multievolve.py -O /data/browna6/evolution/pwgs/pwgs_output/egfr_exome_bysample/CL0039/CL0039_T1D_E -r 20294 20295 20296 20297 --num-chains 4 --ssms /data/browna6/evolution/pwgs/phyloinputs/egfr_exome/CL0039/CL0039_T1D_E.ssm.txt --cnvs /data/browna6/evolution/pwgs/phyloinputs/egfr_exome/CL0039/CL0039_T1D_E.cnvs.txt --params /data/browna6/evolution/pwgs/phyloinputs/egfr_exome/CL0039/CL0039_T1D_E.params.json
Submitted job 3 with external jobid '16040896'.

[Wed Dec 19 12:59:47 2018]
rule submit_pwgs:
    input: /data/browna6/evolution/pwgs/phyloinputs/egfr_exome/CL0038/CL0038_T2D_E.params.json, /data/browna6/evolution/pwgs/phyloinputs/egfr_exome/CL0038/CL0038_T2D_E.cnvs.txt, /data/browna6/evolution/pwgs/phyloinputs/egfr_exome/CL0038/CL0038_T2D_E.ssm.txt
    output: /data/browna6/evolution/pwgs/pwgs_output/egfr_exome_bysample/CL0038/CL0038_T2D_E/trees.zip
    jobid: 5
    reason: Missing output files: /data/browna6/evolution/pwgs/pwgs_output/egfr_exome_bysample/CL0038/CL0038_T2D_E/trees.zip
    wildcards: patient=CL0038, sample=CL0038_T2D_E
    threads: 4

python2 /home/browna6/phylowgs/multievolve.py -O /data/browna6/evolution/pwgs/pwgs_output/egfr_exome_bysample/CL0038/CL0038_T2D_E -r 20294 20295 20296 20297 --num-chains 4 --ssms /data/browna6/evolution/pwgs/phyloinputs/egfr_exome/CL0038/CL0038_T2D_E.ssm.txt --cnvs /data/browna6/evolution/pwgs/phyloinputs/egfr_exome/CL0038/CL0038_T2D_E.cnvs.txt --params /data/browna6/evolution/pwgs/phyloinputs/egfr_exome/CL0038/CL0038_T2D_E.params.json
Submitted job 5 with external jobid '16040937'.

[Wed Dec 19 12:59:49 2018]
rule submit_pwgs:
    input: /data/browna6/evolution/pwgs/phyloinputs/egfr_exome/CL0040/CL0040_T1D_E.params.json, /data/browna6/evolution/pwgs/phyloinputs/egfr_exome/CL0040/CL0040_T1D_E.cnvs.txt, /data/browna6/evolution/pwgs/phyloinputs/egfr_exome/CL0040/CL0040_T1D_E.ssm.txt
    output: /data/browna6/evolution/pwgs/pwgs_output/egfr_exome_bysample/CL0040/CL0040_T1D_E/trees.zip
    jobid: 4
    reason: Missing output files: /data/browna6/evolution/pwgs/pwgs_output/egfr_exome_bysample/CL0040/CL0040_T1D_E/trees.zip
    wildcards: patient=CL0040, sample=CL0040_T1D_E
    threads: 4

python2 /home/browna6/phylowgs/multievolve.py -O /data/browna6/evolution/pwgs/pwgs_output/egfr_exome_bysample/CL0040/CL0040_T1D_E -r 20294 20295 20296 20297 --num-chains 4 --ssms /data/browna6/evolution/pwgs/phyloinputs/egfr_exome/CL0040/CL0040_T1D_E.ssm.txt --cnvs /data/browna6/evolution/pwgs/phyloinputs/egfr_exome/CL0040/CL0040_T1D_E.cnvs.txt --params /data/browna6/evolution/pwgs/phyloinputs/egfr_exome/CL0040/CL0040_T1D_E.params.json
Submitted job 4 with external jobid '16041064'.

[Wed Dec 19 12:59:51 2018]
rule submit_pwgs:
    input: /data/browna6/evolution/pwgs/phyloinputs/egfr_exome/CL0038/CL0038_T1D_E.params.json, /data/browna6/evolution/pwgs/phyloinputs/egfr_exome/CL0038/CL0038_T1D_E.cnvs.txt, /data/browna6/evolution/pwgs/phyloinputs/egfr_exome/CL0038/CL0038_T1D_E.ssm.txt
    output: /data/browna6/evolution/pwgs/pwgs_output/egfr_exome_bysample/CL0038/CL0038_T1D_E/trees.zip
    jobid: 2
    reason: Missing output files: /data/browna6/evolution/pwgs/pwgs_output/egfr_exome_bysample/CL0038/CL0038_T1D_E/trees.zip
    wildcards: patient=CL0038, sample=CL0038_T1D_E
    threads: 4

python2 /home/browna6/phylowgs/multievolve.py -O /data/browna6/evolution/pwgs/pwgs_output/egfr_exome_bysample/CL0038/CL0038_T1D_E -r 20294 20295 20296 20297 --num-chains 4 --ssms /data/browna6/evolution/pwgs/phyloinputs/egfr_exome/CL0038/CL0038_T1D_E.ssm.txt --cnvs /data/browna6/evolution/pwgs/phyloinputs/egfr_exome/CL0038/CL0038_T1D_E.cnvs.txt --params /data/browna6/evolution/pwgs/phyloinputs/egfr_exome/CL0038/CL0038_T1D_E.params.json
Submitted job 2 with external jobid '16041066'.
[Wed Dec 19 13:11:37 2018]
Error in rule submit_pwgs:
    jobid: 3
    output: /data/browna6/evolution/pwgs/pwgs_output/egfr_exome_bysample/CL0039/CL0039_T1D_E/trees.zip
    cluster_jobid: 16040896

Job failed, going on with independent jobs.
