Building DAG of jobs...
Using shell: /usr/bin/bash
Provided cores: 1
Rules claiming more threads will be scaled down.
Job counts:
	count	jobs
	1	produce_phylo_input
	4	run_pretty_vcf
	5

[Wed Dec 19 08:59:16 2018]
rule run_pretty_vcf:
    input: /data/GuhaData/LAT/strelka_raw_vcf/CL0038_T2D_E/passed.somatic.snvs_indels_snpEff_on_exome_combined.txt
    output: /data/browna6/evolution/pwgs/phyloinputs/egfr_exome/CL0038_T2D_E.passed.somatic.snvs_indels_snpEff_on_exome_combined.vcf
    jobid: 6
    wildcards: sample=CL0038_T2D_E

[Wed Dec 19 08:59:17 2018]
Finished job 6.
1 of 5 steps (20%) done

[Wed Dec 19 08:59:17 2018]
rule run_pretty_vcf:
    input: /data/GuhaData/LAT/strelka_raw_vcf/CL0038_T1D_E/passed.somatic.snvs_indels_snpEff_on_exome_combined.txt
    output: /data/browna6/evolution/pwgs/phyloinputs/egfr_exome/CL0038_T1D_E.passed.somatic.snvs_indels_snpEff_on_exome_combined.vcf
    jobid: 1
    wildcards: sample=CL0038_T1D_E

[Wed Dec 19 08:59:18 2018]
Finished job 1.
2 of 5 steps (40%) done

[Wed Dec 19 08:59:18 2018]
rule run_pretty_vcf:
    input: /data/GuhaData/LAT/strelka_raw_vcf/CL0038_T3D_E/passed.somatic.snvs_indels_snpEff_on_exome_combined.txt
    output: /data/browna6/evolution/pwgs/phyloinputs/egfr_exome/CL0038_T3D_E.passed.somatic.snvs_indels_snpEff_on_exome_combined.vcf
    jobid: 3
    wildcards: sample=CL0038_T3D_E

[Wed Dec 19 08:59:19 2018]
Finished job 3.
3 of 5 steps (60%) done

[Wed Dec 19 08:59:19 2018]
rule run_pretty_vcf:
    input: /data/GuhaData/LAT/strelka_raw_vcf/CL0039_T1D_E/passed.somatic.snvs_indels_snpEff_on_exome_combined.txt
    output: /data/browna6/evolution/pwgs/phyloinputs/egfr_exome/CL0039_T1D_E.passed.somatic.snvs_indels_snpEff_on_exome_combined.vcf
    jobid: 5
    wildcards: sample=CL0039_T1D_E

[Wed Dec 19 08:59:20 2018]
Finished job 5.
4 of 5 steps (80%) done

[Wed Dec 19 08:59:20 2018]
localrule produce_phylo_input:
    input: /data/browna6/evolution/pwgs/phyloinputs/egfr_exome/CL0038_T1D_E.passed.somatic.snvs_indels_snpEff_on_exome_combined.vcf, /data/browna6/evolution/pwgs/phyloinputs/egfr_exome/CL0038_T2D_E.passed.somatic.snvs_indels_snpEff_on_exome_combined.vcf, /data/browna6/evolution/pwgs/phyloinputs/egfr_exome/CL0038_T3D_E.passed.somatic.snvs_indels_snpEff_on_exome_combined.vcf, /data/browna6/evolution/pwgs/phyloinputs/egfr_exome/CL0039_T1D_E.passed.somatic.snvs_indels_snpEff_on_exome_combined.vcf, /data/browna6/evolution/pwgs/phyloinputs/egfr_exome/CL0040_T1D_E.passed.somatic.snvs_indels_snpEff_on_exome_combined.vcf, /data/browna6/evolution/pwgs/phyloinputs/egfr_exome/CL0040_T3D_E.passed.somatic.snvs_indels_snpEff_on_exome_combined.vcf
    jobid: 0

[Wed Dec 19 08:59:20 2018]
Finished job 0.
5 of 5 steps (100%) done
Complete log: /spin1/users/browna6/pwgs_snakemake/.snakemake/log/2018-12-19T085916.108605.snakemake.log
