Multiple include of /spin1/users/browna6/pwgs_snakemake/helpers.py ignored
Multiple include of /spin1/users/browna6/pwgs_snakemake/helpers.py ignored
Building DAG of jobs...
Using shell: /usr/bin/bash
Provided cores: 1
Rules claiming more threads will be scaled down.
Job counts:
	count	jobs
	1	all
	4	run_final_parser
	5

[Mon Jan  7 17:28:29 2019]
rule run_final_parser:
    input: /data/browna6/evolution/pwgs/phyloinputs/egfr_exome/CL0040/CL0040_T3D_E.cnvs.txt, /data/browna6/evolution/pwgs/phyloinputs/egfr_exome/CL0040/CL0040_T3D_E.ssm.txt, /data/browna6/evolution/pwgs/pwgs_output/witness/data/CL0040/CL0040_T3D_E.summ.json, /data/browna6/evolution/pwgs/pwgs_output/witness/data/CL0040/CL0040_T3D_E.mutass.zip
    output: /data/browna6/evolution/pwgs/phyloresults_parsed/CL0040/CL0040_T3D_E/tree_likelihoods.txt
    jobid: 8
    wildcards: patient=CL0040, sample=CL0040_T3D_E

[Mon Jan  7 17:28:34 2019]
Finished job 8.
1 of 5 steps (20%) done

[Mon Jan  7 17:28:34 2019]
rule run_final_parser:
    input: /data/browna6/evolution/pwgs/phyloinputs/egfr_exome/CL0084/CL0084_T1D_E2.cnvs.txt, /data/browna6/evolution/pwgs/phyloinputs/egfr_exome/CL0084/CL0084_T1D_E2.ssm.txt, /data/browna6/evolution/pwgs/pwgs_output/witness/data/CL0084/CL0084_T1D_E2.summ.json, /data/browna6/evolution/pwgs/pwgs_output/witness/data/CL0084/CL0084_T1D_E2.mutass.zip
    output: /data/browna6/evolution/pwgs/phyloresults_parsed/CL0084/CL0084_T1D_E2/tree_likelihoods.txt
    jobid: 4
    wildcards: patient=CL0084, sample=CL0084_T1D_E2

[Mon Jan  7 17:28:37 2019]
Finished job 4.
2 of 5 steps (40%) done

[Mon Jan  7 17:28:37 2019]
rule run_final_parser:
    input: /data/browna6/evolution/pwgs/phyloinputs/egfr_exome/CL0040/CL0040_T1D_E.cnvs.txt, /data/browna6/evolution/pwgs/phyloinputs/egfr_exome/CL0040/CL0040_T1D_E.ssm.txt, /data/browna6/evolution/pwgs/pwgs_output/witness/data/CL0040/CL0040_T1D_E.summ.json, /data/browna6/evolution/pwgs/pwgs_output/witness/data/CL0040/CL0040_T1D_E.mutass.zip
    output: /data/browna6/evolution/pwgs/phyloresults_parsed/CL0040/CL0040_T1D_E/tree_likelihoods.txt
    jobid: 9
    wildcards: patient=CL0040, sample=CL0040_T1D_E

[Mon Jan  7 17:28:40 2019]
Finished job 9.
3 of 5 steps (60%) done

[Mon Jan  7 17:28:40 2019]
rule run_final_parser:
    input: /data/browna6/evolution/pwgs/phyloinputs/egfr_exome/CL0084/CL0084_T2D_E.cnvs.txt, /data/browna6/evolution/pwgs/phyloinputs/egfr_exome/CL0084/CL0084_T2D_E.ssm.txt, /data/browna6/evolution/pwgs/pwgs_output/witness/data/CL0084/CL0084_T2D_E.summ.json, /data/browna6/evolution/pwgs/pwgs_output/witness/data/CL0084/CL0084_T2D_E.mutass.zip
    output: /data/browna6/evolution/pwgs/phyloresults_parsed/CL0084/CL0084_T2D_E/tree_likelihoods.txt
    jobid: 6
    wildcards: patient=CL0084, sample=CL0084_T2D_E

[Mon Jan  7 17:28:42 2019]
Finished job 6.
4 of 5 steps (80%) done

[Mon Jan  7 17:28:42 2019]
localrule all:
    input: /data/browna6/evolution/pwgs/phyloresults_parsed/CL0038/CL0038_T1D_E/tree_likelihoods.txt, /data/browna6/evolution/pwgs/phyloresults_parsed/CL0038/CL0038_T2D_E/tree_likelihoods.txt, /data/browna6/evolution/pwgs/phyloresults_parsed/CL0038/CL0038_T3D_E/tree_likelihoods.txt, /data/browna6/evolution/pwgs/phyloresults_parsed/CL0039/CL0039_T1D_E/tree_likelihoods.txt, /data/browna6/evolution/pwgs/phyloresults_parsed/CL0040/CL0040_T1D_E/tree_likelihoods.txt, /data/browna6/evolution/pwgs/phyloresults_parsed/CL0040/CL0040_T3D_E/tree_likelihoods.txt, /data/browna6/evolution/pwgs/phyloresults_parsed/CL0083/CL0083_T1D_E/tree_likelihoods.txt, /data/browna6/evolution/pwgs/phyloresults_parsed/CL0084/CL0084_T1D_E2/tree_likelihoods.txt, /data/browna6/evolution/pwgs/phyloresults_parsed/CL0084/CL0084_T2D_E/tree_likelihoods.txt
    jobid: 0

[Mon Jan  7 17:28:42 2019]
Finished job 0.
5 of 5 steps (100%) done
Complete log: /spin1/users/browna6/pwgs_snakemake/.snakemake/log/2019-01-07T172828.140516.snakemake.log
