Multiple include of /spin1/users/browna6/pwgs_snakemake/helpers.py ignored
Multiple include of /spin1/users/browna6/pwgs_snakemake/helpers.py ignored
Multiple include of /spin1/users/browna6/pwgs_snakemake/helpers.py ignored
Building DAG of jobs...
Using shell: /usr/bin/bash
Provided cluster nodes: 10
Job counts:
	count	jobs
	1	all
	2	move_and_unzip_files
	2	phylo_input_parsing
	4	run_cnv_parsing
	2	run_final_parser_ms
	2	submit_pwgs
	2	write_results
	15

[Mon Mar 11 13:43:08 2019]
rule run_cnv_parsing:
    input: /data/browna6/evolution/facets/egfr_exome/fitted/CL0038_T2D_E.snppile.csv.gz_fitted.csv
    output: /data/browna6/evolution/pwgs/phyloinputs/egfr_editedCopy2/CL0038_2/CL0038_T2D_E_cnvInput.txt
    jobid: 20
    reason: Missing output files: /data/browna6/evolution/pwgs/phyloinputs/egfr_editedCopy2/CL0038_2/CL0038_T2D_E_cnvInput.txt
    wildcards: patient=CL0038_2, sample=CL0038_T2D_E

Submitted job 20 with external jobid '22141737'.

[Mon Mar 11 13:43:10 2019]
rule run_cnv_parsing:
    input: /data/browna6/evolution/facets/egfr_exome/fitted/CL0038_T3D_E.snppile.csv.gz_fitted.csv
    output: /data/browna6/evolution/pwgs/phyloinputs/egfr_editedCopy2/CL0038_2/CL0038_T3D_E_cnvInput.txt
    jobid: 19
    reason: Missing output files: /data/browna6/evolution/pwgs/phyloinputs/egfr_editedCopy2/CL0038_2/CL0038_T3D_E_cnvInput.txt
    wildcards: patient=CL0038_2, sample=CL0038_T3D_E

Submitted job 19 with external jobid '22141739'.

[Mon Mar 11 13:43:11 2019]
rule run_cnv_parsing:
    input: /data/browna6/evolution/facets/egfr_exome/fitted/CL0038_T1D_E.snppile.csv.gz_fitted.csv
    output: /data/browna6/evolution/pwgs/phyloinputs/egfr_editedCopy2/CL0038_1/CL0038_T1D_E_cnvInput.txt
    jobid: 15
    reason: Missing output files: /data/browna6/evolution/pwgs/phyloinputs/egfr_editedCopy2/CL0038_1/CL0038_T1D_E_cnvInput.txt
    wildcards: patient=CL0038_1, sample=CL0038_T1D_E

Submitted job 15 with external jobid '22141741'.

[Mon Mar 11 13:43:12 2019]
rule run_cnv_parsing:
    input: /data/browna6/evolution/facets/egfr_exome/fitted/CL0038_T3D_E.snppile.csv.gz_fitted.csv
    output: /data/browna6/evolution/pwgs/phyloinputs/egfr_editedCopy2/CL0038_1/CL0038_T3D_E_cnvInput.txt
    jobid: 16
    reason: Missing output files: /data/browna6/evolution/pwgs/phyloinputs/egfr_editedCopy2/CL0038_1/CL0038_T3D_E_cnvInput.txt
    wildcards: patient=CL0038_1, sample=CL0038_T3D_E

Submitted job 16 with external jobid '22141742'.
Waiting at most 120 seconds for missing files.
[Mon Mar 11 13:43:38 2019]
Finished job 19.
1 of 15 steps (7%) done
[Mon Mar 11 13:43:39 2019]
Finished job 15.
2 of 15 steps (13%) done
[Mon Mar 11 13:43:39 2019]
Finished job 16.
3 of 15 steps (20%) done

[Mon Mar 11 13:43:39 2019]
rule phylo_input_parsing:
    input: /data/browna6/evolution/pwgs/phyloinputs/egfr_editedCopy2/CL0038_T1D_E.passed.somatic.snvs_indels_snpEff_on_exome_combined.vcf, /data/browna6/evolution/pwgs/phyloinputs/egfr_editedCopy2/CL0038_T3D_E.passed.somatic.snvs_indels_snpEff_on_exome_combined.vcf, /data/browna6/evolution/pwgs/phyloinputs/egfr_editedCopy2/CL0038_1/CL0038_T1D_E_cnvInput.txt, /data/browna6/evolution/pwgs/phyloinputs/egfr_editedCopy2/CL0038_1/CL0038_T3D_E_cnvInput.txt
    output: /data/browna6/evolution/pwgs/phyloinputs/egfr_editedCopy2/CL0038_1/CL0038_1.params.json, /data/browna6/evolution/pwgs/phyloinputs/egfr_editedCopy2/CL0038_1/CL0038_1.cnvs.txt, /data/browna6/evolution/pwgs/phyloinputs/egfr_editedCopy2/CL0038_1/CL0038_1.ssm.txt
    jobid: 5
    reason: Missing output files: /data/browna6/evolution/pwgs/phyloinputs/egfr_editedCopy2/CL0038_1/CL0038_1.ssm.txt, /data/browna6/evolution/pwgs/phyloinputs/egfr_editedCopy2/CL0038_1/CL0038_1.cnvs.txt, /data/browna6/evolution/pwgs/phyloinputs/egfr_editedCopy2/CL0038_1/CL0038_1.params.json; Input files updated by another job: /data/browna6/evolution/pwgs/phyloinputs/egfr_editedCopy2/CL0038_1/CL0038_T3D_E_cnvInput.txt, /data/browna6/evolution/pwgs/phyloinputs/egfr_editedCopy2/CL0038_1/CL0038_T1D_E_cnvInput.txt
    wildcards: patient=CL0038_1

python2 /data/browna6/pwgs_snakemake/create_phylowgs_inputs.py --regions all --cnvs CL0038_T1D_E=/data/browna6/evolution/pwgs/phyloinputs/egfr_editedCopy2/CL0038_1/CL0038_T1D_E_cnvInput.txt --cnvs CL0038_T3D_E=/data/browna6/evolution/pwgs/phyloinputs/egfr_editedCopy2/CL0038_1/CL0038_T3D_E_cnvInput.txt --output-cnvs /data/browna6/evolution/pwgs/phyloinputs/egfr_editedCopy2/CL0038_1/CL0038_1.cnvs.txt --output-variants /data/browna6/evolution/pwgs/phyloinputs/egfr_editedCopy2/CL0038_1/CL0038_1.ssm.txt --output-params /data/browna6/evolution/pwgs/phyloinputs/egfr_editedCopy2/CL0038_1/CL0038_1.params.json --vcf-type CL0038_T1D_E=strelka_indelcombined --vcf-type CL0038_T3D_E=strelka_indelcombined CL0038_T1D_E=/data/browna6/evolution/pwgs/phyloinputs/egfr_editedCopy2/CL0038_T1D_E.passed.somatic.snvs_indels_snpEff_on_exome_combined.vcf CL0038_T3D_E=/data/browna6/evolution/pwgs/phyloinputs/egfr_editedCopy2/CL0038_T3D_E.passed.somatic.snvs_indels_snpEff_on_exome_combined.vcf
Submitted job 5 with external jobid '22141759'.
[Mon Mar 11 13:43:49 2019]
Finished job 20.
4 of 15 steps (27%) done

[Mon Mar 11 13:43:49 2019]
rule phylo_input_parsing:
    input: /data/browna6/evolution/pwgs/phyloinputs/egfr_editedCopy2/CL0038_T3D_E.passed.somatic.snvs_indels_snpEff_on_exome_combined.vcf, /data/browna6/evolution/pwgs/phyloinputs/egfr_editedCopy2/CL0038_T2D_E.passed.somatic.snvs_indels_snpEff_on_exome_combined.vcf, /data/browna6/evolution/pwgs/phyloinputs/egfr_editedCopy2/CL0038_2/CL0038_T3D_E_cnvInput.txt, /data/browna6/evolution/pwgs/phyloinputs/egfr_editedCopy2/CL0038_2/CL0038_T2D_E_cnvInput.txt
    output: /data/browna6/evolution/pwgs/phyloinputs/egfr_editedCopy2/CL0038_2/CL0038_2.params.json, /data/browna6/evolution/pwgs/phyloinputs/egfr_editedCopy2/CL0038_2/CL0038_2.cnvs.txt, /data/browna6/evolution/pwgs/phyloinputs/egfr_editedCopy2/CL0038_2/CL0038_2.ssm.txt
    jobid: 7
    reason: Missing output files: /data/browna6/evolution/pwgs/phyloinputs/egfr_editedCopy2/CL0038_2/CL0038_2.ssm.txt, /data/browna6/evolution/pwgs/phyloinputs/egfr_editedCopy2/CL0038_2/CL0038_2.params.json, /data/browna6/evolution/pwgs/phyloinputs/egfr_editedCopy2/CL0038_2/CL0038_2.cnvs.txt; Input files updated by another job: /data/browna6/evolution/pwgs/phyloinputs/egfr_editedCopy2/CL0038_2/CL0038_T2D_E_cnvInput.txt, /data/browna6/evolution/pwgs/phyloinputs/egfr_editedCopy2/CL0038_2/CL0038_T3D_E_cnvInput.txt
    wildcards: patient=CL0038_2

python2 /data/browna6/pwgs_snakemake/create_phylowgs_inputs.py --regions all --cnvs CL0038_T3D_E=/data/browna6/evolution/pwgs/phyloinputs/egfr_editedCopy2/CL0038_2/CL0038_T3D_E_cnvInput.txt --cnvs CL0038_T2D_E=/data/browna6/evolution/pwgs/phyloinputs/egfr_editedCopy2/CL0038_2/CL0038_T2D_E_cnvInput.txt --output-cnvs /data/browna6/evolution/pwgs/phyloinputs/egfr_editedCopy2/CL0038_2/CL0038_2.cnvs.txt --output-variants /data/browna6/evolution/pwgs/phyloinputs/egfr_editedCopy2/CL0038_2/CL0038_2.ssm.txt --output-params /data/browna6/evolution/pwgs/phyloinputs/egfr_editedCopy2/CL0038_2/CL0038_2.params.json --vcf-type CL0038_T3D_E=strelka_indelcombined --vcf-type CL0038_T2D_E=strelka_indelcombined CL0038_T3D_E=/data/browna6/evolution/pwgs/phyloinputs/egfr_editedCopy2/CL0038_T3D_E.passed.somatic.snvs_indels_snpEff_on_exome_combined.vcf CL0038_T2D_E=/data/browna6/evolution/pwgs/phyloinputs/egfr_editedCopy2/CL0038_T2D_E.passed.somatic.snvs_indels_snpEff_on_exome_combined.vcf
Submitted job 7 with external jobid '22141761'.
[Mon Mar 11 13:44:19 2019]
Finished job 5.
5 of 15 steps (33%) done

[Mon Mar 11 13:44:19 2019]
rule submit_pwgs:
    input: /data/browna6/evolution/pwgs/phyloinputs/egfr_editedCopy2/CL0038_1/CL0038_1.params.json, /data/browna6/evolution/pwgs/phyloinputs/egfr_editedCopy2/CL0038_1/CL0038_1.cnvs.txt, /data/browna6/evolution/pwgs/phyloinputs/egfr_editedCopy2/CL0038_1/CL0038_1.ssm.txt
    output: /data/browna6/evolution/pwgs/pwgs_output/egfr_editedCopy2/CL0038_1/CL0038_1/trees.zip
    jobid: 31
    reason: Missing output files: /data/browna6/evolution/pwgs/pwgs_output/egfr_editedCopy2/CL0038_1/CL0038_1/trees.zip; Input files updated by another job: /data/browna6/evolution/pwgs/phyloinputs/egfr_editedCopy2/CL0038_1/CL0038_1.ssm.txt, /data/browna6/evolution/pwgs/phyloinputs/egfr_editedCopy2/CL0038_1/CL0038_1.cnvs.txt, /data/browna6/evolution/pwgs/phyloinputs/egfr_editedCopy2/CL0038_1/CL0038_1.params.json
    wildcards: patient=CL0038_1, sample=CL0038_1
    threads: 5

python2 /home/browna6/phylowgs/multievolve.py -O /data/browna6/evolution/pwgs/pwgs_output/egfr_editedCopy2/CL0038_1/CL0038_1 -r 413 473 750 355 966 --num-chains 5 --ssms /data/browna6/evolution/pwgs/phyloinputs/egfr_editedCopy2/CL0038_1/CL0038_1.ssm.txt --cnvs /data/browna6/evolution/pwgs/phyloinputs/egfr_editedCopy2/CL0038_1/CL0038_1.cnvs.txt --params /data/browna6/evolution/pwgs/phyloinputs/egfr_editedCopy2/CL0038_1/CL0038_1.params.json
[Mon Mar 11 13:44:19 2019]
Finished job 7.
6 of 15 steps (40%) done
Submitted job 31 with external jobid '22141774'.

[Mon Mar 11 13:44:22 2019]
rule submit_pwgs:
    input: /data/browna6/evolution/pwgs/phyloinputs/egfr_editedCopy2/CL0038_2/CL0038_2.params.json, /data/browna6/evolution/pwgs/phyloinputs/egfr_editedCopy2/CL0038_2/CL0038_2.cnvs.txt, /data/browna6/evolution/pwgs/phyloinputs/egfr_editedCopy2/CL0038_2/CL0038_2.ssm.txt
    output: /data/browna6/evolution/pwgs/pwgs_output/egfr_editedCopy2/CL0038_2/CL0038_2/trees.zip
    jobid: 32
    reason: Missing output files: /data/browna6/evolution/pwgs/pwgs_output/egfr_editedCopy2/CL0038_2/CL0038_2/trees.zip; Input files updated by another job: /data/browna6/evolution/pwgs/phyloinputs/egfr_editedCopy2/CL0038_2/CL0038_2.ssm.txt, /data/browna6/evolution/pwgs/phyloinputs/egfr_editedCopy2/CL0038_2/CL0038_2.params.json, /data/browna6/evolution/pwgs/phyloinputs/egfr_editedCopy2/CL0038_2/CL0038_2.cnvs.txt
    wildcards: patient=CL0038_2, sample=CL0038_2
    threads: 5

python2 /home/browna6/phylowgs/multievolve.py -O /data/browna6/evolution/pwgs/pwgs_output/egfr_editedCopy2/CL0038_2/CL0038_2 -r 413 473 750 355 966 --num-chains 5 --ssms /data/browna6/evolution/pwgs/phyloinputs/egfr_editedCopy2/CL0038_2/CL0038_2.ssm.txt --cnvs /data/browna6/evolution/pwgs/phyloinputs/egfr_editedCopy2/CL0038_2/CL0038_2.cnvs.txt --params /data/browna6/evolution/pwgs/phyloinputs/egfr_editedCopy2/CL0038_2/CL0038_2.params.json
Submitted job 32 with external jobid '22141776'.
