Building DAG of jobs...
Using shell: /usr/bin/bash
Provided cluster nodes: 10
Job counts:
	count	jobs
	1	all
	1	submit_pwgs
	6	write_pwgs_results
	8

[Fri Jan  4 15:07:39 2019]
rule write_pwgs_results:
    input: /data/browna6/evolution/pwgs/pwgs_output/egfr_exome_bysample/CL0040/CL0040_T1D_E/trees.zip
    output: /data/browna6/evolution/pwgs/pwgs_output/egfr_exome_bysample/CL0040/CL0040_T1D_E/mutass.zip, /data/browna6/evolution/pwgs/pwgs_output/egfr_exome_bysample/CL0040/CL0040_T1D_E/muts.json.gz, /data/browna6/evolution/pwgs/pwgs_output/egfr_exome_bysample/CL0040/CL0040_T1D_E/summ.json.gz
    jobid: 5
    reason: Missing output files: /data/browna6/evolution/pwgs/pwgs_output/egfr_exome_bysample/CL0040/CL0040_T1D_E/muts.json.gz, /data/browna6/evolution/pwgs/pwgs_output/egfr_exome_bysample/CL0040/CL0040_T1D_E/mutass.zip, /data/browna6/evolution/pwgs/pwgs_output/egfr_exome_bysample/CL0040/CL0040_T1D_E/summ.json.gz
    wildcards: patient=CL0040, sample=CL0040_T1D_E

python2 /home/browna6/phylowgs/write_results.py CL0040_T1D_E /data/browna6/evolution/pwgs/pwgs_output/egfr_exome_bysample/CL0040/CL0040_T1D_E/trees.zip /data/browna6/evolution/pwgs/pwgs_output/egfr_exome_bysample/CL0040/CL0040_T1D_E/summ.json.gz /data/browna6/evolution/pwgs/pwgs_output/egfr_exome_bysample/CL0040/CL0040_T1D_E/muts.json.gz /data/browna6/evolution/pwgs/pwgs_output/egfr_exome_bysample/CL0040/CL0040_T1D_E/mutass.zip
Submitted job 5 with external jobid '17129806'.

[Fri Jan  4 15:07:40 2019]
rule write_pwgs_results:
    input: /data/browna6/evolution/pwgs/pwgs_output/egfr_exome_bysample/CL0038/CL0038_T1D_E/trees.zip
    output: /data/browna6/evolution/pwgs/pwgs_output/egfr_exome_bysample/CL0038/CL0038_T1D_E/mutass.zip, /data/browna6/evolution/pwgs/pwgs_output/egfr_exome_bysample/CL0038/CL0038_T1D_E/muts.json.gz, /data/browna6/evolution/pwgs/pwgs_output/egfr_exome_bysample/CL0038/CL0038_T1D_E/summ.json.gz
    jobid: 1
    reason: Missing output files: /data/browna6/evolution/pwgs/pwgs_output/egfr_exome_bysample/CL0038/CL0038_T1D_E/mutass.zip, /data/browna6/evolution/pwgs/pwgs_output/egfr_exome_bysample/CL0038/CL0038_T1D_E/summ.json.gz, /data/browna6/evolution/pwgs/pwgs_output/egfr_exome_bysample/CL0038/CL0038_T1D_E/muts.json.gz
    wildcards: patient=CL0038, sample=CL0038_T1D_E

python2 /home/browna6/phylowgs/write_results.py CL0038_T1D_E /data/browna6/evolution/pwgs/pwgs_output/egfr_exome_bysample/CL0038/CL0038_T1D_E/trees.zip /data/browna6/evolution/pwgs/pwgs_output/egfr_exome_bysample/CL0038/CL0038_T1D_E/summ.json.gz /data/browna6/evolution/pwgs/pwgs_output/egfr_exome_bysample/CL0038/CL0038_T1D_E/muts.json.gz /data/browna6/evolution/pwgs/pwgs_output/egfr_exome_bysample/CL0038/CL0038_T1D_E/mutass.zip
Submitted job 1 with external jobid '17129807'.

[Fri Jan  4 15:07:41 2019]
rule write_pwgs_results:
    input: /data/browna6/evolution/pwgs/pwgs_output/egfr_exome_bysample/CL0038/CL0038_T2D_E/trees.zip
    output: /data/browna6/evolution/pwgs/pwgs_output/egfr_exome_bysample/CL0038/CL0038_T2D_E/mutass.zip, /data/browna6/evolution/pwgs/pwgs_output/egfr_exome_bysample/CL0038/CL0038_T2D_E/muts.json.gz, /data/browna6/evolution/pwgs/pwgs_output/egfr_exome_bysample/CL0038/CL0038_T2D_E/summ.json.gz
    jobid: 2
    reason: Missing output files: /data/browna6/evolution/pwgs/pwgs_output/egfr_exome_bysample/CL0038/CL0038_T2D_E/summ.json.gz, /data/browna6/evolution/pwgs/pwgs_output/egfr_exome_bysample/CL0038/CL0038_T2D_E/mutass.zip, /data/browna6/evolution/pwgs/pwgs_output/egfr_exome_bysample/CL0038/CL0038_T2D_E/muts.json.gz
    wildcards: patient=CL0038, sample=CL0038_T2D_E

python2 /home/browna6/phylowgs/write_results.py CL0038_T2D_E /data/browna6/evolution/pwgs/pwgs_output/egfr_exome_bysample/CL0038/CL0038_T2D_E/trees.zip /data/browna6/evolution/pwgs/pwgs_output/egfr_exome_bysample/CL0038/CL0038_T2D_E/summ.json.gz /data/browna6/evolution/pwgs/pwgs_output/egfr_exome_bysample/CL0038/CL0038_T2D_E/muts.json.gz /data/browna6/evolution/pwgs/pwgs_output/egfr_exome_bysample/CL0038/CL0038_T2D_E/mutass.zip
Submitted job 2 with external jobid '17129809'.

[Fri Jan  4 15:07:43 2019]
rule submit_pwgs:
    input: /data/browna6/evolution/pwgs/phyloinputs/egfr_exome/CL0039/CL0039_T1D_E.params.json, /data/browna6/evolution/pwgs/phyloinputs/egfr_exome/CL0039/CL0039_T1D_E.cnvs.txt, /data/browna6/evolution/pwgs/phyloinputs/egfr_exome/CL0039/CL0039_T1D_E.ssm.txt
    output: /data/browna6/evolution/pwgs/pwgs_output/egfr_exome_bysample/CL0039/CL0039_T1D_E/trees.zip
    jobid: 9
    reason: Missing output files: /data/browna6/evolution/pwgs/pwgs_output/egfr_exome_bysample/CL0039/CL0039_T1D_E/trees.zip
    wildcards: patient=CL0039, sample=CL0039_T1D_E
    threads: 4

python2 /home/browna6/phylowgs/multievolve.py -O /data/browna6/evolution/pwgs/pwgs_output/egfr_exome_bysample/CL0039/CL0039_T1D_E -r 20294 20295 20296 20297 --num-chains 4 --ssms /data/browna6/evolution/pwgs/phyloinputs/egfr_exome/CL0039/CL0039_T1D_E.ssm.txt --cnvs /data/browna6/evolution/pwgs/phyloinputs/egfr_exome/CL0039/CL0039_T1D_E.cnvs.txt --params /data/browna6/evolution/pwgs/phyloinputs/egfr_exome/CL0039/CL0039_T1D_E.params.json
Submitted job 9 with external jobid '17129810'.

[Fri Jan  4 15:07:44 2019]
rule write_pwgs_results:
    input: /data/browna6/evolution/pwgs/pwgs_output/egfr_exome_bysample/CL0040/CL0040_T3D_E/trees.zip
    output: /data/browna6/evolution/pwgs/pwgs_output/egfr_exome_bysample/CL0040/CL0040_T3D_E/mutass.zip, /data/browna6/evolution/pwgs/pwgs_output/egfr_exome_bysample/CL0040/CL0040_T3D_E/muts.json.gz, /data/browna6/evolution/pwgs/pwgs_output/egfr_exome_bysample/CL0040/CL0040_T3D_E/summ.json.gz
    jobid: 4
    reason: Missing output files: /data/browna6/evolution/pwgs/pwgs_output/egfr_exome_bysample/CL0040/CL0040_T3D_E/summ.json.gz, /data/browna6/evolution/pwgs/pwgs_output/egfr_exome_bysample/CL0040/CL0040_T3D_E/muts.json.gz, /data/browna6/evolution/pwgs/pwgs_output/egfr_exome_bysample/CL0040/CL0040_T3D_E/mutass.zip
    wildcards: patient=CL0040, sample=CL0040_T3D_E

python2 /home/browna6/phylowgs/write_results.py CL0040_T3D_E /data/browna6/evolution/pwgs/pwgs_output/egfr_exome_bysample/CL0040/CL0040_T3D_E/trees.zip /data/browna6/evolution/pwgs/pwgs_output/egfr_exome_bysample/CL0040/CL0040_T3D_E/summ.json.gz /data/browna6/evolution/pwgs/pwgs_output/egfr_exome_bysample/CL0040/CL0040_T3D_E/muts.json.gz /data/browna6/evolution/pwgs/pwgs_output/egfr_exome_bysample/CL0040/CL0040_T3D_E/mutass.zip
Submitted job 4 with external jobid '17129811'.

[Fri Jan  4 15:07:46 2019]
rule write_pwgs_results:
    input: /data/browna6/evolution/pwgs/pwgs_output/egfr_exome_bysample/CL0038/CL0038_T3D_E/trees.zip
    output: /data/browna6/evolution/pwgs/pwgs_output/egfr_exome_bysample/CL0038/CL0038_T3D_E/mutass.zip, /data/browna6/evolution/pwgs/pwgs_output/egfr_exome_bysample/CL0038/CL0038_T3D_E/muts.json.gz, /data/browna6/evolution/pwgs/pwgs_output/egfr_exome_bysample/CL0038/CL0038_T3D_E/summ.json.gz
    jobid: 6
    reason: Missing output files: /data/browna6/evolution/pwgs/pwgs_output/egfr_exome_bysample/CL0038/CL0038_T3D_E/mutass.zip, /data/browna6/evolution/pwgs/pwgs_output/egfr_exome_bysample/CL0038/CL0038_T3D_E/summ.json.gz, /data/browna6/evolution/pwgs/pwgs_output/egfr_exome_bysample/CL0038/CL0038_T3D_E/muts.json.gz
    wildcards: patient=CL0038, sample=CL0038_T3D_E

python2 /home/browna6/phylowgs/write_results.py CL0038_T3D_E /data/browna6/evolution/pwgs/pwgs_output/egfr_exome_bysample/CL0038/CL0038_T3D_E/trees.zip /data/browna6/evolution/pwgs/pwgs_output/egfr_exome_bysample/CL0038/CL0038_T3D_E/summ.json.gz /data/browna6/evolution/pwgs/pwgs_output/egfr_exome_bysample/CL0038/CL0038_T3D_E/muts.json.gz /data/browna6/evolution/pwgs/pwgs_output/egfr_exome_bysample/CL0038/CL0038_T3D_E/mutass.zip
Submitted job 6 with external jobid '17129812'.
[Fri Jan  4 15:08:09 2019]
Error in rule submit_pwgs:
    jobid: 9
    output: /data/browna6/evolution/pwgs/pwgs_output/egfr_exome_bysample/CL0039/CL0039_T1D_E/trees.zip
    cluster_jobid: 17129810

Job failed, going on with independent jobs.
[Fri Jan  4 15:08:19 2019]
Finished job 5.
1 of 8 steps (12%) done
[Fri Jan  4 15:09:59 2019]
Finished job 4.
2 of 8 steps (25%) done
[Fri Jan  4 15:09:59 2019]
Finished job 6.
3 of 8 steps (38%) done
[Fri Jan  4 15:10:29 2019]
Finished job 1.
4 of 8 steps (50%) done
[Fri Jan  4 15:10:39 2019]
Finished job 2.
5 of 8 steps (62%) done
Exiting because a job execution failed. Look above for error message
Complete log: /spin1/users/browna6/pwgs_snakemake/.snakemake/log/2019-01-04T150737.486652.snakemake.log
