Building DAG of jobs...
Using shell: /usr/bin/bash
Provided cores: 1
Rules claiming more threads will be scaled down.
Job counts:
	count	jobs
	1	all
	4	move_and_unzip_files
	5

[Thu Mar 14 05:38:54 2019]
rule move_and_unzip_files:
    input: /data/browna6/evolution/pwgs/pwgs_output/egfr_editedCopy2/NCI0395_1/NCI0395_1/NCI0395_1.mutass.zip, /data/browna6/evolution/pwgs/pwgs_output/egfr_editedCopy2/NCI0395_1/NCI0395_1/NCI0395_1.muts.json.gz, /data/browna6/evolution/pwgs/pwgs_output/egfr_editedCopy2/NCI0395_1/NCI0395_1/NCI0395_1.summ.json.gz
    output: /data/browna6/evolution/pwgs/pwgs_output/witness/data_editedCopy2/NCI0395_1/NCI0395_1.mutass.zip, /data/browna6/evolution/pwgs/pwgs_output/witness/data_editedCopy2/NCI0395_1/NCI0395_1.muts.json, /data/browna6/evolution/pwgs/pwgs_output/witness/data_editedCopy2/NCI0395_1/NCI0395_1.summ.json
    jobid: 3
    wildcards: patient=NCI0395_1, sample=NCI0395_1

[Thu Mar 14 05:38:55 2019]
Finished job 3.
1 of 5 steps (20%) done

[Thu Mar 14 05:38:55 2019]
rule move_and_unzip_files:
    input: /data/browna6/evolution/pwgs/pwgs_output/egfr_editedCopy2/CL0038_1/CL0038_1/CL0038_1.mutass.zip, /data/browna6/evolution/pwgs/pwgs_output/egfr_editedCopy2/CL0038_1/CL0038_1/CL0038_1.muts.json.gz, /data/browna6/evolution/pwgs/pwgs_output/egfr_editedCopy2/CL0038_1/CL0038_1/CL0038_1.summ.json.gz
    output: /data/browna6/evolution/pwgs/pwgs_output/witness/data_editedCopy2/CL0038_1/CL0038_1.mutass.zip, /data/browna6/evolution/pwgs/pwgs_output/witness/data_editedCopy2/CL0038_1/CL0038_1.muts.json, /data/browna6/evolution/pwgs/pwgs_output/witness/data_editedCopy2/CL0038_1/CL0038_1.summ.json
    jobid: 1
    wildcards: patient=CL0038_1, sample=CL0038_1

[Thu Mar 14 05:38:57 2019]
Finished job 1.
2 of 5 steps (40%) done

[Thu Mar 14 05:38:57 2019]
rule move_and_unzip_files:
    input: /data/browna6/evolution/pwgs/pwgs_output/egfr_editedCopy2/CL0038_2/CL0038_2/CL0038_2.mutass.zip, /data/browna6/evolution/pwgs/pwgs_output/egfr_editedCopy2/CL0038_2/CL0038_2/CL0038_2.muts.json.gz, /data/browna6/evolution/pwgs/pwgs_output/egfr_editedCopy2/CL0038_2/CL0038_2/CL0038_2.summ.json.gz
    output: /data/browna6/evolution/pwgs/pwgs_output/witness/data_editedCopy2/CL0038_2/CL0038_2.mutass.zip, /data/browna6/evolution/pwgs/pwgs_output/witness/data_editedCopy2/CL0038_2/CL0038_2.muts.json, /data/browna6/evolution/pwgs/pwgs_output/witness/data_editedCopy2/CL0038_2/CL0038_2.summ.json
    jobid: 2
    wildcards: patient=CL0038_2, sample=CL0038_2

[Thu Mar 14 05:38:58 2019]
Finished job 2.
3 of 5 steps (60%) done

[Thu Mar 14 05:38:58 2019]
rule move_and_unzip_files:
    input: /data/browna6/evolution/pwgs/pwgs_output/egfr_editedCopy2/NCI0395_2/NCI0395_2/NCI0395_2.mutass.zip, /data/browna6/evolution/pwgs/pwgs_output/egfr_editedCopy2/NCI0395_2/NCI0395_2/NCI0395_2.muts.json.gz, /data/browna6/evolution/pwgs/pwgs_output/egfr_editedCopy2/NCI0395_2/NCI0395_2/NCI0395_2.summ.json.gz
    output: /data/browna6/evolution/pwgs/pwgs_output/witness/data_editedCopy2/NCI0395_2/NCI0395_2.mutass.zip, /data/browna6/evolution/pwgs/pwgs_output/witness/data_editedCopy2/NCI0395_2/NCI0395_2.muts.json, /data/browna6/evolution/pwgs/pwgs_output/witness/data_editedCopy2/NCI0395_2/NCI0395_2.summ.json
    jobid: 4
    wildcards: patient=NCI0395_2, sample=NCI0395_2

[Thu Mar 14 05:38:59 2019]
Finished job 4.
4 of 5 steps (80%) done

[Thu Mar 14 05:38:59 2019]
localrule all:
    input: /data/browna6/evolution/pwgs/pwgs_output/witness/data_editedCopy2/CL0038_1/CL0038_1.mutass.zip, /data/browna6/evolution/pwgs/pwgs_output/witness/data_editedCopy2/CL0038_1/CL0038_1.mutass.zip, /data/browna6/evolution/pwgs/pwgs_output/witness/data_editedCopy2/CL0038_2/CL0038_2.mutass.zip, /data/browna6/evolution/pwgs/pwgs_output/witness/data_editedCopy2/CL0038_2/CL0038_2.mutass.zip, /data/browna6/evolution/pwgs/pwgs_output/witness/data_editedCopy2/NCI0395_1/NCI0395_1.mutass.zip, /data/browna6/evolution/pwgs/pwgs_output/witness/data_editedCopy2/NCI0395_2/NCI0395_2.mutass.zip, /data/browna6/evolution/pwgs/pwgs_output/witness/data_editedCopy2/NCI0395_1/NCI0395_1.mutass.zip, /data/browna6/evolution/pwgs/pwgs_output/witness/data_editedCopy2/NCI0395_2/NCI0395_2.mutass.zip, /data/browna6/evolution/pwgs/pwgs_output/witness/data_editedCopy2/CL0038_1/CL0038_1.muts.json, /data/browna6/evolution/pwgs/pwgs_output/witness/data_editedCopy2/CL0038_1/CL0038_1.muts.json, /data/browna6/evolution/pwgs/pwgs_output/witness/data_editedCopy2/CL0038_2/CL0038_2.muts.json, /data/browna6/evolution/pwgs/pwgs_output/witness/data_editedCopy2/CL0038_2/CL0038_2.muts.json, /data/browna6/evolution/pwgs/pwgs_output/witness/data_editedCopy2/NCI0395_1/NCI0395_1.muts.json, /data/browna6/evolution/pwgs/pwgs_output/witness/data_editedCopy2/NCI0395_2/NCI0395_2.muts.json, /data/browna6/evolution/pwgs/pwgs_output/witness/data_editedCopy2/NCI0395_1/NCI0395_1.muts.json, /data/browna6/evolution/pwgs/pwgs_output/witness/data_editedCopy2/NCI0395_2/NCI0395_2.muts.json, /data/browna6/evolution/pwgs/pwgs_output/witness/data_editedCopy2/CL0038_1/CL0038_1.summ.json, /data/browna6/evolution/pwgs/pwgs_output/witness/data_editedCopy2/CL0038_1/CL0038_1.summ.json, /data/browna6/evolution/pwgs/pwgs_output/witness/data_editedCopy2/CL0038_2/CL0038_2.summ.json, /data/browna6/evolution/pwgs/pwgs_output/witness/data_editedCopy2/CL0038_2/CL0038_2.summ.json, /data/browna6/evolution/pwgs/pwgs_output/witness/data_editedCopy2/NCI0395_1/NCI0395_1.summ.json, /data/browna6/evolution/pwgs/pwgs_output/witness/data_editedCopy2/NCI0395_2/NCI0395_2.summ.json, /data/browna6/evolution/pwgs/pwgs_output/witness/data_editedCopy2/NCI0395_1/NCI0395_1.summ.json, /data/browna6/evolution/pwgs/pwgs_output/witness/data_editedCopy2/NCI0395_2/NCI0395_2.summ.json
    jobid: 0

[Thu Mar 14 05:38:59 2019]
Finished job 0.
5 of 5 steps (100%) done
Complete log: /spin1/users/browna6/pwgs_snakemake/.snakemake/log/2019-03-14T053853.478779.snakemake.log
