Building DAG of jobs...
Using shell: /usr/bin/bash
Provided cores: 1
Rules claiming more threads will be scaled down.
Job counts:
	count	jobs
	1	all
	1	move_and_unzip_files
	1	run_final_parser
	1	write_results
	4

[Sun Jan  6 20:34:51 2019]
rule write_results:
    input: /data/browna6/evolution/pwgs/pwgs_output/egfr_exome_bysample/CL0039/CL0039_T1D_E/trees.zip
    output: /data/browna6/evolution/pwgs/pwgs_output/egfr_exome_bysample/CL0039/CL0039_T1D_E/CL0039_T1D_E.mutass.zip, /data/browna6/evolution/pwgs/pwgs_output/egfr_exome_bysample/CL0039/CL0039_T1D_E/CL0039_T1D_E.muts.json.gz, /data/browna6/evolution/pwgs/pwgs_output/egfr_exome_bysample/CL0039/CL0039_T1D_E/CL0039_T1D_E.summ.json.gz
    jobid: 3
    wildcards: patient=CL0039, sample=CL0039_T1D_E

[Sun Jan  6 20:36:05 2019]
Finished job 3.
1 of 4 steps (25%) done

[Sun Jan  6 20:36:05 2019]
rule move_and_unzip_files:
    input: /data/browna6/evolution/pwgs/pwgs_output/egfr_exome_bysample/CL0039/CL0039_T1D_E/CL0039_T1D_E.mutass.zip, /data/browna6/evolution/pwgs/pwgs_output/egfr_exome_bysample/CL0039/CL0039_T1D_E/CL0039_T1D_E.muts.json.gz, /data/browna6/evolution/pwgs/pwgs_output/egfr_exome_bysample/CL0039/CL0039_T1D_E/CL0039_T1D_E.summ.json.gz
    output: /data/browna6/evolution/pwgs/pwgs_output/witness/data/CL0039/CL0039_T1D_E.mutass.zip, /data/browna6/evolution/pwgs/pwgs_output/witness/data/CL0039/CL0039_T1D_E.muts.json, /data/browna6/evolution/pwgs/pwgs_output/witness/data/CL0039/CL0039_T1D_E.summ.json
    jobid: 2
    wildcards: patient=CL0039, sample=CL0039_T1D_E

[Sun Jan  6 20:36:08 2019]
Finished job 2.
2 of 4 steps (50%) done

[Sun Jan  6 20:36:08 2019]
rule run_final_parser:
    input: /data/browna6/evolution/pwgs/phyloinputs/egfr_exome/CL0039/CL0039_T1D_E.cnvs.txt, /data/browna6/evolution/pwgs/phyloinputs/egfr_exome/CL0039/CL0039_T1D_E.ssm.txt, /data/browna6/evolution/pwgs/pwgs_output/witness/data/CL0039/CL0039_T1D_E.summ.json, /data/browna6/evolution/pwgs/pwgs_output/witness/data/CL0039/CL0039_T1D_E.mutass.zip
    output: /data/browna6/evolution/pwgs/phyloresults_parsed/CL0039/CL0039_T1D_E/tree_likelihoods.txt
    jobid: 1
    wildcards: patient=CL0039, sample=CL0039_T1D_E

[Sun Jan  6 20:36:13 2019]
Finished job 1.
3 of 4 steps (75%) done

[Sun Jan  6 20:36:13 2019]
localrule all:
    input: /data/browna6/evolution/pwgs/phyloresults_parsed/CL0039/CL0039_T1D_E/tree_likelihoods.txt
    jobid: 0

[Sun Jan  6 20:36:13 2019]
Finished job 0.
4 of 4 steps (100%) done
Complete log: /spin1/users/browna6/pwgs_snakemake/.snakemake/log/2019-01-06T203450.518878.snakemake.log
