Multiple include of /spin1/users/browna6/pwgs_snakemake/helpers.py ignored
Multiple include of /spin1/users/browna6/pwgs_snakemake/helpers.py ignored
Building DAG of jobs...
Using shell: /usr/bin/bash
Provided cores: 1
Rules claiming more threads will be scaled down.
Job counts:
	count	jobs
	1	all
	3	move_and_unzip_files
	3	run_final_parser
	7

[Mon Jan  7 14:38:03 2019]
rule move_and_unzip_files:
    input: /data/browna6/evolution/pwgs/pwgs_output/egfr_exome_bysample/CL0084/CL0084_T1D_E2/CL0084_T1D_E2.mutass.zip, /data/browna6/evolution/pwgs/pwgs_output/egfr_exome_bysample/CL0084/CL0084_T1D_E2/CL0084_T1D_E2.muts.json.gz, /data/browna6/evolution/pwgs/pwgs_output/egfr_exome_bysample/CL0084/CL0084_T1D_E2/CL0084_T1D_E2.summ.json.gz
    output: /data/browna6/evolution/pwgs/pwgs_output/witness/data/CL0084/CL0084_T1D_E2.mutass.zip, /data/browna6/evolution/pwgs/pwgs_output/witness/data/CL0084/CL0084_T1D_E2.muts.json, /data/browna6/evolution/pwgs/pwgs_output/witness/data/CL0084/CL0084_T1D_E2.summ.json
    jobid: 19
    wildcards: patient=CL0084, sample=CL0084_T1D_E2

[Mon Jan  7 14:38:05 2019]
Finished job 19.
1 of 7 steps (14%) done

[Mon Jan  7 14:38:05 2019]
rule run_final_parser:
    input: /data/browna6/evolution/pwgs/phyloinputs/egfr_exome/CL0084/CL0084_T1D_E2.cnvs.txt, /data/browna6/evolution/pwgs/phyloinputs/egfr_exome/CL0084/CL0084_T1D_E2.ssm.txt, /data/browna6/evolution/pwgs/pwgs_output/witness/data/CL0084/CL0084_T1D_E2.summ.json, /data/browna6/evolution/pwgs/pwgs_output/witness/data/CL0084/CL0084_T1D_E2.mutass.zip
    output: /data/browna6/evolution/pwgs/phyloresults_parsed/CL0084/CL0084_T1D_E2/tree_likelihoods.txt
    jobid: 5
    wildcards: patient=CL0084, sample=CL0084_T1D_E2

[Mon Jan  7 14:38:08 2019]
Finished job 5.
2 of 7 steps (29%) done

[Mon Jan  7 14:38:08 2019]
rule move_and_unzip_files:
    input: /data/browna6/evolution/pwgs/pwgs_output/egfr_exome_bysample/CL0083/CL0083_T1D_E/CL0083_T1D_E.mutass.zip, /data/browna6/evolution/pwgs/pwgs_output/egfr_exome_bysample/CL0083/CL0083_T1D_E/CL0083_T1D_E.muts.json.gz, /data/browna6/evolution/pwgs/pwgs_output/egfr_exome_bysample/CL0083/CL0083_T1D_E/CL0083_T1D_E.summ.json.gz
    output: /data/browna6/evolution/pwgs/pwgs_output/witness/data/CL0083/CL0083_T1D_E.mutass.zip, /data/browna6/evolution/pwgs/pwgs_output/witness/data/CL0083/CL0083_T1D_E.muts.json, /data/browna6/evolution/pwgs/pwgs_output/witness/data/CL0083/CL0083_T1D_E.summ.json
    jobid: 10
    wildcards: patient=CL0083, sample=CL0083_T1D_E

[Mon Jan  7 14:38:09 2019]
Finished job 10.
3 of 7 steps (43%) done

[Mon Jan  7 14:38:09 2019]
rule run_final_parser:
    input: /data/browna6/evolution/pwgs/phyloinputs/egfr_exome/CL0083/CL0083_T1D_E.cnvs.txt, /data/browna6/evolution/pwgs/phyloinputs/egfr_exome/CL0083/CL0083_T1D_E.ssm.txt, /data/browna6/evolution/pwgs/pwgs_output/witness/data/CL0083/CL0083_T1D_E.summ.json, /data/browna6/evolution/pwgs/pwgs_output/witness/data/CL0083/CL0083_T1D_E.mutass.zip
    output: /data/browna6/evolution/pwgs/phyloresults_parsed/CL0083/CL0083_T1D_E/tree_likelihoods.txt
    jobid: 1
    wildcards: patient=CL0083, sample=CL0083_T1D_E

[Mon Jan  7 14:38:12 2019]
Finished job 1.
4 of 7 steps (57%) done

[Mon Jan  7 14:38:12 2019]
rule move_and_unzip_files:
    input: /data/browna6/evolution/pwgs/pwgs_output/egfr_exome_bysample/CL0084/CL0084_T2D_E/CL0084_T2D_E.mutass.zip, /data/browna6/evolution/pwgs/pwgs_output/egfr_exome_bysample/CL0084/CL0084_T2D_E/CL0084_T2D_E.muts.json.gz, /data/browna6/evolution/pwgs/pwgs_output/egfr_exome_bysample/CL0084/CL0084_T2D_E/CL0084_T2D_E.summ.json.gz
    output: /data/browna6/evolution/pwgs/pwgs_output/witness/data/CL0084/CL0084_T2D_E.mutass.zip, /data/browna6/evolution/pwgs/pwgs_output/witness/data/CL0084/CL0084_T2D_E.muts.json, /data/browna6/evolution/pwgs/pwgs_output/witness/data/CL0084/CL0084_T2D_E.summ.json
    jobid: 14
    wildcards: patient=CL0084, sample=CL0084_T2D_E

[Mon Jan  7 14:38:13 2019]
Finished job 14.
5 of 7 steps (71%) done

[Mon Jan  7 14:38:13 2019]
rule run_final_parser:
    input: /data/browna6/evolution/pwgs/phyloinputs/egfr_exome/CL0084/CL0084_T2D_E.cnvs.txt, /data/browna6/evolution/pwgs/phyloinputs/egfr_exome/CL0084/CL0084_T2D_E.ssm.txt, /data/browna6/evolution/pwgs/pwgs_output/witness/data/CL0084/CL0084_T2D_E.summ.json, /data/browna6/evolution/pwgs/pwgs_output/witness/data/CL0084/CL0084_T2D_E.mutass.zip
    output: /data/browna6/evolution/pwgs/phyloresults_parsed/CL0084/CL0084_T2D_E/tree_likelihoods.txt
    jobid: 3
    wildcards: patient=CL0084, sample=CL0084_T2D_E

[Mon Jan  7 14:38:15 2019]
Finished job 3.
6 of 7 steps (86%) done

[Mon Jan  7 14:38:15 2019]
localrule all:
    input: /data/browna6/evolution/pwgs/phyloresults_parsed/CL0038/CL0038_T1D_E/tree_likelihoods.txt, /data/browna6/evolution/pwgs/phyloresults_parsed/CL0038/CL0038_T2D_E/tree_likelihoods.txt, /data/browna6/evolution/pwgs/phyloresults_parsed/CL0038/CL0038_T3D_E/tree_likelihoods.txt, /data/browna6/evolution/pwgs/phyloresults_parsed/CL0039/CL0039_T1D_E/tree_likelihoods.txt, /data/browna6/evolution/pwgs/phyloresults_parsed/CL0040/CL0040_T1D_E/tree_likelihoods.txt, /data/browna6/evolution/pwgs/phyloresults_parsed/CL0040/CL0040_T3D_E/tree_likelihoods.txt, /data/browna6/evolution/pwgs/phyloresults_parsed/CL0083/CL0083_T1D_E/tree_likelihoods.txt, /data/browna6/evolution/pwgs/phyloresults_parsed/CL0084/CL0084_T1D_E2/tree_likelihoods.txt, /data/browna6/evolution/pwgs/phyloresults_parsed/CL0084/CL0084_T2D_E/tree_likelihoods.txt
    jobid: 0

[Mon Jan  7 14:38:15 2019]
Finished job 0.
7 of 7 steps (100%) done
Complete log: /spin1/users/browna6/pwgs_snakemake/.snakemake/log/2019-01-07T143802.296803.snakemake.log
