Multiple include of /spin1/users/browna6/pwgs_snakemake/helpers.py ignored
Multiple include of /spin1/users/browna6/pwgs_snakemake/helpers.py ignored
Multiple include of /spin1/users/browna6/pwgs_snakemake/helpers.py ignored
Building DAG of jobs...
Using shell: /usr/bin/bash
Provided cluster nodes: 10
Job counts:
	count	jobs
	1	all
	4	move_and_unzip_files
	2	phylo_input_parsing
	4	run_cnv_parsing
	4	run_final_parser_ms
	2	submit_pwgs
	4	write_results
	21

[Mon Mar 11 04:59:25 2019]
rule run_cnv_parsing:
    input: /data/browna6/evolution/facets/egfr_exome/fitted/CL0038_T3D_E.snppile.csv.gz_fitted.csv
    output: /data/browna6/evolution/pwgs/phyloinputs/egfr_editedCopy2/CL0038_1/CL0038_T3D_E_cnvInput.txt
    jobid: 20
    reason: Missing output files: /data/browna6/evolution/pwgs/phyloinputs/egfr_editedCopy2/CL0038_1/CL0038_T3D_E_cnvInput.txt
    wildcards: patient=CL0038_1, sample=CL0038_T3D_E

Submitted job 20 with external jobid '22123572'.

[Mon Mar 11 04:59:26 2019]
rule write_results:
    input: /data/browna6/evolution/pwgs/pwgs_output/egfr_editedCopy2/NCI0395_1/NCI0395_1/trees.zip
    output: /data/browna6/evolution/pwgs/pwgs_output/egfr_editedCopy2/NCI0395_1/NCI0395_1/NCI0395_1.mutass.zip, /data/browna6/evolution/pwgs/pwgs_output/egfr_editedCopy2/NCI0395_1/NCI0395_1/NCI0395_1.muts.json.gz, /data/browna6/evolution/pwgs/pwgs_output/egfr_editedCopy2/NCI0395_1/NCI0395_1/NCI0395_1.summ.json.gz
    jobid: 26
    reason: Missing output files: /data/browna6/evolution/pwgs/pwgs_output/egfr_editedCopy2/NCI0395_1/NCI0395_1/NCI0395_1.summ.json.gz, /data/browna6/evolution/pwgs/pwgs_output/egfr_editedCopy2/NCI0395_1/NCI0395_1/NCI0395_1.mutass.zip, /data/browna6/evolution/pwgs/pwgs_output/egfr_editedCopy2/NCI0395_1/NCI0395_1/NCI0395_1.muts.json.gz
    wildcards: patient=NCI0395_1, sample=NCI0395_1

python2 /home/browna6/phylowgs/write_results.py --allow-polyclonal --include-polyclonal NCI0395_1 /data/browna6/evolution/pwgs/pwgs_output/egfr_editedCopy2/NCI0395_1/NCI0395_1/trees.zip /data/browna6/evolution/pwgs/pwgs_output/egfr_editedCopy2/NCI0395_1/NCI0395_1/NCI0395_1.summ.json.gz /data/browna6/evolution/pwgs/pwgs_output/egfr_editedCopy2/NCI0395_1/NCI0395_1/NCI0395_1.muts.json.gz /data/browna6/evolution/pwgs/pwgs_output/egfr_editedCopy2/NCI0395_1/NCI0395_1/NCI0395_1.mutass.zip
Submitted job 26 with external jobid '22123574'.

[Mon Mar 11 04:59:27 2019]
rule write_results:
    input: /data/browna6/evolution/pwgs/pwgs_output/egfr_editedCopy2/NCI0395_2/NCI0395_2/trees.zip
    output: /data/browna6/evolution/pwgs/pwgs_output/egfr_editedCopy2/NCI0395_2/NCI0395_2/NCI0395_2.mutass.zip, /data/browna6/evolution/pwgs/pwgs_output/egfr_editedCopy2/NCI0395_2/NCI0395_2/NCI0395_2.muts.json.gz, /data/browna6/evolution/pwgs/pwgs_output/egfr_editedCopy2/NCI0395_2/NCI0395_2/NCI0395_2.summ.json.gz
    jobid: 30
    reason: Missing output files: /data/browna6/evolution/pwgs/pwgs_output/egfr_editedCopy2/NCI0395_2/NCI0395_2/NCI0395_2.mutass.zip, /data/browna6/evolution/pwgs/pwgs_output/egfr_editedCopy2/NCI0395_2/NCI0395_2/NCI0395_2.muts.json.gz, /data/browna6/evolution/pwgs/pwgs_output/egfr_editedCopy2/NCI0395_2/NCI0395_2/NCI0395_2.summ.json.gz
    wildcards: patient=NCI0395_2, sample=NCI0395_2

python2 /home/browna6/phylowgs/write_results.py --allow-polyclonal --include-polyclonal NCI0395_2 /data/browna6/evolution/pwgs/pwgs_output/egfr_editedCopy2/NCI0395_2/NCI0395_2/trees.zip /data/browna6/evolution/pwgs/pwgs_output/egfr_editedCopy2/NCI0395_2/NCI0395_2/NCI0395_2.summ.json.gz /data/browna6/evolution/pwgs/pwgs_output/egfr_editedCopy2/NCI0395_2/NCI0395_2/NCI0395_2.muts.json.gz /data/browna6/evolution/pwgs/pwgs_output/egfr_editedCopy2/NCI0395_2/NCI0395_2/NCI0395_2.mutass.zip
Submitted job 30 with external jobid '22123576'.

[Mon Mar 11 04:59:29 2019]
rule run_cnv_parsing:
    input: /data/browna6/evolution/facets/egfr_exome/fitted/CL0038_T2D_E.snppile.csv.gz_fitted.csv
    output: /data/browna6/evolution/pwgs/phyloinputs/egfr_editedCopy2/CL0038_2/CL0038_T2D_E_cnvInput.txt
    jobid: 16
    reason: Missing output files: /data/browna6/evolution/pwgs/phyloinputs/egfr_editedCopy2/CL0038_2/CL0038_T2D_E_cnvInput.txt
    wildcards: patient=CL0038_2, sample=CL0038_T2D_E

Submitted job 16 with external jobid '22123577'.

[Mon Mar 11 04:59:30 2019]
rule run_cnv_parsing:
    input: /data/browna6/evolution/facets/egfr_exome/fitted/CL0038_T1D_E.snppile.csv.gz_fitted.csv
    output: /data/browna6/evolution/pwgs/phyloinputs/egfr_editedCopy2/CL0038_1/CL0038_T1D_E_cnvInput.txt
    jobid: 19
    reason: Missing output files: /data/browna6/evolution/pwgs/phyloinputs/egfr_editedCopy2/CL0038_1/CL0038_T1D_E_cnvInput.txt
    wildcards: patient=CL0038_1, sample=CL0038_T1D_E

Submitted job 19 with external jobid '22123578'.

[Mon Mar 11 04:59:31 2019]
rule run_cnv_parsing:
    input: /data/browna6/evolution/facets/egfr_exome/fitted/CL0038_T3D_E.snppile.csv.gz_fitted.csv
    output: /data/browna6/evolution/pwgs/phyloinputs/egfr_editedCopy2/CL0038_2/CL0038_T3D_E_cnvInput.txt
    jobid: 15
    reason: Missing output files: /data/browna6/evolution/pwgs/phyloinputs/egfr_editedCopy2/CL0038_2/CL0038_T3D_E_cnvInput.txt
    wildcards: patient=CL0038_2, sample=CL0038_T3D_E

Submitted job 15 with external jobid '22123579'.
[Mon Mar 11 04:59:45 2019]
Finished job 20.
1 of 21 steps (5%) done
Waiting at most 120 seconds for missing files.
[Mon Mar 11 04:59:55 2019]
Finished job 16.
2 of 21 steps (10%) done
[Mon Mar 11 04:59:55 2019]
Finished job 19.
3 of 21 steps (14%) done

[Mon Mar 11 04:59:55 2019]
rule phylo_input_parsing:
    input: /data/browna6/evolution/pwgs/phyloinputs/egfr_editedCopy2/CL0038_T1D_E.passed.somatic.snvs_indels_snpEff_on_exome_combined.vcf, /data/browna6/evolution/pwgs/phyloinputs/egfr_editedCopy2/CL0038_T3D_E.passed.somatic.snvs_indels_snpEff_on_exome_combined.vcf, /data/browna6/evolution/pwgs/phyloinputs/egfr_editedCopy2/CL0038_1/CL0038_T1D_E_cnvInput.txt, /data/browna6/evolution/pwgs/phyloinputs/egfr_editedCopy2/CL0038_1/CL0038_T3D_E_cnvInput.txt
    output: /data/browna6/evolution/pwgs/phyloinputs/egfr_editedCopy2/CL0038_1/CL0038_1.params.json, /data/browna6/evolution/pwgs/phyloinputs/egfr_editedCopy2/CL0038_1/CL0038_1.cnvs.txt, /data/browna6/evolution/pwgs/phyloinputs/egfr_editedCopy2/CL0038_1/CL0038_1.ssm.txt
    jobid: 7
    reason: Missing output files: /data/browna6/evolution/pwgs/phyloinputs/egfr_editedCopy2/CL0038_1/CL0038_1.params.json, /data/browna6/evolution/pwgs/phyloinputs/egfr_editedCopy2/CL0038_1/CL0038_1.cnvs.txt, /data/browna6/evolution/pwgs/phyloinputs/egfr_editedCopy2/CL0038_1/CL0038_1.ssm.txt; Input files updated by another job: /data/browna6/evolution/pwgs/phyloinputs/egfr_editedCopy2/CL0038_1/CL0038_T1D_E_cnvInput.txt, /data/browna6/evolution/pwgs/phyloinputs/egfr_editedCopy2/CL0038_1/CL0038_T3D_E_cnvInput.txt
    wildcards: patient=CL0038_1

python2 /data/browna6/pwgs_snakemake/create_phylowgs_inputs.py --regions all --cnvs CL0038_T1D_E=/data/browna6/evolution/pwgs/phyloinputs/egfr_editedCopy2/CL0038_1/CL0038_T1D_E_cnvInput.txt --cnvs CL0038_T3D_E=/data/browna6/evolution/pwgs/phyloinputs/egfr_editedCopy2/CL0038_1/CL0038_T3D_E_cnvInput.txt --output-cnvs /data/browna6/evolution/pwgs/phyloinputs/egfr_editedCopy2/CL0038_1/CL0038_1.cnvs.txt --output-variants /data/browna6/evolution/pwgs/phyloinputs/egfr_editedCopy2/CL0038_1/CL0038_1.ssm.txt --output-params /data/browna6/evolution/pwgs/phyloinputs/egfr_editedCopy2/CL0038_1/CL0038_1.params.json --vcf-type CL0038_T1D_E=strelka_indelcombined --vcf-type CL0038_T3D_E=strelka_indelcombined CL0038_T1D_E=/data/browna6/evolution/pwgs/phyloinputs/egfr_editedCopy2/CL0038_T1D_E.passed.somatic.snvs_indels_snpEff_on_exome_combined.vcf CL0038_T3D_E=/data/browna6/evolution/pwgs/phyloinputs/egfr_editedCopy2/CL0038_T3D_E.passed.somatic.snvs_indels_snpEff_on_exome_combined.vcf
[Mon Mar 11 04:59:55 2019]
Finished job 15.
4 of 21 steps (19%) done
Submitted job 7 with external jobid '22123581'.

[Mon Mar 11 04:59:56 2019]
rule phylo_input_parsing:
    input: /data/browna6/evolution/pwgs/phyloinputs/egfr_editedCopy2/CL0038_T3D_E.passed.somatic.snvs_indels_snpEff_on_exome_combined.vcf, /data/browna6/evolution/pwgs/phyloinputs/egfr_editedCopy2/CL0038_T2D_E.passed.somatic.snvs_indels_snpEff_on_exome_combined.vcf, /data/browna6/evolution/pwgs/phyloinputs/egfr_editedCopy2/CL0038_2/CL0038_T3D_E_cnvInput.txt, /data/browna6/evolution/pwgs/phyloinputs/egfr_editedCopy2/CL0038_2/CL0038_T2D_E_cnvInput.txt
    output: /data/browna6/evolution/pwgs/phyloinputs/egfr_editedCopy2/CL0038_2/CL0038_2.params.json, /data/browna6/evolution/pwgs/phyloinputs/egfr_editedCopy2/CL0038_2/CL0038_2.cnvs.txt, /data/browna6/evolution/pwgs/phyloinputs/egfr_editedCopy2/CL0038_2/CL0038_2.ssm.txt
    jobid: 5
    reason: Missing output files: /data/browna6/evolution/pwgs/phyloinputs/egfr_editedCopy2/CL0038_2/CL0038_2.params.json, /data/browna6/evolution/pwgs/phyloinputs/egfr_editedCopy2/CL0038_2/CL0038_2.cnvs.txt, /data/browna6/evolution/pwgs/phyloinputs/egfr_editedCopy2/CL0038_2/CL0038_2.ssm.txt; Input files updated by another job: /data/browna6/evolution/pwgs/phyloinputs/egfr_editedCopy2/CL0038_2/CL0038_T3D_E_cnvInput.txt, /data/browna6/evolution/pwgs/phyloinputs/egfr_editedCopy2/CL0038_2/CL0038_T2D_E_cnvInput.txt
    wildcards: patient=CL0038_2

python2 /data/browna6/pwgs_snakemake/create_phylowgs_inputs.py --regions all --cnvs CL0038_T3D_E=/data/browna6/evolution/pwgs/phyloinputs/egfr_editedCopy2/CL0038_2/CL0038_T3D_E_cnvInput.txt --cnvs CL0038_T2D_E=/data/browna6/evolution/pwgs/phyloinputs/egfr_editedCopy2/CL0038_2/CL0038_T2D_E_cnvInput.txt --output-cnvs /data/browna6/evolution/pwgs/phyloinputs/egfr_editedCopy2/CL0038_2/CL0038_2.cnvs.txt --output-variants /data/browna6/evolution/pwgs/phyloinputs/egfr_editedCopy2/CL0038_2/CL0038_2.ssm.txt --output-params /data/browna6/evolution/pwgs/phyloinputs/egfr_editedCopy2/CL0038_2/CL0038_2.params.json --vcf-type CL0038_T3D_E=strelka_indelcombined --vcf-type CL0038_T2D_E=strelka_indelcombined CL0038_T3D_E=/data/browna6/evolution/pwgs/phyloinputs/egfr_editedCopy2/CL0038_T3D_E.passed.somatic.snvs_indels_snpEff_on_exome_combined.vcf CL0038_T2D_E=/data/browna6/evolution/pwgs/phyloinputs/egfr_editedCopy2/CL0038_T2D_E.passed.somatic.snvs_indels_snpEff_on_exome_combined.vcf
Submitted job 5 with external jobid '22123582'.
[Mon Mar 11 05:00:05 2019]
Finished job 30.
5 of 21 steps (24%) done

[Mon Mar 11 05:00:05 2019]
rule move_and_unzip_files:
    input: /data/browna6/evolution/pwgs/pwgs_output/egfr_editedCopy2/NCI0395_2/NCI0395_2/NCI0395_2.mutass.zip, /data/browna6/evolution/pwgs/pwgs_output/egfr_editedCopy2/NCI0395_2/NCI0395_2/NCI0395_2.muts.json.gz, /data/browna6/evolution/pwgs/pwgs_output/egfr_editedCopy2/NCI0395_2/NCI0395_2/NCI0395_2.summ.json.gz
    output: /data/browna6/evolution/pwgs/pwgs_output/witness/data_editedCopy2/NCI0395_2/NCI0395_2.mutass.zip, /data/browna6/evolution/pwgs/pwgs_output/witness/data_editedCopy2/NCI0395_2/NCI0395_2.muts.json, /data/browna6/evolution/pwgs/pwgs_output/witness/data_editedCopy2/NCI0395_2/NCI0395_2.summ.json
    jobid: 12
    reason: Missing output files: /data/browna6/evolution/pwgs/pwgs_output/witness/data_editedCopy2/NCI0395_2/NCI0395_2.summ.json, /data/browna6/evolution/pwgs/pwgs_output/witness/data_editedCopy2/NCI0395_2/NCI0395_2.mutass.zip; Input files updated by another job: /data/browna6/evolution/pwgs/pwgs_output/egfr_editedCopy2/NCI0395_2/NCI0395_2/NCI0395_2.mutass.zip, /data/browna6/evolution/pwgs/pwgs_output/egfr_editedCopy2/NCI0395_2/NCI0395_2/NCI0395_2.muts.json.gz, /data/browna6/evolution/pwgs/pwgs_output/egfr_editedCopy2/NCI0395_2/NCI0395_2/NCI0395_2.summ.json.gz
    wildcards: patient=NCI0395_2, sample=NCI0395_2

[Mon Mar 11 05:00:05 2019]
Finished job 7.
6 of 21 steps (29%) done
Submitted job 12 with external jobid '22123585'.

[Mon Mar 11 05:00:06 2019]
rule submit_pwgs:
    input: /data/browna6/evolution/pwgs/phyloinputs/egfr_editedCopy2/CL0038_1/CL0038_1.params.json, /data/browna6/evolution/pwgs/phyloinputs/egfr_editedCopy2/CL0038_1/CL0038_1.cnvs.txt, /data/browna6/evolution/pwgs/phyloinputs/egfr_editedCopy2/CL0038_1/CL0038_1.ssm.txt
    output: /data/browna6/evolution/pwgs/pwgs_output/egfr_editedCopy2/CL0038_1/CL0038_1/trees.zip
    jobid: 32
    reason: Input files updated by another job: /data/browna6/evolution/pwgs/phyloinputs/egfr_editedCopy2/CL0038_1/CL0038_1.params.json, /data/browna6/evolution/pwgs/phyloinputs/egfr_editedCopy2/CL0038_1/CL0038_1.cnvs.txt, /data/browna6/evolution/pwgs/phyloinputs/egfr_editedCopy2/CL0038_1/CL0038_1.ssm.txt
    wildcards: patient=CL0038_1, sample=CL0038_1
    threads: 5

python2 /home/browna6/phylowgs/multievolve.py -O /data/browna6/evolution/pwgs/pwgs_output/egfr_editedCopy2/CL0038_1/CL0038_1 -r 226 428 24 852 469 --num-chains 5 --ssms /data/browna6/evolution/pwgs/phyloinputs/egfr_editedCopy2/CL0038_1/CL0038_1.ssm.txt --cnvs /data/browna6/evolution/pwgs/phyloinputs/egfr_editedCopy2/CL0038_1/CL0038_1.cnvs.txt --params /data/browna6/evolution/pwgs/phyloinputs/egfr_editedCopy2/CL0038_1/CL0038_1.params.json
Submitted job 32 with external jobid '22123586'.
Waiting at most 120 seconds for missing files.
[Mon Mar 11 05:00:25 2019]
Finished job 5.
7 of 21 steps (33%) done

[Mon Mar 11 05:00:25 2019]
rule submit_pwgs:
    input: /data/browna6/evolution/pwgs/phyloinputs/egfr_editedCopy2/CL0038_2/CL0038_2.params.json, /data/browna6/evolution/pwgs/phyloinputs/egfr_editedCopy2/CL0038_2/CL0038_2.cnvs.txt, /data/browna6/evolution/pwgs/phyloinputs/egfr_editedCopy2/CL0038_2/CL0038_2.ssm.txt
    output: /data/browna6/evolution/pwgs/pwgs_output/egfr_editedCopy2/CL0038_2/CL0038_2/trees.zip
    jobid: 31
    reason: Missing output files: /data/browna6/evolution/pwgs/pwgs_output/egfr_editedCopy2/CL0038_2/CL0038_2/trees.zip; Input files updated by another job: /data/browna6/evolution/pwgs/phyloinputs/egfr_editedCopy2/CL0038_2/CL0038_2.params.json, /data/browna6/evolution/pwgs/phyloinputs/egfr_editedCopy2/CL0038_2/CL0038_2.cnvs.txt, /data/browna6/evolution/pwgs/phyloinputs/egfr_editedCopy2/CL0038_2/CL0038_2.ssm.txt
    wildcards: patient=CL0038_2, sample=CL0038_2
    threads: 5

python2 /home/browna6/phylowgs/multievolve.py -O /data/browna6/evolution/pwgs/pwgs_output/egfr_editedCopy2/CL0038_2/CL0038_2 -r 226 428 24 852 469 --num-chains 5 --ssms /data/browna6/evolution/pwgs/phyloinputs/egfr_editedCopy2/CL0038_2/CL0038_2.ssm.txt --cnvs /data/browna6/evolution/pwgs/phyloinputs/egfr_editedCopy2/CL0038_2/CL0038_2.cnvs.txt --params /data/browna6/evolution/pwgs/phyloinputs/egfr_editedCopy2/CL0038_2/CL0038_2.params.json
[Mon Mar 11 05:00:25 2019]
Finished job 12.
8 of 21 steps (38%) done
Submitted job 31 with external jobid '22123588'.

[Mon Mar 11 05:00:26 2019]
rule run_final_parser_ms:
    input: /data/browna6/evolution/pwgs/phyloinputs/egfr_editedCopy2/NCI0395_2/NCI0395_2.cnvs.txt, /data/browna6/evolution/pwgs/phyloinputs/egfr_editedCopy2/NCI0395_2/NCI0395_2.ssm.txt, /data/browna6/evolution/pwgs/pwgs_output/witness/data_editedCopy2/NCI0395_2/NCI0395_2.summ.json, /data/browna6/evolution/pwgs/pwgs_output/witness/data_editedCopy2/NCI0395_2/NCI0395_2.mutass.zip
    output: /data/browna6/evolution/pwgs/phyloresults_parsed_editedCopy2/NCI0395_2/NCI0395_2/tree_likelihoods.txt
    jobid: 4
    reason: Missing output files: /data/browna6/evolution/pwgs/phyloresults_parsed_editedCopy2/NCI0395_2/NCI0395_2/tree_likelihoods.txt; Input files updated by another job: /data/browna6/evolution/pwgs/pwgs_output/witness/data_editedCopy2/NCI0395_2/NCI0395_2.summ.json, /data/browna6/evolution/pwgs/pwgs_output/witness/data_editedCopy2/NCI0395_2/NCI0395_2.mutass.zip
    wildcards: patient=NCI0395_2, sample=NCI0395_2

Submitted job 4 with external jobid '22123589'.
[Mon Mar 11 05:00:45 2019]
Finished job 32.
9 of 21 steps (43%) done

[Mon Mar 11 05:00:45 2019]
rule write_results:
    input: /data/browna6/evolution/pwgs/pwgs_output/egfr_editedCopy2/CL0038_1/CL0038_1/trees.zip
    output: /data/browna6/evolution/pwgs/pwgs_output/egfr_editedCopy2/CL0038_1/CL0038_1/CL0038_1.mutass.zip, /data/browna6/evolution/pwgs/pwgs_output/egfr_editedCopy2/CL0038_1/CL0038_1/CL0038_1.muts.json.gz, /data/browna6/evolution/pwgs/pwgs_output/egfr_editedCopy2/CL0038_1/CL0038_1/CL0038_1.summ.json.gz
    jobid: 21
    reason: Missing output files: /data/browna6/evolution/pwgs/pwgs_output/egfr_editedCopy2/CL0038_1/CL0038_1/CL0038_1.mutass.zip, /data/browna6/evolution/pwgs/pwgs_output/egfr_editedCopy2/CL0038_1/CL0038_1/CL0038_1.summ.json.gz, /data/browna6/evolution/pwgs/pwgs_output/egfr_editedCopy2/CL0038_1/CL0038_1/CL0038_1.muts.json.gz; Input files updated by another job: /data/browna6/evolution/pwgs/pwgs_output/egfr_editedCopy2/CL0038_1/CL0038_1/trees.zip
    wildcards: patient=CL0038_1, sample=CL0038_1

python2 /home/browna6/phylowgs/write_results.py --allow-polyclonal --include-polyclonal CL0038_1 /data/browna6/evolution/pwgs/pwgs_output/egfr_editedCopy2/CL0038_1/CL0038_1/trees.zip /data/browna6/evolution/pwgs/pwgs_output/egfr_editedCopy2/CL0038_1/CL0038_1/CL0038_1.summ.json.gz /data/browna6/evolution/pwgs/pwgs_output/egfr_editedCopy2/CL0038_1/CL0038_1/CL0038_1.muts.json.gz /data/browna6/evolution/pwgs/pwgs_output/egfr_editedCopy2/CL0038_1/CL0038_1/CL0038_1.mutass.zip
[Mon Mar 11 05:00:45 2019]
Finished job 4.
10 of 21 steps (48%) done
Submitted job 21 with external jobid '22123590'.
[Mon Mar 11 05:01:15 2019]
Finished job 26.
11 of 21 steps (52%) done

[Mon Mar 11 05:01:15 2019]
rule move_and_unzip_files:
    input: /data/browna6/evolution/pwgs/pwgs_output/egfr_editedCopy2/NCI0395_1/NCI0395_1/NCI0395_1.mutass.zip, /data/browna6/evolution/pwgs/pwgs_output/egfr_editedCopy2/NCI0395_1/NCI0395_1/NCI0395_1.muts.json.gz, /data/browna6/evolution/pwgs/pwgs_output/egfr_editedCopy2/NCI0395_1/NCI0395_1/NCI0395_1.summ.json.gz
    output: /data/browna6/evolution/pwgs/pwgs_output/witness/data_editedCopy2/NCI0395_1/NCI0395_1.mutass.zip, /data/browna6/evolution/pwgs/pwgs_output/witness/data_editedCopy2/NCI0395_1/NCI0395_1.muts.json, /data/browna6/evolution/pwgs/pwgs_output/witness/data_editedCopy2/NCI0395_1/NCI0395_1.summ.json
    jobid: 10
    reason: Missing output files: /data/browna6/evolution/pwgs/pwgs_output/witness/data_editedCopy2/NCI0395_1/NCI0395_1.mutass.zip, /data/browna6/evolution/pwgs/pwgs_output/witness/data_editedCopy2/NCI0395_1/NCI0395_1.summ.json; Input files updated by another job: /data/browna6/evolution/pwgs/pwgs_output/egfr_editedCopy2/NCI0395_1/NCI0395_1/NCI0395_1.summ.json.gz, /data/browna6/evolution/pwgs/pwgs_output/egfr_editedCopy2/NCI0395_1/NCI0395_1/NCI0395_1.mutass.zip, /data/browna6/evolution/pwgs/pwgs_output/egfr_editedCopy2/NCI0395_1/NCI0395_1/NCI0395_1.muts.json.gz
    wildcards: patient=NCI0395_1, sample=NCI0395_1

Submitted job 10 with external jobid '22123593'.
[Mon Mar 11 05:02:15 2019]
Finished job 10.
12 of 21 steps (57%) done

[Mon Mar 11 05:02:15 2019]
rule run_final_parser_ms:
    input: /data/browna6/evolution/pwgs/phyloinputs/egfr_editedCopy2/NCI0395_1/NCI0395_1.cnvs.txt, /data/browna6/evolution/pwgs/phyloinputs/egfr_editedCopy2/NCI0395_1/NCI0395_1.ssm.txt, /data/browna6/evolution/pwgs/pwgs_output/witness/data_editedCopy2/NCI0395_1/NCI0395_1.summ.json, /data/browna6/evolution/pwgs/pwgs_output/witness/data_editedCopy2/NCI0395_1/NCI0395_1.mutass.zip
    output: /data/browna6/evolution/pwgs/phyloresults_parsed_editedCopy2/NCI0395_1/NCI0395_1/tree_likelihoods.txt
    jobid: 3
    reason: Missing output files: /data/browna6/evolution/pwgs/phyloresults_parsed_editedCopy2/NCI0395_1/NCI0395_1/tree_likelihoods.txt; Input files updated by another job: /data/browna6/evolution/pwgs/pwgs_output/witness/data_editedCopy2/NCI0395_1/NCI0395_1.mutass.zip, /data/browna6/evolution/pwgs/pwgs_output/witness/data_editedCopy2/NCI0395_1/NCI0395_1.summ.json
    wildcards: patient=NCI0395_1, sample=NCI0395_1

Submitted job 3 with external jobid '22123594'.
[Mon Mar 11 05:02:25 2019]
Finished job 21.
13 of 21 steps (62%) done

[Mon Mar 11 05:02:25 2019]
rule move_and_unzip_files:
    input: /data/browna6/evolution/pwgs/pwgs_output/egfr_editedCopy2/CL0038_1/CL0038_1/CL0038_1.mutass.zip, /data/browna6/evolution/pwgs/pwgs_output/egfr_editedCopy2/CL0038_1/CL0038_1/CL0038_1.muts.json.gz, /data/browna6/evolution/pwgs/pwgs_output/egfr_editedCopy2/CL0038_1/CL0038_1/CL0038_1.summ.json.gz
    output: /data/browna6/evolution/pwgs/pwgs_output/witness/data_editedCopy2/CL0038_1/CL0038_1.mutass.zip, /data/browna6/evolution/pwgs/pwgs_output/witness/data_editedCopy2/CL0038_1/CL0038_1.muts.json, /data/browna6/evolution/pwgs/pwgs_output/witness/data_editedCopy2/CL0038_1/CL0038_1.summ.json
    jobid: 8
    reason: Missing output files: /data/browna6/evolution/pwgs/pwgs_output/witness/data_editedCopy2/CL0038_1/CL0038_1.summ.json, /data/browna6/evolution/pwgs/pwgs_output/witness/data_editedCopy2/CL0038_1/CL0038_1.mutass.zip; Input files updated by another job: /data/browna6/evolution/pwgs/pwgs_output/egfr_editedCopy2/CL0038_1/CL0038_1/CL0038_1.mutass.zip, /data/browna6/evolution/pwgs/pwgs_output/egfr_editedCopy2/CL0038_1/CL0038_1/CL0038_1.summ.json.gz, /data/browna6/evolution/pwgs/pwgs_output/egfr_editedCopy2/CL0038_1/CL0038_1/CL0038_1.muts.json.gz
    wildcards: patient=CL0038_1, sample=CL0038_1

Submitted job 8 with external jobid '22123595'.
[Mon Mar 11 05:02:36 2019]
Finished job 3.
14 of 21 steps (67%) done
[Mon Mar 11 05:02:46 2019]
Finished job 8.
15 of 21 steps (71%) done

[Mon Mar 11 05:02:46 2019]
rule run_final_parser_ms:
    input: /data/browna6/evolution/pwgs/phyloinputs/egfr_editedCopy2/CL0038_1/CL0038_1.cnvs.txt, /data/browna6/evolution/pwgs/phyloinputs/egfr_editedCopy2/CL0038_1/CL0038_1.ssm.txt, /data/browna6/evolution/pwgs/pwgs_output/witness/data_editedCopy2/CL0038_1/CL0038_1.summ.json, /data/browna6/evolution/pwgs/pwgs_output/witness/data_editedCopy2/CL0038_1/CL0038_1.mutass.zip
    output: /data/browna6/evolution/pwgs/phyloresults_parsed_editedCopy2/CL0038_1/CL0038_1/tree_likelihoods.txt
    jobid: 2
    reason: Missing output files: /data/browna6/evolution/pwgs/phyloresults_parsed_editedCopy2/CL0038_1/CL0038_1/tree_likelihoods.txt; Input files updated by another job: /data/browna6/evolution/pwgs/phyloinputs/egfr_editedCopy2/CL0038_1/CL0038_1.cnvs.txt, /data/browna6/evolution/pwgs/phyloinputs/egfr_editedCopy2/CL0038_1/CL0038_1.ssm.txt, /data/browna6/evolution/pwgs/pwgs_output/witness/data_editedCopy2/CL0038_1/CL0038_1.mutass.zip, /data/browna6/evolution/pwgs/pwgs_output/witness/data_editedCopy2/CL0038_1/CL0038_1.summ.json
    wildcards: patient=CL0038_1, sample=CL0038_1

Submitted job 2 with external jobid '22123596'.
[Mon Mar 11 05:02:56 2019]
Finished job 2.
16 of 21 steps (76%) done
[Mon Mar 11 11:43:10 2019]
Finished job 31.
17 of 21 steps (81%) done

[Mon Mar 11 11:43:10 2019]
rule write_results:
    input: /data/browna6/evolution/pwgs/pwgs_output/egfr_editedCopy2/CL0038_2/CL0038_2/trees.zip
    output: /data/browna6/evolution/pwgs/pwgs_output/egfr_editedCopy2/CL0038_2/CL0038_2/CL0038_2.mutass.zip, /data/browna6/evolution/pwgs/pwgs_output/egfr_editedCopy2/CL0038_2/CL0038_2/CL0038_2.muts.json.gz, /data/browna6/evolution/pwgs/pwgs_output/egfr_editedCopy2/CL0038_2/CL0038_2/CL0038_2.summ.json.gz
    jobid: 17
    reason: Missing output files: /data/browna6/evolution/pwgs/pwgs_output/egfr_editedCopy2/CL0038_2/CL0038_2/CL0038_2.mutass.zip, /data/browna6/evolution/pwgs/pwgs_output/egfr_editedCopy2/CL0038_2/CL0038_2/CL0038_2.summ.json.gz, /data/browna6/evolution/pwgs/pwgs_output/egfr_editedCopy2/CL0038_2/CL0038_2/CL0038_2.muts.json.gz; Input files updated by another job: /data/browna6/evolution/pwgs/pwgs_output/egfr_editedCopy2/CL0038_2/CL0038_2/trees.zip
    wildcards: patient=CL0038_2, sample=CL0038_2

python2 /home/browna6/phylowgs/write_results.py --allow-polyclonal --include-polyclonal CL0038_2 /data/browna6/evolution/pwgs/pwgs_output/egfr_editedCopy2/CL0038_2/CL0038_2/trees.zip /data/browna6/evolution/pwgs/pwgs_output/egfr_editedCopy2/CL0038_2/CL0038_2/CL0038_2.summ.json.gz /data/browna6/evolution/pwgs/pwgs_output/egfr_editedCopy2/CL0038_2/CL0038_2/CL0038_2.muts.json.gz /data/browna6/evolution/pwgs/pwgs_output/egfr_editedCopy2/CL0038_2/CL0038_2/CL0038_2.mutass.zip
Submitted job 17 with external jobid '22134940'.
[Mon Mar 11 11:53:11 2019]
Finished job 17.
18 of 21 steps (86%) done

[Mon Mar 11 11:53:11 2019]
rule move_and_unzip_files:
    input: /data/browna6/evolution/pwgs/pwgs_output/egfr_editedCopy2/CL0038_2/CL0038_2/CL0038_2.mutass.zip, /data/browna6/evolution/pwgs/pwgs_output/egfr_editedCopy2/CL0038_2/CL0038_2/CL0038_2.muts.json.gz, /data/browna6/evolution/pwgs/pwgs_output/egfr_editedCopy2/CL0038_2/CL0038_2/CL0038_2.summ.json.gz
    output: /data/browna6/evolution/pwgs/pwgs_output/witness/data_editedCopy2/CL0038_2/CL0038_2.mutass.zip, /data/browna6/evolution/pwgs/pwgs_output/witness/data_editedCopy2/CL0038_2/CL0038_2.muts.json, /data/browna6/evolution/pwgs/pwgs_output/witness/data_editedCopy2/CL0038_2/CL0038_2.summ.json
    jobid: 6
    reason: Missing output files: /data/browna6/evolution/pwgs/pwgs_output/witness/data_editedCopy2/CL0038_2/CL0038_2.summ.json, /data/browna6/evolution/pwgs/pwgs_output/witness/data_editedCopy2/CL0038_2/CL0038_2.mutass.zip; Input files updated by another job: /data/browna6/evolution/pwgs/pwgs_output/egfr_editedCopy2/CL0038_2/CL0038_2/CL0038_2.mutass.zip, /data/browna6/evolution/pwgs/pwgs_output/egfr_editedCopy2/CL0038_2/CL0038_2/CL0038_2.summ.json.gz, /data/browna6/evolution/pwgs/pwgs_output/egfr_editedCopy2/CL0038_2/CL0038_2/CL0038_2.muts.json.gz
    wildcards: patient=CL0038_2, sample=CL0038_2

Submitted job 6 with external jobid '22135405'.
[Mon Mar 11 12:01:12 2019]
Finished job 6.
19 of 21 steps (90%) done

[Mon Mar 11 12:01:12 2019]
rule run_final_parser_ms:
    input: /data/browna6/evolution/pwgs/phyloinputs/egfr_editedCopy2/CL0038_2/CL0038_2.cnvs.txt, /data/browna6/evolution/pwgs/phyloinputs/egfr_editedCopy2/CL0038_2/CL0038_2.ssm.txt, /data/browna6/evolution/pwgs/pwgs_output/witness/data_editedCopy2/CL0038_2/CL0038_2.summ.json, /data/browna6/evolution/pwgs/pwgs_output/witness/data_editedCopy2/CL0038_2/CL0038_2.mutass.zip
    output: /data/browna6/evolution/pwgs/phyloresults_parsed_editedCopy2/CL0038_2/CL0038_2/tree_likelihoods.txt
    jobid: 1
    reason: Missing output files: /data/browna6/evolution/pwgs/phyloresults_parsed_editedCopy2/CL0038_2/CL0038_2/tree_likelihoods.txt; Input files updated by another job: /data/browna6/evolution/pwgs/pwgs_output/witness/data_editedCopy2/CL0038_2/CL0038_2.summ.json, /data/browna6/evolution/pwgs/phyloinputs/egfr_editedCopy2/CL0038_2/CL0038_2.cnvs.txt, /data/browna6/evolution/pwgs/phyloinputs/egfr_editedCopy2/CL0038_2/CL0038_2.ssm.txt, /data/browna6/evolution/pwgs/pwgs_output/witness/data_editedCopy2/CL0038_2/CL0038_2.mutass.zip
    wildcards: patient=CL0038_2, sample=CL0038_2

Submitted job 1 with external jobid '22136025'.
[Mon Mar 11 12:12:12 2019]
Finished job 1.
20 of 21 steps (95%) done
