Multiple include of /spin1/users/browna6/pwgs_snakemake/helpers.py ignored
Multiple include of /spin1/users/browna6/pwgs_snakemake/helpers.py ignored
Multiple include of /spin1/users/browna6/pwgs_snakemake/helpers.py ignored
Building DAG of jobs...
Using shell: /usr/bin/bash
Provided cores: 1
Rules claiming more threads will be scaled down.
Job counts:
	count	jobs
	1	all
	2	move_and_unzip_files
	2	run_final_parser_ms
	2	write_results
	7

[Tue Mar 12 05:35:41 2019]
rule write_results:
    input: /data/browna6/evolution/pwgs/pwgs_output/egfr_editedCopy2/CL0038_2/CL0038_2/trees.zip
    output: /data/browna6/evolution/pwgs/pwgs_output/egfr_editedCopy2/CL0038_2/CL0038_2/CL0038_2.mutass.zip, /data/browna6/evolution/pwgs/pwgs_output/egfr_editedCopy2/CL0038_2/CL0038_2/CL0038_2.muts.json.gz, /data/browna6/evolution/pwgs/pwgs_output/egfr_editedCopy2/CL0038_2/CL0038_2/CL0038_2.summ.json.gz
    jobid: 21
    wildcards: patient=CL0038_2, sample=CL0038_2

[Tue Mar 12 05:36:28 2019]
Finished job 21.
1 of 7 steps (14%) done

[Tue Mar 12 05:36:28 2019]
rule write_results:
    input: /data/browna6/evolution/pwgs/pwgs_output/egfr_editedCopy2/CL0038_1/CL0038_1/trees.zip
    output: /data/browna6/evolution/pwgs/pwgs_output/egfr_editedCopy2/CL0038_1/CL0038_1/CL0038_1.mutass.zip, /data/browna6/evolution/pwgs/pwgs_output/egfr_editedCopy2/CL0038_1/CL0038_1/CL0038_1.muts.json.gz, /data/browna6/evolution/pwgs/pwgs_output/egfr_editedCopy2/CL0038_1/CL0038_1/CL0038_1.summ.json.gz
    jobid: 17
    wildcards: patient=CL0038_1, sample=CL0038_1

[Tue Mar 12 05:37:22 2019]
Finished job 17.
2 of 7 steps (29%) done

[Tue Mar 12 05:37:22 2019]
rule move_and_unzip_files:
    input: /data/browna6/evolution/pwgs/pwgs_output/egfr_editedCopy2/CL0038_1/CL0038_1/CL0038_1.mutass.zip, /data/browna6/evolution/pwgs/pwgs_output/egfr_editedCopy2/CL0038_1/CL0038_1/CL0038_1.muts.json.gz, /data/browna6/evolution/pwgs/pwgs_output/egfr_editedCopy2/CL0038_1/CL0038_1/CL0038_1.summ.json.gz
    output: /data/browna6/evolution/pwgs/pwgs_output/witness/data_editedCopy2/CL0038_1/CL0038_1.mutass.zip, /data/browna6/evolution/pwgs/pwgs_output/witness/data_editedCopy2/CL0038_1/CL0038_1.muts.json, /data/browna6/evolution/pwgs/pwgs_output/witness/data_editedCopy2/CL0038_1/CL0038_1.summ.json
    jobid: 6
    wildcards: patient=CL0038_1, sample=CL0038_1

[Tue Mar 12 05:37:24 2019]
Finished job 6.
3 of 7 steps (43%) done

[Tue Mar 12 05:37:24 2019]
rule run_final_parser_ms:
    input: /data/browna6/evolution/pwgs/phyloinputs/egfr_editedCopy2/CL0038_1/CL0038_1.cnvs.txt, /data/browna6/evolution/pwgs/phyloinputs/egfr_editedCopy2/CL0038_1/CL0038_1.ssm.txt, /data/browna6/evolution/pwgs/pwgs_output/witness/data_editedCopy2/CL0038_1/CL0038_1.summ.json, /data/browna6/evolution/pwgs/pwgs_output/witness/data_editedCopy2/CL0038_1/CL0038_1.mutass.zip
    output: /data/browna6/evolution/pwgs/phyloresults_parsed_editedCopy2/CL0038_1/CL0038_1/tree_likelihoods.txt
    jobid: 1
    wildcards: patient=CL0038_1, sample=CL0038_1

[Tue Mar 12 05:37:30 2019]
Finished job 1.
4 of 7 steps (57%) done

[Tue Mar 12 05:37:30 2019]
rule move_and_unzip_files:
    input: /data/browna6/evolution/pwgs/pwgs_output/egfr_editedCopy2/CL0038_2/CL0038_2/CL0038_2.mutass.zip, /data/browna6/evolution/pwgs/pwgs_output/egfr_editedCopy2/CL0038_2/CL0038_2/CL0038_2.muts.json.gz, /data/browna6/evolution/pwgs/pwgs_output/egfr_editedCopy2/CL0038_2/CL0038_2/CL0038_2.summ.json.gz
    output: /data/browna6/evolution/pwgs/pwgs_output/witness/data_editedCopy2/CL0038_2/CL0038_2.mutass.zip, /data/browna6/evolution/pwgs/pwgs_output/witness/data_editedCopy2/CL0038_2/CL0038_2.muts.json, /data/browna6/evolution/pwgs/pwgs_output/witness/data_editedCopy2/CL0038_2/CL0038_2.summ.json
    jobid: 8
    wildcards: patient=CL0038_2, sample=CL0038_2

[Tue Mar 12 05:37:31 2019]
Finished job 8.
5 of 7 steps (71%) done

[Tue Mar 12 05:37:31 2019]
rule run_final_parser_ms:
    input: /data/browna6/evolution/pwgs/phyloinputs/egfr_editedCopy2/CL0038_2/CL0038_2.cnvs.txt, /data/browna6/evolution/pwgs/phyloinputs/egfr_editedCopy2/CL0038_2/CL0038_2.ssm.txt, /data/browna6/evolution/pwgs/pwgs_output/witness/data_editedCopy2/CL0038_2/CL0038_2.summ.json, /data/browna6/evolution/pwgs/pwgs_output/witness/data_editedCopy2/CL0038_2/CL0038_2.mutass.zip
    output: /data/browna6/evolution/pwgs/phyloresults_parsed_editedCopy2/CL0038_2/CL0038_2/tree_likelihoods.txt
    jobid: 2
    wildcards: patient=CL0038_2, sample=CL0038_2

[Tue Mar 12 05:37:35 2019]
Finished job 2.
6 of 7 steps (86%) done

[Tue Mar 12 05:37:35 2019]
localrule all:
    input: /data/browna6/evolution/pwgs/phyloresults_parsed_editedCopy2/CL0038_1/CL0038_1/tree_likelihoods.txt, /data/browna6/evolution/pwgs/phyloresults_parsed_editedCopy2/CL0038_1/CL0038_1/tree_likelihoods.txt, /data/browna6/evolution/pwgs/phyloresults_parsed_editedCopy2/CL0038_2/CL0038_2/tree_likelihoods.txt, /data/browna6/evolution/pwgs/phyloresults_parsed_editedCopy2/CL0038_2/CL0038_2/tree_likelihoods.txt, /data/browna6/evolution/pwgs/phyloresults_parsed_editedCopy2/NCI0395_1/NCI0395_1/tree_likelihoods.txt, /data/browna6/evolution/pwgs/phyloresults_parsed_editedCopy2/NCI0395_2/NCI0395_2/tree_likelihoods.txt, /data/browna6/evolution/pwgs/phyloresults_parsed_editedCopy2/NCI0395_1/NCI0395_1/tree_likelihoods.txt, /data/browna6/evolution/pwgs/phyloresults_parsed_editedCopy2/NCI0395_2/NCI0395_2/tree_likelihoods.txt
    jobid: 0

[Tue Mar 12 05:37:35 2019]
Finished job 0.
7 of 7 steps (100%) done
Complete log: /spin1/users/browna6/pwgs_snakemake/.snakemake/log/2019-03-12T053539.280960.snakemake.log
