Building DAG of jobs...
Using shell: /usr/bin/bash
Provided cluster nodes: 10
Job counts:
	count	jobs
	1	all
	1	submit_pwgs
	6	write_pwgs_results
	8

[Fri Jan  4 14:35:58 2019]
rule write_pwgs_results:
    input: /data/browna6/evolution/pwgs/pwgs_output/egfr_exome_bysample/CL0040/CL0040_T3D_E/trees.zip
    output: /data/browna6/evolution/pwgs/pwgs_output/egfr_exome_bysample/CL0040/CL0040_T3D_E/mutass.zip, /data/browna6/evolution/pwgs/pwgs_output/egfr_exome_bysample/CL0040/CL0040_T3D_E/muts.json.gz, /data/browna6/evolution/pwgs/pwgs_output/egfr_exome_bysample/CL0040/CL0040_T3D_E/summ.json.gz
    jobid: 3
    reason: Missing output files: /data/browna6/evolution/pwgs/pwgs_output/egfr_exome_bysample/CL0040/CL0040_T3D_E/mutass.zip, /data/browna6/evolution/pwgs/pwgs_output/egfr_exome_bysample/CL0040/CL0040_T3D_E/summ.json.gz, /data/browna6/evolution/pwgs/pwgs_output/egfr_exome_bysample/CL0040/CL0040_T3D_E/muts.json.gz
    wildcards: patient=CL0040, sample=CL0040_T3D_E

python2 /home/browna6/phylowgs/write_results.py CL0040_T3D_E /data/browna6/evolution/pwgs/pwgs_output/egfr_exome_bysample/CL0040/CL0040_T3D_E/trees.zip CL0040_T3D_E.summ.json.gz CL0040_T3D_E.muts.json.gz CL0040_T3D_E.mutass.zip
Submitted job 3 with external jobid '17125737'.

[Fri Jan  4 14:36:00 2019]
rule write_pwgs_results:
    input: /data/browna6/evolution/pwgs/pwgs_output/egfr_exome_bysample/CL0038/CL0038_T2D_E/trees.zip
    output: /data/browna6/evolution/pwgs/pwgs_output/egfr_exome_bysample/CL0038/CL0038_T2D_E/mutass.zip, /data/browna6/evolution/pwgs/pwgs_output/egfr_exome_bysample/CL0038/CL0038_T2D_E/muts.json.gz, /data/browna6/evolution/pwgs/pwgs_output/egfr_exome_bysample/CL0038/CL0038_T2D_E/summ.json.gz
    jobid: 1
    reason: Missing output files: /data/browna6/evolution/pwgs/pwgs_output/egfr_exome_bysample/CL0038/CL0038_T2D_E/mutass.zip, /data/browna6/evolution/pwgs/pwgs_output/egfr_exome_bysample/CL0038/CL0038_T2D_E/summ.json.gz, /data/browna6/evolution/pwgs/pwgs_output/egfr_exome_bysample/CL0038/CL0038_T2D_E/muts.json.gz
    wildcards: patient=CL0038, sample=CL0038_T2D_E

python2 /home/browna6/phylowgs/write_results.py CL0038_T2D_E /data/browna6/evolution/pwgs/pwgs_output/egfr_exome_bysample/CL0038/CL0038_T2D_E/trees.zip CL0038_T2D_E.summ.json.gz CL0038_T2D_E.muts.json.gz CL0038_T2D_E.mutass.zip
Submitted job 1 with external jobid '17125739'.

[Fri Jan  4 14:36:01 2019]
rule write_pwgs_results:
    input: /data/browna6/evolution/pwgs/pwgs_output/egfr_exome_bysample/CL0038/CL0038_T3D_E/trees.zip
    output: /data/browna6/evolution/pwgs/pwgs_output/egfr_exome_bysample/CL0038/CL0038_T3D_E/mutass.zip, /data/browna6/evolution/pwgs/pwgs_output/egfr_exome_bysample/CL0038/CL0038_T3D_E/muts.json.gz, /data/browna6/evolution/pwgs/pwgs_output/egfr_exome_bysample/CL0038/CL0038_T3D_E/summ.json.gz
    jobid: 5
    reason: Missing output files: /data/browna6/evolution/pwgs/pwgs_output/egfr_exome_bysample/CL0038/CL0038_T3D_E/mutass.zip, /data/browna6/evolution/pwgs/pwgs_output/egfr_exome_bysample/CL0038/CL0038_T3D_E/muts.json.gz, /data/browna6/evolution/pwgs/pwgs_output/egfr_exome_bysample/CL0038/CL0038_T3D_E/summ.json.gz
    wildcards: patient=CL0038, sample=CL0038_T3D_E

python2 /home/browna6/phylowgs/write_results.py CL0038_T3D_E /data/browna6/evolution/pwgs/pwgs_output/egfr_exome_bysample/CL0038/CL0038_T3D_E/trees.zip CL0038_T3D_E.summ.json.gz CL0038_T3D_E.muts.json.gz CL0038_T3D_E.mutass.zip
Submitted job 5 with external jobid '17125741'.

[Fri Jan  4 14:36:02 2019]
rule write_pwgs_results:
    input: /data/browna6/evolution/pwgs/pwgs_output/egfr_exome_bysample/CL0038/CL0038_T1D_E/trees.zip
    output: /data/browna6/evolution/pwgs/pwgs_output/egfr_exome_bysample/CL0038/CL0038_T1D_E/mutass.zip, /data/browna6/evolution/pwgs/pwgs_output/egfr_exome_bysample/CL0038/CL0038_T1D_E/muts.json.gz, /data/browna6/evolution/pwgs/pwgs_output/egfr_exome_bysample/CL0038/CL0038_T1D_E/summ.json.gz
    jobid: 6
    reason: Missing output files: /data/browna6/evolution/pwgs/pwgs_output/egfr_exome_bysample/CL0038/CL0038_T1D_E/summ.json.gz, /data/browna6/evolution/pwgs/pwgs_output/egfr_exome_bysample/CL0038/CL0038_T1D_E/mutass.zip, /data/browna6/evolution/pwgs/pwgs_output/egfr_exome_bysample/CL0038/CL0038_T1D_E/muts.json.gz
    wildcards: patient=CL0038, sample=CL0038_T1D_E

python2 /home/browna6/phylowgs/write_results.py CL0038_T1D_E /data/browna6/evolution/pwgs/pwgs_output/egfr_exome_bysample/CL0038/CL0038_T1D_E/trees.zip CL0038_T1D_E.summ.json.gz CL0038_T1D_E.muts.json.gz CL0038_T1D_E.mutass.zip
Submitted job 6 with external jobid '17125743'.

[Fri Jan  4 14:36:03 2019]
rule submit_pwgs:
    input: /data/browna6/evolution/pwgs/phyloinputs/egfr_exome/CL0039/CL0039_T1D_E.params.json, /data/browna6/evolution/pwgs/phyloinputs/egfr_exome/CL0039/CL0039_T1D_E.cnvs.txt, /data/browna6/evolution/pwgs/phyloinputs/egfr_exome/CL0039/CL0039_T1D_E.ssm.txt
    output: /data/browna6/evolution/pwgs/pwgs_output/egfr_exome_bysample/CL0039/CL0039_T1D_E/trees.zip
    jobid: 8
    reason: Missing output files: /data/browna6/evolution/pwgs/pwgs_output/egfr_exome_bysample/CL0039/CL0039_T1D_E/trees.zip
    wildcards: patient=CL0039, sample=CL0039_T1D_E
    threads: 4

python2 /home/browna6/phylowgs/multievolve.py -O /data/browna6/evolution/pwgs/pwgs_output/egfr_exome_bysample/CL0039/CL0039_T1D_E -r 20294 20295 20296 20297 --num-chains 4 --ssms /data/browna6/evolution/pwgs/phyloinputs/egfr_exome/CL0039/CL0039_T1D_E.ssm.txt --cnvs /data/browna6/evolution/pwgs/phyloinputs/egfr_exome/CL0039/CL0039_T1D_E.cnvs.txt --params /data/browna6/evolution/pwgs/phyloinputs/egfr_exome/CL0039/CL0039_T1D_E.params.json
Submitted job 8 with external jobid '17125744'.

[Fri Jan  4 14:36:05 2019]
rule write_pwgs_results:
    input: /data/browna6/evolution/pwgs/pwgs_output/egfr_exome_bysample/CL0040/CL0040_T1D_E/trees.zip
    output: /data/browna6/evolution/pwgs/pwgs_output/egfr_exome_bysample/CL0040/CL0040_T1D_E/mutass.zip, /data/browna6/evolution/pwgs/pwgs_output/egfr_exome_bysample/CL0040/CL0040_T1D_E/muts.json.gz, /data/browna6/evolution/pwgs/pwgs_output/egfr_exome_bysample/CL0040/CL0040_T1D_E/summ.json.gz
    jobid: 4
    reason: Missing output files: /data/browna6/evolution/pwgs/pwgs_output/egfr_exome_bysample/CL0040/CL0040_T1D_E/muts.json.gz, /data/browna6/evolution/pwgs/pwgs_output/egfr_exome_bysample/CL0040/CL0040_T1D_E/mutass.zip, /data/browna6/evolution/pwgs/pwgs_output/egfr_exome_bysample/CL0040/CL0040_T1D_E/summ.json.gz
    wildcards: patient=CL0040, sample=CL0040_T1D_E

python2 /home/browna6/phylowgs/write_results.py CL0040_T1D_E /data/browna6/evolution/pwgs/pwgs_output/egfr_exome_bysample/CL0040/CL0040_T1D_E/trees.zip CL0040_T1D_E.summ.json.gz CL0040_T1D_E.muts.json.gz CL0040_T1D_E.mutass.zip
Submitted job 4 with external jobid '17125745'.
[Fri Jan  4 14:45:59 2019]
Error in rule submit_pwgs:
    jobid: 8
    output: /data/browna6/evolution/pwgs/pwgs_output/egfr_exome_bysample/CL0039/CL0039_T1D_E/trees.zip
    cluster_jobid: 17125744

Job failed, going on with independent jobs.
[Fri Jan  4 14:47:39 2019]
Error in rule write_pwgs_results:
    jobid: 4
    output: /data/browna6/evolution/pwgs/pwgs_output/egfr_exome_bysample/CL0040/CL0040_T1D_E/mutass.zip, /data/browna6/evolution/pwgs/pwgs_output/egfr_exome_bysample/CL0040/CL0040_T1D_E/muts.json.gz, /data/browna6/evolution/pwgs/pwgs_output/egfr_exome_bysample/CL0040/CL0040_T1D_E/summ.json.gz
    cluster_jobid: 17125745

Job failed, going on with independent jobs.
[Fri Jan  4 14:49:09 2019]
Error in rule write_pwgs_results:
    jobid: 3
    output: /data/browna6/evolution/pwgs/pwgs_output/egfr_exome_bysample/CL0040/CL0040_T3D_E/mutass.zip, /data/browna6/evolution/pwgs/pwgs_output/egfr_exome_bysample/CL0040/CL0040_T3D_E/muts.json.gz, /data/browna6/evolution/pwgs/pwgs_output/egfr_exome_bysample/CL0040/CL0040_T3D_E/summ.json.gz
    cluster_jobid: 17125737

Job failed, going on with independent jobs.
[Fri Jan  4 14:49:49 2019]
Error in rule write_pwgs_results:
    jobid: 5
    output: /data/browna6/evolution/pwgs/pwgs_output/egfr_exome_bysample/CL0038/CL0038_T3D_E/mutass.zip, /data/browna6/evolution/pwgs/pwgs_output/egfr_exome_bysample/CL0038/CL0038_T3D_E/muts.json.gz, /data/browna6/evolution/pwgs/pwgs_output/egfr_exome_bysample/CL0038/CL0038_T3D_E/summ.json.gz
    cluster_jobid: 17125741

Job failed, going on with independent jobs.
[Fri Jan  4 14:49:49 2019]
Error in rule write_pwgs_results:
    jobid: 6
    output: /data/browna6/evolution/pwgs/pwgs_output/egfr_exome_bysample/CL0038/CL0038_T1D_E/mutass.zip, /data/browna6/evolution/pwgs/pwgs_output/egfr_exome_bysample/CL0038/CL0038_T1D_E/muts.json.gz, /data/browna6/evolution/pwgs/pwgs_output/egfr_exome_bysample/CL0038/CL0038_T1D_E/summ.json.gz
    cluster_jobid: 17125743

Job failed, going on with independent jobs.
[Fri Jan  4 14:51:19 2019]
Error in rule write_pwgs_results:
    jobid: 1
    output: /data/browna6/evolution/pwgs/pwgs_output/egfr_exome_bysample/CL0038/CL0038_T2D_E/mutass.zip, /data/browna6/evolution/pwgs/pwgs_output/egfr_exome_bysample/CL0038/CL0038_T2D_E/muts.json.gz, /data/browna6/evolution/pwgs/pwgs_output/egfr_exome_bysample/CL0038/CL0038_T2D_E/summ.json.gz
    cluster_jobid: 17125739

Job failed, going on with independent jobs.
Exiting because a job execution failed. Look above for error message
Complete log: /spin1/users/browna6/pwgs_snakemake/.snakemake/log/2019-01-04T143557.438631.snakemake.log
