Building DAG of jobs...
Using shell: /usr/bin/bash
Provided cores: 1
Rules claiming more threads will be scaled down.
Job counts:
	count	jobs
	1	produce_phylo_input
	34	run_cnv_parsing
	35

[Tue Dec 18 17:15:00 2018]
rule run_cnv_parsing:
    input: /data/browna6/evolution/facets/egfr_exome/fitted/CL0088_T1D_E.snppile.csv.gz_fitted.csv
    output: /data/browna6/evolution/pwgs/phyloinputs/egfr_exome/CL0088/CL0088_T1D_E_cnvInput.txt
    jobid: 21
    wildcards: patient=CL0088, sample=CL0088_T1D_E

[Tue Dec 18 17:15:01 2018]
Finished job 21.
1 of 35 steps (3%) done

[Tue Dec 18 17:15:01 2018]
rule run_cnv_parsing:
    input: /data/browna6/evolution/facets/egfr_exome/fitted/NCI0404_T3D_E.snppile.csv.gz_fitted.csv
    output: /data/browna6/evolution/pwgs/phyloinputs/egfr_exome/NCI0404/NCI0404_T3D_E_cnvInput.txt
    jobid: 1
    wildcards: patient=NCI0404, sample=NCI0404_T3D_E

[Tue Dec 18 17:15:02 2018]
Finished job 1.
2 of 35 steps (6%) done

[Tue Dec 18 17:15:02 2018]
rule run_cnv_parsing:
    input: /data/browna6/evolution/facets/egfr_exome/fitted/NCI0401_T1D_E.snppile.csv.gz_fitted.csv
    output: /data/browna6/evolution/pwgs/phyloinputs/egfr_exome/NCI0401/NCI0401_T1D_E_cnvInput.txt
    jobid: 9
    wildcards: patient=NCI0401, sample=NCI0401_T1D_E

[Tue Dec 18 17:15:03 2018]
Finished job 9.
3 of 35 steps (9%) done

[Tue Dec 18 17:15:03 2018]
rule run_cnv_parsing:
    input: /data/browna6/evolution/facets/egfr_exome/fitted/CL0038_T2D_E.snppile.csv.gz_fitted.csv
    output: /data/browna6/evolution/pwgs/phyloinputs/egfr_exome/CL0038/CL0038_T2D_E_cnvInput.txt
    jobid: 27
    wildcards: patient=CL0038, sample=CL0038_T2D_E

[Tue Dec 18 17:15:04 2018]
Finished job 27.
4 of 35 steps (11%) done

[Tue Dec 18 17:15:04 2018]
rule run_cnv_parsing:
    input: /data/browna6/evolution/facets/egfr_exome/fitted/CL0100_T1D_E.snppile.csv.gz_fitted.csv
    output: /data/browna6/evolution/pwgs/phyloinputs/egfr_exome/CL0100/CL0100_T1D_E_cnvInput.txt
    jobid: 22
    wildcards: patient=CL0100, sample=CL0100_T1D_E

[Tue Dec 18 17:15:05 2018]
Finished job 22.
5 of 35 steps (14%) done

[Tue Dec 18 17:15:05 2018]
rule run_cnv_parsing:
    input: /data/browna6/evolution/facets/egfr_exome/fitted/NCI0411_T2D_E.snppile.csv.gz_fitted.csv
    output: /data/browna6/evolution/pwgs/phyloinputs/egfr_exome/NCI0411/NCI0411_T2D_E_cnvInput.txt
    jobid: 8
    wildcards: patient=NCI0411, sample=NCI0411_T2D_E

[Tue Dec 18 17:15:06 2018]
Finished job 8.
6 of 35 steps (17%) done

[Tue Dec 18 17:15:06 2018]
rule run_cnv_parsing:
    input: /data/browna6/evolution/facets/egfr_exome/fitted/CL0038_T1D_E.snppile.csv.gz_fitted.csv
    output: /data/browna6/evolution/pwgs/phyloinputs/egfr_exome/CL0038/CL0038_T1D_E_cnvInput.txt
    jobid: 38
    wildcards: patient=CL0038, sample=CL0038_T1D_E

[Tue Dec 18 17:15:07 2018]
Finished job 38.
7 of 35 steps (20%) done

[Tue Dec 18 17:15:07 2018]
rule run_cnv_parsing:
    input: /data/browna6/evolution/facets/egfr_exome/fitted/NCI0402_T3D_E.snppile.csv.gz_fitted.csv
    output: /data/browna6/evolution/pwgs/phyloinputs/egfr_exome/NCI0402/NCI0402_T3D_E_cnvInput.txt
    jobid: 13
    wildcards: patient=NCI0402, sample=NCI0402_T3D_E

[Tue Dec 18 17:15:08 2018]
Finished job 13.
8 of 35 steps (23%) done

[Tue Dec 18 17:15:08 2018]
rule run_cnv_parsing:
    input: /data/browna6/evolution/facets/egfr_exome/fitted/CL0183_T2D_E.snppile.csv.gz_fitted.csv
    output: /data/browna6/evolution/pwgs/phyloinputs/egfr_exome/CL0183/CL0183_T2D_E_cnvInput.txt
    jobid: 18
    wildcards: patient=CL0183, sample=CL0183_T2D_E

[Tue Dec 18 17:15:09 2018]
Finished job 18.
9 of 35 steps (26%) done

[Tue Dec 18 17:15:09 2018]
rule run_cnv_parsing:
    input: /data/browna6/evolution/facets/egfr_exome/fitted/CL0040_T1D_E.snppile.csv.gz_fitted.csv
    output: /data/browna6/evolution/pwgs/phyloinputs/egfr_exome/CL0040/CL0040_T1D_E_cnvInput.txt
    jobid: 17
    wildcards: patient=CL0040, sample=CL0040_T1D_E

[Tue Dec 18 17:15:10 2018]
Finished job 17.
10 of 35 steps (29%) done

[Tue Dec 18 17:15:10 2018]
rule run_cnv_parsing:
    input: /data/browna6/evolution/facets/egfr_exome/fitted/NCI0411_T3D_E.snppile.csv.gz_fitted.csv
    output: /data/browna6/evolution/pwgs/phyloinputs/egfr_exome/NCI0411/NCI0411_T3D_E_cnvInput.txt
    jobid: 25
    wildcards: patient=NCI0411, sample=NCI0411_T3D_E

[Tue Dec 18 17:15:11 2018]
Finished job 25.
11 of 35 steps (31%) done

[Tue Dec 18 17:15:11 2018]
rule run_cnv_parsing:
    input: /data/browna6/evolution/facets/egfr_exome/fitted/CL0181_T1D_E.snppile.csv.gz_fitted.csv
    output: /data/browna6/evolution/pwgs/phyloinputs/egfr_exome/CL0181/CL0181_T1D_E_cnvInput.txt
    jobid: 2
    wildcards: patient=CL0181, sample=CL0181_T1D_E

[Tue Dec 18 17:15:12 2018]
Finished job 2.
12 of 35 steps (34%) done

[Tue Dec 18 17:15:12 2018]
rule run_cnv_parsing:
    input: /data/browna6/evolution/facets/egfr_exome/fitted/NCI0402_T2D_E.snppile.csv.gz_fitted.csv
    output: /data/browna6/evolution/pwgs/phyloinputs/egfr_exome/NCI0402/NCI0402_T2D_E_cnvInput.txt
    jobid: 12
    wildcards: patient=NCI0402, sample=NCI0402_T2D_E

[Tue Dec 18 17:15:13 2018]
Finished job 12.
13 of 35 steps (37%) done

[Tue Dec 18 17:15:13 2018]
rule run_cnv_parsing:
    input: /data/browna6/evolution/facets/egfr_exome/fitted/NCI0402_T1D_E.snppile.csv.gz_fitted.csv
    output: /data/browna6/evolution/pwgs/phyloinputs/egfr_exome/NCI0402/NCI0402_T1D_E_cnvInput.txt
    jobid: 10
    wildcards: patient=NCI0402, sample=NCI0402_T1D_E

[Tue Dec 18 17:15:14 2018]
Finished job 10.
14 of 35 steps (40%) done

[Tue Dec 18 17:15:14 2018]
rule run_cnv_parsing:
    input: /data/browna6/evolution/facets/egfr_exome/fitted/CL0039_T1D_E.snppile.csv.gz_fitted.csv
    output: /data/browna6/evolution/pwgs/phyloinputs/egfr_exome/CL0039/CL0039_T1D_E_cnvInput.txt
    jobid: 20
    wildcards: patient=CL0039, sample=CL0039_T1D_E

[Tue Dec 18 17:15:16 2018]
Finished job 20.
15 of 35 steps (43%) done

[Tue Dec 18 17:15:16 2018]
rule run_cnv_parsing:
    input: /data/browna6/evolution/facets/egfr_exome/fitted/CL0084_T1D_E2.snppile.csv.gz_fitted.csv
    output: /data/browna6/evolution/pwgs/phyloinputs/egfr_exome/CL0084/CL0084_T1D_E2_cnvInput.txt
    jobid: 36
    wildcards: patient=CL0084, sample=CL0084_T1D_E2

[Tue Dec 18 17:15:17 2018]
Finished job 36.
16 of 35 steps (46%) done

[Tue Dec 18 17:15:17 2018]
rule run_cnv_parsing:
    input: /data/browna6/evolution/facets/egfr_exome/fitted/CL0038_T3D_E.snppile.csv.gz_fitted.csv
    output: /data/browna6/evolution/pwgs/phyloinputs/egfr_exome/CL0038/CL0038_T3D_E_cnvInput.txt
    jobid: 39
    wildcards: patient=CL0038, sample=CL0038_T3D_E

[Tue Dec 18 17:15:18 2018]
Finished job 39.
17 of 35 steps (49%) done

[Tue Dec 18 17:15:18 2018]
rule run_cnv_parsing:
    input: /data/browna6/evolution/facets/egfr_exome/fitted/CL0084_T2D_E.snppile.csv.gz_fitted.csv
    output: /data/browna6/evolution/pwgs/phyloinputs/egfr_exome/CL0084/CL0084_T2D_E_cnvInput.txt
    jobid: 14
    wildcards: patient=CL0084, sample=CL0084_T2D_E

[Tue Dec 18 17:15:19 2018]
Finished job 14.
18 of 35 steps (51%) done

[Tue Dec 18 17:15:19 2018]
rule run_cnv_parsing:
    input: /data/browna6/evolution/facets/egfr_exome/fitted/NCI0400_T1D_E.snppile.csv.gz_fitted.csv
    output: /data/browna6/evolution/pwgs/phyloinputs/egfr_exome/NCI0400/NCI0400_T1D_E_cnvInput.txt
    jobid: 16
    wildcards: patient=NCI0400, sample=NCI0400_T1D_E

[Tue Dec 18 17:15:20 2018]
Finished job 16.
19 of 35 steps (54%) done

[Tue Dec 18 17:15:20 2018]
rule run_cnv_parsing:
    input: /data/browna6/evolution/facets/egfr_exome/fitted/NCI0402_T5D_E.snppile.csv.gz_fitted.csv
    output: /data/browna6/evolution/pwgs/phyloinputs/egfr_exome/NCI0402/NCI0402_T5D_E_cnvInput.txt
    jobid: 15
    wildcards: patient=NCI0402, sample=NCI0402_T5D_E

[Tue Dec 18 17:15:21 2018]
Finished job 15.
20 of 35 steps (57%) done

[Tue Dec 18 17:15:21 2018]
rule run_cnv_parsing:
    input: /data/browna6/evolution/facets/egfr_exome/fitted/NCI0402_T4D_E2.snppile.csv.gz_fitted.csv
    output: /data/browna6/evolution/pwgs/phyloinputs/egfr_exome/NCI0402/NCI0402_T4D_E2_cnvInput.txt
    jobid: 26
    wildcards: patient=NCI0402, sample=NCI0402_T4D_E2

[Tue Dec 18 17:15:22 2018]
Finished job 26.
21 of 35 steps (60%) done

[Tue Dec 18 17:15:22 2018]
rule run_cnv_parsing:
    input: /data/browna6/evolution/facets/egfr_exome/fitted/NCI0423_T1D_E.snppile.csv.gz_fitted.csv
    output: /data/browna6/evolution/pwgs/phyloinputs/egfr_exome/NCI0423/NCI0423_T1D_E_cnvInput.txt
    jobid: 31
    wildcards: patient=NCI0423, sample=NCI0423_T1D_E

[Tue Dec 18 17:15:23 2018]
Finished job 31.
22 of 35 steps (63%) done

[Tue Dec 18 17:15:23 2018]
rule run_cnv_parsing:
    input: /data/browna6/evolution/facets/egfr_exome/fitted/CL0127_T3D_E.snppile.csv.gz_fitted.csv
    output: /data/browna6/evolution/pwgs/phyloinputs/egfr_exome/CL0127/CL0127_T3D_E_cnvInput.txt
    jobid: 23
    wildcards: patient=CL0127, sample=CL0127_T3D_E

[Tue Dec 18 17:15:24 2018]
Finished job 23.
23 of 35 steps (66%) done

[Tue Dec 18 17:15:24 2018]
rule run_cnv_parsing:
    input: /data/browna6/evolution/facets/egfr_exome/fitted/CL0040_T3D_E.snppile.csv.gz_fitted.csv
    output: /data/browna6/evolution/pwgs/phyloinputs/egfr_exome/CL0040/CL0040_T3D_E_cnvInput.txt
    jobid: 3
    wildcards: patient=CL0040, sample=CL0040_T3D_E

[Tue Dec 18 17:15:25 2018]
Finished job 3.
24 of 35 steps (69%) done

[Tue Dec 18 17:15:25 2018]
rule run_cnv_parsing:
    input: /data/browna6/evolution/facets/egfr_exome/fitted/CL0083_T1D_E.snppile.csv.gz_fitted.csv
    output: /data/browna6/evolution/pwgs/phyloinputs/egfr_exome/CL0083/CL0083_T1D_E_cnvInput.txt
    jobid: 33
    wildcards: patient=CL0083, sample=CL0083_T1D_E

[Tue Dec 18 17:15:26 2018]
Finished job 33.
25 of 35 steps (71%) done

[Tue Dec 18 17:15:26 2018]
rule run_cnv_parsing:
    input: /data/browna6/evolution/facets/egfr_exome/fitted/NCI0423_T2D_E.snppile.csv.gz_fitted.csv
    output: /data/browna6/evolution/pwgs/phyloinputs/egfr_exome/NCI0423/NCI0423_T2D_E_cnvInput.txt
    jobid: 29
    wildcards: patient=NCI0423, sample=NCI0423_T2D_E

[Tue Dec 18 17:15:27 2018]
Finished job 29.
26 of 35 steps (74%) done

[Tue Dec 18 17:15:27 2018]
rule run_cnv_parsing:
    input: /data/browna6/evolution/facets/egfr_exome/fitted/NCI0395_T2D_E.snppile.csv.gz_fitted.csv
    output: /data/browna6/evolution/pwgs/phyloinputs/egfr_exome/NCI0395/NCI0395_T2D_E_cnvInput.txt
    jobid: 5
    wildcards: patient=NCI0395, sample=NCI0395_T2D_E

[Tue Dec 18 17:15:28 2018]
Finished job 5.
27 of 35 steps (77%) done

[Tue Dec 18 17:15:28 2018]
rule run_cnv_parsing:
    input: /data/browna6/evolution/facets/egfr_exome/fitted/NCI0395_T4D_E.snppile.csv.gz_fitted.csv
    output: /data/browna6/evolution/pwgs/phyloinputs/egfr_exome/NCI0395/NCI0395_T4D_E_cnvInput.txt
    jobid: 30
    wildcards: patient=NCI0395, sample=NCI0395_T4D_E

[Tue Dec 18 17:15:29 2018]
Finished job 30.
28 of 35 steps (80%) done

[Tue Dec 18 17:15:29 2018]
rule run_cnv_parsing:
    input: /data/browna6/evolution/facets/egfr_exome/fitted/NCI0406_T1D_E.snppile.csv.gz_fitted.csv
    output: /data/browna6/evolution/pwgs/phyloinputs/egfr_exome/NCI0406/NCI0406_T1D_E_cnvInput.txt
    jobid: 6
    wildcards: patient=NCI0406, sample=NCI0406_T1D_E

[Tue Dec 18 17:15:30 2018]
Finished job 6.
29 of 35 steps (83%) done

[Tue Dec 18 17:15:30 2018]
rule run_cnv_parsing:
    input: /data/browna6/evolution/facets/egfr_exome/fitted/NCI0395_T5D_E.snppile.csv.gz_fitted.csv
    output: /data/browna6/evolution/pwgs/phyloinputs/egfr_exome/NCI0395/NCI0395_T5D_E_cnvInput.txt
    jobid: 34
    wildcards: patient=NCI0395, sample=NCI0395_T5D_E

[Tue Dec 18 17:15:31 2018]
Finished job 34.
30 of 35 steps (86%) done

[Tue Dec 18 17:15:31 2018]
rule run_cnv_parsing:
    input: /data/browna6/evolution/facets/egfr_exome/fitted/CL0097_T2D_E.snppile.csv.gz_fitted.csv
    output: /data/browna6/evolution/pwgs/phyloinputs/egfr_exome/CL0097/CL0097_T2D_E_cnvInput.txt
    jobid: 11
    wildcards: patient=CL0097, sample=CL0097_T2D_E

[Tue Dec 18 17:15:32 2018]
Finished job 11.
31 of 35 steps (89%) done

[Tue Dec 18 17:15:32 2018]
rule run_cnv_parsing:
    input: /data/browna6/evolution/facets/egfr_exome/fitted/NCI0395_T1D_E.snppile.csv.gz_fitted.csv
    output: /data/browna6/evolution/pwgs/phyloinputs/egfr_exome/NCI0395/NCI0395_T1D_E_cnvInput.txt
    jobid: 35
    wildcards: patient=NCI0395, sample=NCI0395_T1D_E

[Tue Dec 18 17:15:33 2018]
Finished job 35.
32 of 35 steps (91%) done

[Tue Dec 18 17:15:33 2018]
rule run_cnv_parsing:
    input: /data/browna6/evolution/facets/egfr_exome/fitted/NCI0395_T3D_E.snppile.csv.gz_fitted.csv
    output: /data/browna6/evolution/pwgs/phyloinputs/egfr_exome/NCI0395/NCI0395_T3D_E_cnvInput.txt
    jobid: 4
    wildcards: patient=NCI0395, sample=NCI0395_T3D_E

[Tue Dec 18 17:15:34 2018]
Finished job 4.
33 of 35 steps (94%) done

[Tue Dec 18 17:15:34 2018]
rule run_cnv_parsing:
    input: /data/browna6/evolution/facets/egfr_exome/fitted/NCI0414_T1D_E.snppile.csv.gz_fitted.csv
    output: /data/browna6/evolution/pwgs/phyloinputs/egfr_exome/NCI0414/NCI0414_T1D_E_cnvInput.txt
    jobid: 7
    wildcards: patient=NCI0414, sample=NCI0414_T1D_E

[Tue Dec 18 17:15:35 2018]
Finished job 7.
34 of 35 steps (97%) done

[Tue Dec 18 17:15:35 2018]
localrule produce_phylo_input:
    input: /data/browna6/evolution/pwgs/phyloinputs/egfr_exome/CL0038/CL0038_T1D_E_cnvInput.txt, /data/browna6/evolution/pwgs/phyloinputs/egfr_exome/CL0038/CL0038_T2D_E_cnvInput.txt, /data/browna6/evolution/pwgs/phyloinputs/egfr_exome/CL0038/CL0038_T3D_E_cnvInput.txt, /data/browna6/evolution/pwgs/phyloinputs/egfr_exome/CL0039/CL0039_T1D_E_cnvInput.txt, /data/browna6/evolution/pwgs/phyloinputs/egfr_exome/CL0040/CL0040_T1D_E_cnvInput.txt, /data/browna6/evolution/pwgs/phyloinputs/egfr_exome/CL0040/CL0040_T3D_E_cnvInput.txt, /data/browna6/evolution/pwgs/phyloinputs/egfr_exome/NCI0414/NCI0414_T1D_E_cnvInput.txt, /data/browna6/evolution/pwgs/phyloinputs/egfr_exome/CL0083/CL0083_T1D_E_cnvInput.txt, /data/browna6/evolution/pwgs/phyloinputs/egfr_exome/NCI0395/NCI0395_T1D_E_cnvInput.txt, /data/browna6/evolution/pwgs/phyloinputs/egfr_exome/NCI0395/NCI0395_T2D_E_cnvInput.txt, /data/browna6/evolution/pwgs/phyloinputs/egfr_exome/NCI0395/NCI0395_T3D_E_cnvInput.txt, /data/browna6/evolution/pwgs/phyloinputs/egfr_exome/NCI0395/NCI0395_T4D_E_cnvInput.txt, /data/browna6/evolution/pwgs/phyloinputs/egfr_exome/NCI0395/NCI0395_T5D_E_cnvInput.txt, /data/browna6/evolution/pwgs/phyloinputs/egfr_exome/NCI0400/NCI0400_T1D_E_cnvInput.txt, /data/browna6/evolution/pwgs/phyloinputs/egfr_exome/NCI0401/NCI0401_T1D_E_cnvInput.txt, /data/browna6/evolution/pwgs/phyloinputs/egfr_exome/CL0084/CL0084_T1D_E2_cnvInput.txt, /data/browna6/evolution/pwgs/phyloinputs/egfr_exome/CL0084/CL0084_T2D_E_cnvInput.txt, /data/browna6/evolution/pwgs/phyloinputs/egfr_exome/NCI0402/NCI0402_T1D_E_cnvInput.txt, /data/browna6/evolution/pwgs/phyloinputs/egfr_exome/NCI0402/NCI0402_T2D_E_cnvInput.txt, /data/browna6/evolution/pwgs/phyloinputs/egfr_exome/NCI0402/NCI0402_T3D_E_cnvInput.txt, /data/browna6/evolution/pwgs/phyloinputs/egfr_exome/NCI0402/NCI0402_T4D_E2_cnvInput.txt, /data/browna6/evolution/pwgs/phyloinputs/egfr_exome/NCI0402/NCI0402_T5D_E_cnvInput.txt, /data/browna6/evolution/pwgs/phyloinputs/egfr_exome/NCI0411/NCI0411_T1D_E_cnvInput.txt, /data/browna6/evolution/pwgs/phyloinputs/egfr_exome/NCI0411/NCI0411_T2D_E_cnvInput.txt, /data/browna6/evolution/pwgs/phyloinputs/egfr_exome/NCI0411/NCI0411_T3D_E_cnvInput.txt, /data/browna6/evolution/pwgs/phyloinputs/egfr_exome/CL0088/CL0088_T1D_E_cnvInput.txt, /data/browna6/evolution/pwgs/phyloinputs/egfr_exome/CL0088/CL0088_T2D_E_cnvInput.txt, /data/browna6/evolution/pwgs/phyloinputs/egfr_exome/NCI0404/NCI0404_T1D_E_cnvInput.txt, /data/browna6/evolution/pwgs/phyloinputs/egfr_exome/NCI0404/NCI0404_T2D_E_cnvInput.txt, /data/browna6/evolution/pwgs/phyloinputs/egfr_exome/NCI0404/NCI0404_T3D_E_cnvInput.txt, /data/browna6/evolution/pwgs/phyloinputs/egfr_exome/NCI0406/NCI0406_T1D_E_cnvInput.txt, /data/browna6/evolution/pwgs/phyloinputs/egfr_exome/NCI0423/NCI0423_T1D_E_cnvInput.txt, /data/browna6/evolution/pwgs/phyloinputs/egfr_exome/NCI0423/NCI0423_T2D_E_cnvInput.txt, /data/browna6/evolution/pwgs/phyloinputs/egfr_exome/CL0097/CL0097_T2D_E_cnvInput.txt, /data/browna6/evolution/pwgs/phyloinputs/egfr_exome/CL0100/CL0100_T1D_E_cnvInput.txt, /data/browna6/evolution/pwgs/phyloinputs/egfr_exome/CL0127/CL0127_T1D_E_cnvInput.txt, /data/browna6/evolution/pwgs/phyloinputs/egfr_exome/CL0127/CL0127_T3D_E_cnvInput.txt, /data/browna6/evolution/pwgs/phyloinputs/egfr_exome/CL0181/CL0181_T1D_E_cnvInput.txt, /data/browna6/evolution/pwgs/phyloinputs/egfr_exome/CL0183/CL0183_T2D_E_cnvInput.txt
    jobid: 0

[Tue Dec 18 17:15:35 2018]
Finished job 0.
35 of 35 steps (100%) done
Complete log: /spin1/users/browna6/pwgs_snakemake/.snakemake/log/2018-12-18T171458.869987.snakemake.log
