Building DAG of jobs...
Using shell: /usr/bin/bash
Provided cores: 1
Rules claiming more threads will be scaled down.
Job counts:
	count	jobs
	1	all
	6	move_and_unzip_files
	1	write_pwgs_results
	8

[Sat Jan  5 09:17:59 2019]
rule write_pwgs_results:
    input: /data/browna6/evolution/pwgs/pwgs_output/egfr_exome_bysample/CL0039/CL0039_T1D_E/trees.zip
    output: /data/browna6/evolution/pwgs/pwgs_output/egfr_exome_bysample/CL0039/CL0039_T1D_E/CL0039_T1D_E.mutass.zip, /data/browna6/evolution/pwgs/pwgs_output/egfr_exome_bysample/CL0039/CL0039_T1D_E/CL0039_T1D_E.muts.json.gz, /data/browna6/evolution/pwgs/pwgs_output/egfr_exome_bysample/CL0039/CL0039_T1D_E/CL0039_T1D_E.summ.json.gz
    jobid: 12
    wildcards: patient=CL0039, sample=CL0039_T1D_E

[Sat Jan  5 09:18:23 2019]
Error in rule write_pwgs_results:
    jobid: 12
    output: /data/browna6/evolution/pwgs/pwgs_output/egfr_exome_bysample/CL0039/CL0039_T1D_E/CL0039_T1D_E.mutass.zip, /data/browna6/evolution/pwgs/pwgs_output/egfr_exome_bysample/CL0039/CL0039_T1D_E/CL0039_T1D_E.muts.json.gz, /data/browna6/evolution/pwgs/pwgs_output/egfr_exome_bysample/CL0039/CL0039_T1D_E/CL0039_T1D_E.summ.json.gz

RuleException:
CalledProcessError in line 30 of /spin1/users/browna6/pwgs_snakemake/run_full_pipeline.snakefile:
Command ' set -euo pipefail;  python2 /home/browna6/phylowgs/write_results.py CL0039_T1D_E /data/browna6/evolution/pwgs/pwgs_output/egfr_exome_bysample/CL0039/CL0039_T1D_E/trees.zip /data/browna6/evolution/pwgs/pwgs_output/egfr_exome_bysample/CL0039/CL0039_T1D_E/CL0039_T1D_E.summ.json.gz /data/browna6/evolution/pwgs/pwgs_output/egfr_exome_bysample/CL0039/CL0039_T1D_E/CL0039_T1D_E.muts.json.gz /data/browna6/evolution/pwgs/pwgs_output/egfr_exome_bysample/CL0039/CL0039_T1D_E/CL0039_T1D_E.mutass.zip ' returned non-zero exit status 1.
  File "/spin1/users/browna6/pwgs_snakemake/run_full_pipeline.snakefile", line 30, in __rule_write_pwgs_results
  File "/usr/local/Anaconda/envs_app/snakemake/5.3.0/lib/python3.6/concurrent/futures/thread.py", line 56, in run
Job failed, going on with independent jobs.

[Sat Jan  5 09:18:23 2019]
rule move_and_unzip_files:
    input: /data/browna6/evolution/pwgs/pwgs_output/egfr_exome_bysample/CL0038/CL0038_T2D_E/CL0038_T2D_E.mutass.zip, /data/browna6/evolution/pwgs/pwgs_output/egfr_exome_bysample/CL0038/CL0038_T2D_E/CL0038_T2D_E.muts.json.gz, /data/browna6/evolution/pwgs/pwgs_output/egfr_exome_bysample/CL0038/CL0038_T2D_E/CL0038_T2D_E.summ.json.gz
    output: /data/browna6/evolution/pwgs/pwgs_output/witness/data/egfr_per_sample_movetest/CL0038/CL0038_T2D_E.mutass.zip, /data/browna6/evolution/pwgs/pwgs_output/witness/data/egfr_per_sample_movetest/CL0038/CL0038_T2D_E.muts.json, /data/browna6/evolution/pwgs/pwgs_output/witness/data/egfr_per_sample_movetest/CL0038/CL0038_T2D_E.summ.json
    jobid: 3
    wildcards: patient=CL0038, sample=CL0038_T2D_E

Job failed, going on with independent jobs.

[Sat Jan  5 09:18:25 2019]
rule move_and_unzip_files:
    input: /data/browna6/evolution/pwgs/pwgs_output/egfr_exome_bysample/CL0038/CL0038_T1D_E/CL0038_T1D_E.mutass.zip, /data/browna6/evolution/pwgs/pwgs_output/egfr_exome_bysample/CL0038/CL0038_T1D_E/CL0038_T1D_E.muts.json.gz, /data/browna6/evolution/pwgs/pwgs_output/egfr_exome_bysample/CL0038/CL0038_T1D_E/CL0038_T1D_E.summ.json.gz
    output: /data/browna6/evolution/pwgs/pwgs_output/witness/data/egfr_per_sample_movetest/CL0038/CL0038_T1D_E.mutass.zip, /data/browna6/evolution/pwgs/pwgs_output/witness/data/egfr_per_sample_movetest/CL0038/CL0038_T1D_E.muts.json, /data/browna6/evolution/pwgs/pwgs_output/witness/data/egfr_per_sample_movetest/CL0038/CL0038_T1D_E.summ.json
    jobid: 1
    wildcards: patient=CL0038, sample=CL0038_T1D_E

Job failed, going on with independent jobs.

[Sat Jan  5 09:18:26 2019]
rule move_and_unzip_files:
    input: /data/browna6/evolution/pwgs/pwgs_output/egfr_exome_bysample/CL0038/CL0038_T3D_E/CL0038_T3D_E.mutass.zip, /data/browna6/evolution/pwgs/pwgs_output/egfr_exome_bysample/CL0038/CL0038_T3D_E/CL0038_T3D_E.muts.json.gz, /data/browna6/evolution/pwgs/pwgs_output/egfr_exome_bysample/CL0038/CL0038_T3D_E/CL0038_T3D_E.summ.json.gz
    output: /data/browna6/evolution/pwgs/pwgs_output/witness/data/egfr_per_sample_movetest/CL0038/CL0038_T3D_E.mutass.zip, /data/browna6/evolution/pwgs/pwgs_output/witness/data/egfr_per_sample_movetest/CL0038/CL0038_T3D_E.muts.json, /data/browna6/evolution/pwgs/pwgs_output/witness/data/egfr_per_sample_movetest/CL0038/CL0038_T3D_E.summ.json
    jobid: 2
    wildcards: patient=CL0038, sample=CL0038_T3D_E

Job failed, going on with independent jobs.

[Sat Jan  5 09:18:27 2019]
rule move_and_unzip_files:
    input: /data/browna6/evolution/pwgs/pwgs_output/egfr_exome_bysample/CL0040/CL0040_T3D_E/CL0040_T3D_E.mutass.zip, /data/browna6/evolution/pwgs/pwgs_output/egfr_exome_bysample/CL0040/CL0040_T3D_E/CL0040_T3D_E.muts.json.gz, /data/browna6/evolution/pwgs/pwgs_output/egfr_exome_bysample/CL0040/CL0040_T3D_E/CL0040_T3D_E.summ.json.gz
    output: /data/browna6/evolution/pwgs/pwgs_output/witness/data/egfr_per_sample_movetest/CL0040/CL0040_T3D_E.mutass.zip, /data/browna6/evolution/pwgs/pwgs_output/witness/data/egfr_per_sample_movetest/CL0040/CL0040_T3D_E.muts.json, /data/browna6/evolution/pwgs/pwgs_output/witness/data/egfr_per_sample_movetest/CL0040/CL0040_T3D_E.summ.json
    jobid: 5
    wildcards: patient=CL0040, sample=CL0040_T3D_E

Job failed, going on with independent jobs.

[Sat Jan  5 09:18:29 2019]
rule move_and_unzip_files:
    input: /data/browna6/evolution/pwgs/pwgs_output/egfr_exome_bysample/CL0040/CL0040_T1D_E/CL0040_T1D_E.mutass.zip, /data/browna6/evolution/pwgs/pwgs_output/egfr_exome_bysample/CL0040/CL0040_T1D_E/CL0040_T1D_E.muts.json.gz, /data/browna6/evolution/pwgs/pwgs_output/egfr_exome_bysample/CL0040/CL0040_T1D_E/CL0040_T1D_E.summ.json.gz
    output: /data/browna6/evolution/pwgs/pwgs_output/witness/data/egfr_per_sample_movetest/CL0040/CL0040_T1D_E.mutass.zip, /data/browna6/evolution/pwgs/pwgs_output/witness/data/egfr_per_sample_movetest/CL0040/CL0040_T1D_E.muts.json, /data/browna6/evolution/pwgs/pwgs_output/witness/data/egfr_per_sample_movetest/CL0040/CL0040_T1D_E.summ.json
    jobid: 4
    wildcards: patient=CL0040, sample=CL0040_T1D_E

Job failed, going on with independent jobs.
Exiting because a job execution failed. Look above for error message
Complete log: /spin1/users/browna6/pwgs_snakemake/.snakemake/log/2019-01-05T091758.204307.snakemake.log
