Multiple include of /spin1/users/browna6/pwgs_snakemake/helpers.py ignored
Building DAG of jobs...
Using shell: /usr/bin/bash
Provided cluster nodes: 10
Job counts:
	count	jobs
	1	all
	3	phylo_input_parsing
	3	run_pretty_vcf
	4	submit_pwgs
	11

[Sun Jan  6 19:30:13 2019]
rule run_pretty_vcf:
    input: /data/GuhaData/LAT/strelka_raw_vcf/CL0083_T1D_E/passed.somatic.snvs_indels_snpEff_on_exome_combined.txt
    output: /data/browna6/evolution/pwgs/phyloinputs/egfr_exome/CL0083_T1D_E.passed.somatic.snvs_indels_snpEff_on_exome_combined.vcf
    jobid: 34
    reason: Missing output files: /data/browna6/evolution/pwgs/phyloinputs/egfr_exome/CL0083_T1D_E.passed.somatic.snvs_indels_snpEff_on_exome_combined.vcf
    wildcards: sample=CL0083_T1D_E

Submitted job 34 with external jobid '17249471'.

[Sun Jan  6 19:30:15 2019]
rule run_pretty_vcf:
    input: /data/GuhaData/LAT/strelka_raw_vcf/CL0084_T2D_E/passed.somatic.snvs_indels_snpEff_on_exome_combined.txt
    output: /data/browna6/evolution/pwgs/phyloinputs/egfr_exome/CL0084_T2D_E.passed.somatic.snvs_indels_snpEff_on_exome_combined.vcf
    jobid: 28
    reason: Missing output files: /data/browna6/evolution/pwgs/phyloinputs/egfr_exome/CL0084_T2D_E.passed.somatic.snvs_indels_snpEff_on_exome_combined.vcf
    wildcards: sample=CL0084_T2D_E

Submitted job 28 with external jobid '17249472'.

[Sun Jan  6 19:30:16 2019]
rule run_pretty_vcf:
    input: /data/GuhaData/LAT/strelka_raw_vcf/CL0084_T1D_E2/passed.somatic.snvs_indels_snpEff_on_exome_combined.txt
    output: /data/browna6/evolution/pwgs/phyloinputs/egfr_exome/CL0084_T1D_E2.passed.somatic.snvs_indels_snpEff_on_exome_combined.vcf
    jobid: 36
    reason: Missing output files: /data/browna6/evolution/pwgs/phyloinputs/egfr_exome/CL0084_T1D_E2.passed.somatic.snvs_indels_snpEff_on_exome_combined.vcf
    wildcards: sample=CL0084_T1D_E2

Submitted job 36 with external jobid '17249473'.

[Sun Jan  6 19:30:17 2019]
rule submit_pwgs:
    input: /data/browna6/evolution/pwgs/phyloinputs/egfr_exome/CL0039/CL0039_T1D_E.params.json, /data/browna6/evolution/pwgs/phyloinputs/egfr_exome/CL0039/CL0039_T1D_E.cnvs.txt, /data/browna6/evolution/pwgs/phyloinputs/egfr_exome/CL0039/CL0039_T1D_E.ssm.txt
    output: /data/browna6/evolution/pwgs/pwgs_output/egfr_exome_bysample/CL0039/CL0039_T1D_E/trees.zip
    jobid: 6
    reason: Missing output files: /data/browna6/evolution/pwgs/pwgs_output/egfr_exome_bysample/CL0039/CL0039_T1D_E/trees.zip
    wildcards: patient=CL0039, sample=CL0039_T1D_E
    threads: 5

python2 /home/browna6/phylowgs/multievolve.py -O /data/browna6/evolution/pwgs/pwgs_output/egfr_exome_bysample/CL0039/CL0039_T1D_E -r 732 25 947 312 375 --num-chains 5 --ssms /data/browna6/evolution/pwgs/phyloinputs/egfr_exome/CL0039/CL0039_T1D_E.ssm.txt --cnvs /data/browna6/evolution/pwgs/phyloinputs/egfr_exome/CL0039/CL0039_T1D_E.cnvs.txt --params /data/browna6/evolution/pwgs/phyloinputs/egfr_exome/CL0039/CL0039_T1D_E.params.json
Submitted job 6 with external jobid '17249474'.
[Sun Jan  6 19:30:43 2019]
Finished job 34.
1 of 11 steps (9%) done

[Sun Jan  6 19:30:43 2019]
rule phylo_input_parsing:
    input: /data/browna6/evolution/pwgs/phyloinputs/egfr_exome/CL0083_T1D_E.passed.somatic.snvs_indels_snpEff_on_exome_combined.vcf, /data/browna6/evolution/pwgs/phyloinputs/egfr_exome/CL0083/CL0083_T1D_E_cnvInput.txt
    output: /data/browna6/evolution/pwgs/phyloinputs/egfr_exome/CL0083/CL0083_T1D_E.params.json, /data/browna6/evolution/pwgs/phyloinputs/egfr_exome/CL0083/CL0083_T1D_E.cnvs.txt, /data/browna6/evolution/pwgs/phyloinputs/egfr_exome/CL0083/CL0083_T1D_E.ssm.txt
    jobid: 17
    reason: Missing output files: /data/browna6/evolution/pwgs/phyloinputs/egfr_exome/CL0083/CL0083_T1D_E.cnvs.txt, /data/browna6/evolution/pwgs/phyloinputs/egfr_exome/CL0083/CL0083_T1D_E.ssm.txt, /data/browna6/evolution/pwgs/phyloinputs/egfr_exome/CL0083/CL0083_T1D_E.params.json; Input files updated by another job: /data/browna6/evolution/pwgs/phyloinputs/egfr_exome/CL0083_T1D_E.passed.somatic.snvs_indels_snpEff_on_exome_combined.vcf
    wildcards: patient=CL0083, sample=CL0083_T1D_E

[Sun Jan  6 19:30:43 2019]
Finished job 28.
2 of 11 steps (18%) done
[Sun Jan  6 19:30:43 2019]
Finished job 36.
3 of 11 steps (27%) done
Submitted job 17 with external jobid '17250633'.

[Sun Jan  6 19:30:49 2019]
rule phylo_input_parsing:
    input: /data/browna6/evolution/pwgs/phyloinputs/egfr_exome/CL0084_T1D_E2.passed.somatic.snvs_indels_snpEff_on_exome_combined.vcf, /data/browna6/evolution/pwgs/phyloinputs/egfr_exome/CL0084/CL0084_T1D_E2_cnvInput.txt
    output: /data/browna6/evolution/pwgs/phyloinputs/egfr_exome/CL0084/CL0084_T1D_E2.params.json, /data/browna6/evolution/pwgs/phyloinputs/egfr_exome/CL0084/CL0084_T1D_E2.cnvs.txt, /data/browna6/evolution/pwgs/phyloinputs/egfr_exome/CL0084/CL0084_T1D_E2.ssm.txt
    jobid: 18
    reason: Missing output files: /data/browna6/evolution/pwgs/phyloinputs/egfr_exome/CL0084/CL0084_T1D_E2.params.json, /data/browna6/evolution/pwgs/phyloinputs/egfr_exome/CL0084/CL0084_T1D_E2.cnvs.txt, /data/browna6/evolution/pwgs/phyloinputs/egfr_exome/CL0084/CL0084_T1D_E2.ssm.txt; Input files updated by another job: /data/browna6/evolution/pwgs/phyloinputs/egfr_exome/CL0084_T1D_E2.passed.somatic.snvs_indels_snpEff_on_exome_combined.vcf
    wildcards: patient=CL0084, sample=CL0084_T1D_E2

Submitted job 18 with external jobid '17250634'.

[Sun Jan  6 19:30:50 2019]
rule phylo_input_parsing:
    input: /data/browna6/evolution/pwgs/phyloinputs/egfr_exome/CL0084_T2D_E.passed.somatic.snvs_indels_snpEff_on_exome_combined.vcf, /data/browna6/evolution/pwgs/phyloinputs/egfr_exome/CL0084/CL0084_T2D_E_cnvInput.txt
    output: /data/browna6/evolution/pwgs/phyloinputs/egfr_exome/CL0084/CL0084_T2D_E.params.json, /data/browna6/evolution/pwgs/phyloinputs/egfr_exome/CL0084/CL0084_T2D_E.cnvs.txt, /data/browna6/evolution/pwgs/phyloinputs/egfr_exome/CL0084/CL0084_T2D_E.ssm.txt
    jobid: 14
    reason: Missing output files: /data/browna6/evolution/pwgs/phyloinputs/egfr_exome/CL0084/CL0084_T2D_E.cnvs.txt, /data/browna6/evolution/pwgs/phyloinputs/egfr_exome/CL0084/CL0084_T2D_E.ssm.txt, /data/browna6/evolution/pwgs/phyloinputs/egfr_exome/CL0084/CL0084_T2D_E.params.json; Input files updated by another job: /data/browna6/evolution/pwgs/phyloinputs/egfr_exome/CL0084_T2D_E.passed.somatic.snvs_indels_snpEff_on_exome_combined.vcf
    wildcards: patient=CL0084, sample=CL0084_T2D_E

Submitted job 14 with external jobid '17250635'.
[Sun Jan  6 19:35:24 2019]
Finished job 17.
4 of 11 steps (36%) done

[Sun Jan  6 19:35:24 2019]
rule submit_pwgs:
    input: /data/browna6/evolution/pwgs/phyloinputs/egfr_exome/CL0083/CL0083_T1D_E.params.json, /data/browna6/evolution/pwgs/phyloinputs/egfr_exome/CL0083/CL0083_T1D_E.cnvs.txt, /data/browna6/evolution/pwgs/phyloinputs/egfr_exome/CL0083/CL0083_T1D_E.ssm.txt
    output: /data/browna6/evolution/pwgs/pwgs_output/egfr_exome_bysample/CL0083/CL0083_T1D_E/trees.zip
    jobid: 8
    reason: Missing output files: /data/browna6/evolution/pwgs/pwgs_output/egfr_exome_bysample/CL0083/CL0083_T1D_E/trees.zip; Input files updated by another job: /data/browna6/evolution/pwgs/phyloinputs/egfr_exome/CL0083/CL0083_T1D_E.cnvs.txt, /data/browna6/evolution/pwgs/phyloinputs/egfr_exome/CL0083/CL0083_T1D_E.ssm.txt, /data/browna6/evolution/pwgs/phyloinputs/egfr_exome/CL0083/CL0083_T1D_E.params.json
    wildcards: patient=CL0083, sample=CL0083_T1D_E
    threads: 5

python2 /home/browna6/phylowgs/multievolve.py -O /data/browna6/evolution/pwgs/pwgs_output/egfr_exome_bysample/CL0083/CL0083_T1D_E -r 732 25 947 312 375 --num-chains 5 --ssms /data/browna6/evolution/pwgs/phyloinputs/egfr_exome/CL0083/CL0083_T1D_E.ssm.txt --cnvs /data/browna6/evolution/pwgs/phyloinputs/egfr_exome/CL0083/CL0083_T1D_E.cnvs.txt --params /data/browna6/evolution/pwgs/phyloinputs/egfr_exome/CL0083/CL0083_T1D_E.params.json
[Sun Jan  6 19:35:24 2019]
Finished job 18.
5 of 11 steps (45%) done
[Sun Jan  6 19:35:24 2019]
Finished job 14.
6 of 11 steps (55%) done
Submitted job 8 with external jobid '17250718'.

[Sun Jan  6 19:35:25 2019]
rule submit_pwgs:
    input: /data/browna6/evolution/pwgs/phyloinputs/egfr_exome/CL0084/CL0084_T2D_E.params.json, /data/browna6/evolution/pwgs/phyloinputs/egfr_exome/CL0084/CL0084_T2D_E.cnvs.txt, /data/browna6/evolution/pwgs/phyloinputs/egfr_exome/CL0084/CL0084_T2D_E.ssm.txt
    output: /data/browna6/evolution/pwgs/pwgs_output/egfr_exome_bysample/CL0084/CL0084_T2D_E/trees.zip
    jobid: 5
    reason: Missing output files: /data/browna6/evolution/pwgs/pwgs_output/egfr_exome_bysample/CL0084/CL0084_T2D_E/trees.zip; Input files updated by another job: /data/browna6/evolution/pwgs/phyloinputs/egfr_exome/CL0084/CL0084_T2D_E.cnvs.txt, /data/browna6/evolution/pwgs/phyloinputs/egfr_exome/CL0084/CL0084_T2D_E.ssm.txt, /data/browna6/evolution/pwgs/phyloinputs/egfr_exome/CL0084/CL0084_T2D_E.params.json
    wildcards: patient=CL0084, sample=CL0084_T2D_E
    threads: 5

python2 /home/browna6/phylowgs/multievolve.py -O /data/browna6/evolution/pwgs/pwgs_output/egfr_exome_bysample/CL0084/CL0084_T2D_E -r 732 25 947 312 375 --num-chains 5 --ssms /data/browna6/evolution/pwgs/phyloinputs/egfr_exome/CL0084/CL0084_T2D_E.ssm.txt --cnvs /data/browna6/evolution/pwgs/phyloinputs/egfr_exome/CL0084/CL0084_T2D_E.cnvs.txt --params /data/browna6/evolution/pwgs/phyloinputs/egfr_exome/CL0084/CL0084_T2D_E.params.json
Submitted job 5 with external jobid '17250719'.

[Sun Jan  6 19:35:26 2019]
rule submit_pwgs:
    input: /data/browna6/evolution/pwgs/phyloinputs/egfr_exome/CL0084/CL0084_T1D_E2.params.json, /data/browna6/evolution/pwgs/phyloinputs/egfr_exome/CL0084/CL0084_T1D_E2.cnvs.txt, /data/browna6/evolution/pwgs/phyloinputs/egfr_exome/CL0084/CL0084_T1D_E2.ssm.txt
    output: /data/browna6/evolution/pwgs/pwgs_output/egfr_exome_bysample/CL0084/CL0084_T1D_E2/trees.zip
    jobid: 9
    reason: Missing output files: /data/browna6/evolution/pwgs/pwgs_output/egfr_exome_bysample/CL0084/CL0084_T1D_E2/trees.zip; Input files updated by another job: /data/browna6/evolution/pwgs/phyloinputs/egfr_exome/CL0084/CL0084_T1D_E2.params.json, /data/browna6/evolution/pwgs/phyloinputs/egfr_exome/CL0084/CL0084_T1D_E2.cnvs.txt, /data/browna6/evolution/pwgs/phyloinputs/egfr_exome/CL0084/CL0084_T1D_E2.ssm.txt
    wildcards: patient=CL0084, sample=CL0084_T1D_E2
    threads: 5

python2 /home/browna6/phylowgs/multievolve.py -O /data/browna6/evolution/pwgs/pwgs_output/egfr_exome_bysample/CL0084/CL0084_T1D_E2 -r 732 25 947 312 375 --num-chains 5 --ssms /data/browna6/evolution/pwgs/phyloinputs/egfr_exome/CL0084/CL0084_T1D_E2.ssm.txt --cnvs /data/browna6/evolution/pwgs/phyloinputs/egfr_exome/CL0084/CL0084_T1D_E2.cnvs.txt --params /data/browna6/evolution/pwgs/phyloinputs/egfr_exome/CL0084/CL0084_T1D_E2.params.json
Submitted job 9 with external jobid '17250721'.
[Sun Jan  6 20:18:26 2019]
Finished job 6.
7 of 11 steps (64%) done
[Sun Jan  6 20:34:07 2019]
Finished job 5.
8 of 11 steps (73%) done
[Sun Jan  6 21:11:50 2019]
Finished job 8.
9 of 11 steps (82%) done
[Sun Jan  6 21:43:32 2019]
Finished job 9.
10 of 11 steps (91%) done

[Sun Jan  6 21:43:32 2019]
localrule all:
    input: /data/browna6/evolution/pwgs/pwgs_output/egfr_exome_bysample/CL0038/CL0038_T1D_E/trees.zip, /data/browna6/evolution/pwgs/pwgs_output/egfr_exome_bysample/CL0038/CL0038_T2D_E/trees.zip, /data/browna6/evolution/pwgs/pwgs_output/egfr_exome_bysample/CL0038/CL0038_T3D_E/trees.zip, /data/browna6/evolution/pwgs/pwgs_output/egfr_exome_bysample/CL0039/CL0039_T1D_E/trees.zip, /data/browna6/evolution/pwgs/pwgs_output/egfr_exome_bysample/CL0040/CL0040_T1D_E/trees.zip, /data/browna6/evolution/pwgs/pwgs_output/egfr_exome_bysample/CL0040/CL0040_T3D_E/trees.zip, /data/browna6/evolution/pwgs/pwgs_output/egfr_exome_bysample/CL0083/CL0083_T1D_E/trees.zip, /data/browna6/evolution/pwgs/pwgs_output/egfr_exome_bysample/CL0084/CL0084_T1D_E2/trees.zip, /data/browna6/evolution/pwgs/pwgs_output/egfr_exome_bysample/CL0084/CL0084_T2D_E/trees.zip
    jobid: 0
    reason: Input files updated by another job: /data/browna6/evolution/pwgs/pwgs_output/egfr_exome_bysample/CL0084/CL0084_T2D_E/trees.zip, /data/browna6/evolution/pwgs/pwgs_output/egfr_exome_bysample/CL0039/CL0039_T1D_E/trees.zip, /data/browna6/evolution/pwgs/pwgs_output/egfr_exome_bysample/CL0083/CL0083_T1D_E/trees.zip, /data/browna6/evolution/pwgs/pwgs_output/egfr_exome_bysample/CL0084/CL0084_T1D_E2/trees.zip

[Sun Jan  6 21:43:32 2019]
Finished job 0.
11 of 11 steps (100%) done
Complete log: /spin1/users/browna6/pwgs_snakemake/.snakemake/log/2019-01-06T193012.492196.snakemake.log
