Multiple include of /spin1/users/browna6/pwgs_snakemake/helpers.py ignored
Multiple include of /spin1/users/browna6/pwgs_snakemake/helpers.py ignored
Multiple include of /spin1/users/browna6/pwgs_snakemake/helpers.py ignored
Building DAG of jobs...
Using shell: /usr/bin/bash
Provided cluster nodes: 10
Job counts:
	count	jobs
	1	all
	4	move_and_unzip_files
	4	phylo_input_parsing
	7	run_cnv_parsing
	4	run_final_parser_ms
	6	run_pretty_vcf
	4	submit_pwgs
	4	write_results
	34

[Sun Mar 10 11:25:30 2019]
rule run_cnv_parsing:
    input: /data/browna6/evolution/facets/egfr_exome/fitted/NCI0395_T2D_E.snppile.csv.gz_fitted.csv
    output: /data/browna6/evolution/pwgs/phyloinputs/egfr_editedCopy2/NCI0395_2/NCI0395_T2D_E_cnvInput.txt
    jobid: 27
    reason: Missing output files: /data/browna6/evolution/pwgs/phyloinputs/egfr_editedCopy2/NCI0395_2/NCI0395_T2D_E_cnvInput.txt
    wildcards: patient=NCI0395_2, sample=NCI0395_T2D_E

Submitted job 27 with external jobid '22108554'.

[Sun Mar 10 11:25:32 2019]
rule run_pretty_vcf:
    input: /data/GuhaData/LAT/strelka_raw_vcf/CL0038_T3D_E/passed.somatic.snvs_indels_snpEff_on_exome_combined.txt
    output: /data/browna6/evolution/pwgs/phyloinputs/egfr_editedCopy2/CL0038_T3D_E.passed.somatic.snvs_indels_snpEff_on_exome_combined.vcf
    jobid: 13
    reason: Missing output files: /data/browna6/evolution/pwgs/phyloinputs/egfr_editedCopy2/CL0038_T3D_E.passed.somatic.snvs_indels_snpEff_on_exome_combined.vcf
    wildcards: sample=CL0038_T3D_E

Submitted job 13 with external jobid '22108555'.

[Sun Mar 10 11:25:33 2019]
rule run_cnv_parsing:
    input: /data/browna6/evolution/facets/egfr_exome/fitted/CL0038_T3D_E.snppile.csv.gz_fitted.csv
    output: /data/browna6/evolution/pwgs/phyloinputs/egfr_editedCopy2/CL0038_2/CL0038_T3D_E_cnvInput.txt
    jobid: 15
    reason: Missing output files: /data/browna6/evolution/pwgs/phyloinputs/egfr_editedCopy2/CL0038_2/CL0038_T3D_E_cnvInput.txt
    wildcards: patient=CL0038_2, sample=CL0038_T3D_E

Submitted job 15 with external jobid '22108556'.

[Sun Mar 10 11:25:34 2019]
rule run_cnv_parsing:
    input: /data/browna6/evolution/facets/egfr_exome/fitted/CL0038_T1D_E.snppile.csv.gz_fitted.csv
    output: /data/browna6/evolution/pwgs/phyloinputs/egfr_editedCopy2/CL0038_1/CL0038_T1D_E_cnvInput.txt
    jobid: 19
    reason: Missing output files: /data/browna6/evolution/pwgs/phyloinputs/egfr_editedCopy2/CL0038_1/CL0038_T1D_E_cnvInput.txt
    wildcards: patient=CL0038_1, sample=CL0038_T1D_E

Submitted job 19 with external jobid '22108557'.

[Sun Mar 10 11:25:35 2019]
rule run_pretty_vcf:
    input: /data/GuhaData/LAT/strelka_raw_vcf/NCI0395_T3D_E/passed.somatic.snvs_indels_snpEff_on_exome_combined.txt
    output: /data/browna6/evolution/pwgs/phyloinputs/egfr_editedCopy2/NCI0395_T3D_E.passed.somatic.snvs_indels_snpEff_on_exome_combined.vcf
    jobid: 22
    reason: Missing output files: /data/browna6/evolution/pwgs/phyloinputs/egfr_editedCopy2/NCI0395_T3D_E.passed.somatic.snvs_indels_snpEff_on_exome_combined.vcf
    wildcards: sample=NCI0395_T3D_E

Submitted job 22 with external jobid '22108558'.

[Sun Mar 10 11:25:36 2019]
rule run_pretty_vcf:
    input: /data/GuhaData/LAT/strelka_raw_vcf/NCI0395_T1D_E/passed.somatic.snvs_indels_snpEff_on_exome_combined.txt
    output: /data/browna6/evolution/pwgs/phyloinputs/egfr_editedCopy2/NCI0395_T1D_E.passed.somatic.snvs_indels_snpEff_on_exome_combined.vcf
    jobid: 21
    reason: Missing output files: /data/browna6/evolution/pwgs/phyloinputs/egfr_editedCopy2/NCI0395_T1D_E.passed.somatic.snvs_indels_snpEff_on_exome_combined.vcf
    wildcards: sample=NCI0395_T1D_E

Submitted job 21 with external jobid '22108559'.

[Sun Mar 10 11:25:39 2019]
rule run_pretty_vcf:
    input: /data/GuhaData/LAT/strelka_raw_vcf/NCI0395_T2D_E/passed.somatic.snvs_indels_snpEff_on_exome_combined.txt
    output: /data/browna6/evolution/pwgs/phyloinputs/egfr_editedCopy2/NCI0395_T2D_E.passed.somatic.snvs_indels_snpEff_on_exome_combined.vcf
    jobid: 26
    reason: Missing output files: /data/browna6/evolution/pwgs/phyloinputs/egfr_editedCopy2/NCI0395_T2D_E.passed.somatic.snvs_indels_snpEff_on_exome_combined.vcf
    wildcards: sample=NCI0395_T2D_E

Waiting at most 120 seconds for missing files.
Submitted job 26 with external jobid '22108560'.

[Sun Mar 10 11:25:43 2019]
rule run_pretty_vcf:
    input: /data/GuhaData/LAT/strelka_raw_vcf/CL0038_T2D_E/passed.somatic.snvs_indels_snpEff_on_exome_combined.txt
    output: /data/browna6/evolution/pwgs/phyloinputs/egfr_editedCopy2/CL0038_T1D_E.passed.somatic.snvs_indels_snpEff_on_exome_combined.vcf
    jobid: 18
    reason: Missing output files: /data/browna6/evolution/pwgs/phyloinputs/egfr_editedCopy2/CL0038_T1D_E.passed.somatic.snvs_indels_snpEff_on_exome_combined.vcf
    wildcards: sample=CL0038_T1D_E

Submitted job 18 with external jobid '22108561'.

[Sun Mar 10 11:25:47 2019]
rule run_cnv_parsing:
    input: /data/browna6/evolution/facets/egfr_exome/fitted/CL0038_T2D_E.snppile.csv.gz_fitted.csv
    output: /data/browna6/evolution/pwgs/phyloinputs/egfr_editedCopy2/CL0038_2/CL0038_T2D_E_cnvInput.txt
    jobid: 16
    reason: Missing output files: /data/browna6/evolution/pwgs/phyloinputs/egfr_editedCopy2/CL0038_2/CL0038_T2D_E_cnvInput.txt
    wildcards: patient=CL0038_2, sample=CL0038_T2D_E

Submitted job 16 with external jobid '22108562'.

[Sun Mar 10 11:25:48 2019]
rule run_pretty_vcf:
    input: /data/GuhaData/LAT/strelka_raw_vcf/CL0038_T2D_E/passed.somatic.snvs_indels_snpEff_on_exome_combined.txt
    output: /data/browna6/evolution/pwgs/phyloinputs/egfr_editedCopy2/CL0038_T2D_E.passed.somatic.snvs_indels_snpEff_on_exome_combined.vcf
    jobid: 14
    reason: Missing output files: /data/browna6/evolution/pwgs/phyloinputs/egfr_editedCopy2/CL0038_T2D_E.passed.somatic.snvs_indels_snpEff_on_exome_combined.vcf
    wildcards: sample=CL0038_T2D_E

Submitted job 14 with external jobid '22108563'.
[Sun Mar 10 11:26:00 2019]
Finished job 27.
1 of 34 steps (3%) done

[Sun Mar 10 11:26:00 2019]
rule run_cnv_parsing:
    input: /data/browna6/evolution/facets/egfr_exome/fitted/NCI0395_T1D_E.snppile.csv.gz_fitted.csv
    output: /data/browna6/evolution/pwgs/phyloinputs/egfr_editedCopy2/NCI0395_1/NCI0395_T1D_E_cnvInput.txt
    jobid: 23
    reason: Missing output files: /data/browna6/evolution/pwgs/phyloinputs/egfr_editedCopy2/NCI0395_1/NCI0395_T1D_E_cnvInput.txt
    wildcards: patient=NCI0395_1, sample=NCI0395_T1D_E

[Sun Mar 10 11:26:00 2019]
Finished job 13.
2 of 34 steps (6%) done
[Sun Mar 10 11:26:01 2019]
Finished job 15.
3 of 34 steps (9%) done
[Sun Mar 10 11:26:01 2019]
Finished job 19.
4 of 34 steps (12%) done
[Sun Mar 10 11:26:01 2019]
Finished job 22.
5 of 34 steps (15%) done
[Sun Mar 10 11:26:01 2019]
Finished job 21.
6 of 34 steps (18%) done
Submitted job 23 with external jobid '22108566'.

[Sun Mar 10 11:26:02 2019]
rule run_cnv_parsing:
    input: /data/browna6/evolution/facets/egfr_exome/fitted/NCI0395_T3D_E.snppile.csv.gz_fitted.csv
    output: /data/browna6/evolution/pwgs/phyloinputs/egfr_editedCopy2/NCI0395_2/NCI0395_T3D_E_cnvInput.txt
    jobid: 28
    reason: Missing output files: /data/browna6/evolution/pwgs/phyloinputs/egfr_editedCopy2/NCI0395_2/NCI0395_T3D_E_cnvInput.txt
    wildcards: patient=NCI0395_2, sample=NCI0395_T3D_E

Submitted job 28 with external jobid '22108567'.

[Sun Mar 10 11:26:03 2019]
rule run_cnv_parsing:
    input: /data/browna6/evolution/facets/egfr_exome/fitted/NCI0395_T3D_E.snppile.csv.gz_fitted.csv
    output: /data/browna6/evolution/pwgs/phyloinputs/egfr_editedCopy2/NCI0395_1/NCI0395_T3D_E_cnvInput.txt
    jobid: 24
    reason: Missing output files: /data/browna6/evolution/pwgs/phyloinputs/egfr_editedCopy2/NCI0395_1/NCI0395_T3D_E_cnvInput.txt
    wildcards: patient=NCI0395_1, sample=NCI0395_T3D_E

Submitted job 24 with external jobid '22108568'.
[Sun Mar 10 11:26:11 2019]
Finished job 26.
7 of 34 steps (21%) done
[Sun Mar 10 11:26:11 2019]
Finished job 18.
8 of 34 steps (24%) done

[Sun Mar 10 11:26:11 2019]
rule phylo_input_parsing:
    input: /data/browna6/evolution/pwgs/phyloinputs/egfr_editedCopy2/CL0038_T1D_E.passed.somatic.snvs_indels_snpEff_on_exome_combined.vcf, /data/browna6/evolution/pwgs/phyloinputs/egfr_editedCopy2/CL0038_1/CL0038_T1D_E_cnvInput.txt
    output: /data/browna6/evolution/pwgs/phyloinputs/egfr_editedCopy2/CL0038_1/CL0038_1.params.json, /data/browna6/evolution/pwgs/phyloinputs/egfr_editedCopy2/CL0038_1/CL0038_1.cnvs.txt, /data/browna6/evolution/pwgs/phyloinputs/egfr_editedCopy2/CL0038_1/CL0038_1.ssm.txt
    jobid: 7
    reason: Missing output files: /data/browna6/evolution/pwgs/phyloinputs/egfr_editedCopy2/CL0038_1/CL0038_1.ssm.txt, /data/browna6/evolution/pwgs/phyloinputs/egfr_editedCopy2/CL0038_1/CL0038_1.cnvs.txt, /data/browna6/evolution/pwgs/phyloinputs/egfr_editedCopy2/CL0038_1/CL0038_1.params.json; Input files updated by another job: /data/browna6/evolution/pwgs/phyloinputs/egfr_editedCopy2/CL0038_T1D_E.passed.somatic.snvs_indels_snpEff_on_exome_combined.vcf, /data/browna6/evolution/pwgs/phyloinputs/egfr_editedCopy2/CL0038_1/CL0038_T1D_E_cnvInput.txt
    wildcards: patient=CL0038_1

python2 /data/browna6/pwgs_snakemake/create_phylowgs_inputs.py --regions all --cnvs CL0038_T1D_E=/data/browna6/evolution/pwgs/phyloinputs/egfr_editedCopy2/CL0038_1/CL0038_T1D_E_cnvInput.txt --output-cnvs /data/browna6/evolution/pwgs/phyloinputs/egfr_editedCopy2/CL0038_1/CL0038_1.cnvs.txt --output-variants /data/browna6/evolution/pwgs/phyloinputs/egfr_editedCopy2/CL0038_1/CL0038_1.ssm.txt --output-params /data/browna6/evolution/pwgs/phyloinputs/egfr_editedCopy2/CL0038_1/CL0038_1.params.json --vcf-type CL0038_T1D_E=strelka_indelcombined CL0038_T1D_E=/data/browna6/evolution/pwgs/phyloinputs/egfr_editedCopy2/CL0038_T1D_E.passed.somatic.snvs_indels_snpEff_on_exome_combined.vcf
[Sun Mar 10 11:26:11 2019]
Finished job 16.
9 of 34 steps (26%) done
[Sun Mar 10 11:26:11 2019]
Finished job 14.
10 of 34 steps (29%) done
Submitted job 7 with external jobid '22108569'.

[Sun Mar 10 11:26:12 2019]
rule phylo_input_parsing:
    input: /data/browna6/evolution/pwgs/phyloinputs/egfr_editedCopy2/CL0038_T3D_E.passed.somatic.snvs_indels_snpEff_on_exome_combined.vcf, /data/browna6/evolution/pwgs/phyloinputs/egfr_editedCopy2/CL0038_T2D_E.passed.somatic.snvs_indels_snpEff_on_exome_combined.vcf, /data/browna6/evolution/pwgs/phyloinputs/egfr_editedCopy2/CL0038_T3D_E.passed.somatic.snvs_indels_snpEff_on_exome_combined.vcf, /data/browna6/evolution/pwgs/phyloinputs/egfr_editedCopy2/CL0038_2/CL0038_T3D_E_cnvInput.txt, /data/browna6/evolution/pwgs/phyloinputs/egfr_editedCopy2/CL0038_2/CL0038_T2D_E_cnvInput.txt, /data/browna6/evolution/pwgs/phyloinputs/egfr_editedCopy2/CL0038_2/CL0038_T3D_E_cnvInput.txt
    output: /data/browna6/evolution/pwgs/phyloinputs/egfr_editedCopy2/CL0038_2/CL0038_2.params.json, /data/browna6/evolution/pwgs/phyloinputs/egfr_editedCopy2/CL0038_2/CL0038_2.cnvs.txt, /data/browna6/evolution/pwgs/phyloinputs/egfr_editedCopy2/CL0038_2/CL0038_2.ssm.txt
    jobid: 5
    reason: Missing output files: /data/browna6/evolution/pwgs/phyloinputs/egfr_editedCopy2/CL0038_2/CL0038_2.ssm.txt, /data/browna6/evolution/pwgs/phyloinputs/egfr_editedCopy2/CL0038_2/CL0038_2.cnvs.txt, /data/browna6/evolution/pwgs/phyloinputs/egfr_editedCopy2/CL0038_2/CL0038_2.params.json; Input files updated by another job: /data/browna6/evolution/pwgs/phyloinputs/egfr_editedCopy2/CL0038_T2D_E.passed.somatic.snvs_indels_snpEff_on_exome_combined.vcf, /data/browna6/evolution/pwgs/phyloinputs/egfr_editedCopy2/CL0038_2/CL0038_T2D_E_cnvInput.txt, /data/browna6/evolution/pwgs/phyloinputs/egfr_editedCopy2/CL0038_T3D_E.passed.somatic.snvs_indels_snpEff_on_exome_combined.vcf, /data/browna6/evolution/pwgs/phyloinputs/egfr_editedCopy2/CL0038_2/CL0038_T3D_E_cnvInput.txt
    wildcards: patient=CL0038_2

python2 /data/browna6/pwgs_snakemake/create_phylowgs_inputs.py --regions all --cnvs CL0038_T3D_E=/data/browna6/evolution/pwgs/phyloinputs/egfr_editedCopy2/CL0038_2/CL0038_T3D_E_cnvInput.txt --cnvs CL0038_T2D_E=/data/browna6/evolution/pwgs/phyloinputs/egfr_editedCopy2/CL0038_2/CL0038_T2D_E_cnvInput.txt --cnvs CL0038_T3D_E=/data/browna6/evolution/pwgs/phyloinputs/egfr_editedCopy2/CL0038_2/CL0038_T3D_E_cnvInput.txt --output-cnvs /data/browna6/evolution/pwgs/phyloinputs/egfr_editedCopy2/CL0038_2/CL0038_2.cnvs.txt --output-variants /data/browna6/evolution/pwgs/phyloinputs/egfr_editedCopy2/CL0038_2/CL0038_2.ssm.txt --output-params /data/browna6/evolution/pwgs/phyloinputs/egfr_editedCopy2/CL0038_2/CL0038_2.params.json --vcf-type CL0038_T3D_E=strelka_indelcombined --vcf-type CL0038_T2D_E=strelka_indelcombined --vcf-type CL0038_T3D_E=strelka_indelcombined CL0038_T3D_E=/data/browna6/evolution/pwgs/phyloinputs/egfr_editedCopy2/CL0038_T3D_E.passed.somatic.snvs_indels_snpEff_on_exome_combined.vcf CL0038_T2D_E=/data/browna6/evolution/pwgs/phyloinputs/egfr_editedCopy2/CL0038_T2D_E.passed.somatic.snvs_indels_snpEff_on_exome_combined.vcf CL0038_T3D_E=/data/browna6/evolution/pwgs/phyloinputs/egfr_editedCopy2/CL0038_T3D_E.passed.somatic.snvs_indels_snpEff_on_exome_combined.vcf
Submitted job 5 with external jobid '22108570'.
Waiting at most 120 seconds for missing files.
[Sun Mar 10 11:26:31 2019]
Finished job 7.
11 of 34 steps (32%) done

[Sun Mar 10 11:26:31 2019]
rule submit_pwgs:
    input: /data/browna6/evolution/pwgs/phyloinputs/egfr_editedCopy2/CL0038_1/CL0038_1.params.json, /data/browna6/evolution/pwgs/phyloinputs/egfr_editedCopy2/CL0038_1/CL0038_1.cnvs.txt, /data/browna6/evolution/pwgs/phyloinputs/egfr_editedCopy2/CL0038_1/CL0038_1.ssm.txt
    output: /data/browna6/evolution/pwgs/pwgs_output/egfr_editedCopy2/CL0038_1/CL0038_1/trees.zip
    jobid: 31
    reason: Missing output files: /data/browna6/evolution/pwgs/pwgs_output/egfr_editedCopy2/CL0038_1/CL0038_1/trees.zip; Input files updated by another job: /data/browna6/evolution/pwgs/phyloinputs/egfr_editedCopy2/CL0038_1/CL0038_1.ssm.txt, /data/browna6/evolution/pwgs/phyloinputs/egfr_editedCopy2/CL0038_1/CL0038_1.cnvs.txt, /data/browna6/evolution/pwgs/phyloinputs/egfr_editedCopy2/CL0038_1/CL0038_1.params.json
    wildcards: patient=CL0038_1, sample=CL0038_1
    threads: 5

python2 /home/browna6/phylowgs/multievolve.py -O /data/browna6/evolution/pwgs/pwgs_output/egfr_editedCopy2/CL0038_1/CL0038_1 -r 792 794 852 827 375 --num-chains 5 --ssms /data/browna6/evolution/pwgs/phyloinputs/egfr_editedCopy2/CL0038_1/CL0038_1.ssm.txt --cnvs /data/browna6/evolution/pwgs/phyloinputs/egfr_editedCopy2/CL0038_1/CL0038_1.cnvs.txt --params /data/browna6/evolution/pwgs/phyloinputs/egfr_editedCopy2/CL0038_1/CL0038_1.params.json
[Sun Mar 10 11:26:31 2019]
Error in rule phylo_input_parsing:
    jobid: 5
    output: /data/browna6/evolution/pwgs/phyloinputs/egfr_editedCopy2/CL0038_2/CL0038_2.params.json, /data/browna6/evolution/pwgs/phyloinputs/egfr_editedCopy2/CL0038_2/CL0038_2.cnvs.txt, /data/browna6/evolution/pwgs/phyloinputs/egfr_editedCopy2/CL0038_2/CL0038_2.ssm.txt
    cluster_jobid: 22108570

Job failed, going on with independent jobs.
Submitted job 31 with external jobid '22108571'.
[Sun Mar 10 11:26:41 2019]
Finished job 23.
12 of 34 steps (35%) done
[Sun Mar 10 11:26:41 2019]
Finished job 28.
13 of 34 steps (38%) done

[Sun Mar 10 11:26:41 2019]
rule phylo_input_parsing:
    input: /data/browna6/evolution/pwgs/phyloinputs/egfr_editedCopy2/NCI0395_T2D_E.passed.somatic.snvs_indels_snpEff_on_exome_combined.vcf, /data/browna6/evolution/pwgs/phyloinputs/egfr_editedCopy2/NCI0395_T3D_E.passed.somatic.snvs_indels_snpEff_on_exome_combined.vcf, /data/browna6/evolution/pwgs/phyloinputs/egfr_editedCopy2/NCI0395_2/NCI0395_T2D_E_cnvInput.txt, /data/browna6/evolution/pwgs/phyloinputs/egfr_editedCopy2/NCI0395_2/NCI0395_T3D_E_cnvInput.txt
    output: /data/browna6/evolution/pwgs/phyloinputs/egfr_editedCopy2/NCI0395_2/NCI0395_2.params.json, /data/browna6/evolution/pwgs/phyloinputs/egfr_editedCopy2/NCI0395_2/NCI0395_2.cnvs.txt, /data/browna6/evolution/pwgs/phyloinputs/egfr_editedCopy2/NCI0395_2/NCI0395_2.ssm.txt
    jobid: 11
    reason: Missing output files: /data/browna6/evolution/pwgs/phyloinputs/egfr_editedCopy2/NCI0395_2/NCI0395_2.params.json, /data/browna6/evolution/pwgs/phyloinputs/egfr_editedCopy2/NCI0395_2/NCI0395_2.ssm.txt, /data/browna6/evolution/pwgs/phyloinputs/egfr_editedCopy2/NCI0395_2/NCI0395_2.cnvs.txt; Input files updated by another job: /data/browna6/evolution/pwgs/phyloinputs/egfr_editedCopy2/NCI0395_T2D_E.passed.somatic.snvs_indels_snpEff_on_exome_combined.vcf, /data/browna6/evolution/pwgs/phyloinputs/egfr_editedCopy2/NCI0395_T3D_E.passed.somatic.snvs_indels_snpEff_on_exome_combined.vcf, /data/browna6/evolution/pwgs/phyloinputs/egfr_editedCopy2/NCI0395_2/NCI0395_T3D_E_cnvInput.txt, /data/browna6/evolution/pwgs/phyloinputs/egfr_editedCopy2/NCI0395_2/NCI0395_T2D_E_cnvInput.txt
    wildcards: patient=NCI0395_2

python2 /data/browna6/pwgs_snakemake/create_phylowgs_inputs.py --regions all --cnvs NCI0395_T2D_E=/data/browna6/evolution/pwgs/phyloinputs/egfr_editedCopy2/NCI0395_2/NCI0395_T2D_E_cnvInput.txt --cnvs NCI0395_T3D_E=/data/browna6/evolution/pwgs/phyloinputs/egfr_editedCopy2/NCI0395_2/NCI0395_T3D_E_cnvInput.txt --output-cnvs /data/browna6/evolution/pwgs/phyloinputs/egfr_editedCopy2/NCI0395_2/NCI0395_2.cnvs.txt --output-variants /data/browna6/evolution/pwgs/phyloinputs/egfr_editedCopy2/NCI0395_2/NCI0395_2.ssm.txt --output-params /data/browna6/evolution/pwgs/phyloinputs/egfr_editedCopy2/NCI0395_2/NCI0395_2.params.json --vcf-type NCI0395_T2D_E=strelka_indelcombined --vcf-type NCI0395_T3D_E=strelka_indelcombined NCI0395_T2D_E=/data/browna6/evolution/pwgs/phyloinputs/egfr_editedCopy2/NCI0395_T2D_E.passed.somatic.snvs_indels_snpEff_on_exome_combined.vcf NCI0395_T3D_E=/data/browna6/evolution/pwgs/phyloinputs/egfr_editedCopy2/NCI0395_T3D_E.passed.somatic.snvs_indels_snpEff_on_exome_combined.vcf
[Sun Mar 10 11:26:41 2019]
Finished job 24.
14 of 34 steps (41%) done
Submitted job 11 with external jobid '22108573'.

[Sun Mar 10 11:26:42 2019]
rule phylo_input_parsing:
    input: /data/browna6/evolution/pwgs/phyloinputs/egfr_editedCopy2/NCI0395_T1D_E.passed.somatic.snvs_indels_snpEff_on_exome_combined.vcf, /data/browna6/evolution/pwgs/phyloinputs/egfr_editedCopy2/NCI0395_T3D_E.passed.somatic.snvs_indels_snpEff_on_exome_combined.vcf, /data/browna6/evolution/pwgs/phyloinputs/egfr_editedCopy2/NCI0395_1/NCI0395_T1D_E_cnvInput.txt, /data/browna6/evolution/pwgs/phyloinputs/egfr_editedCopy2/NCI0395_1/NCI0395_T3D_E_cnvInput.txt
    output: /data/browna6/evolution/pwgs/phyloinputs/egfr_editedCopy2/NCI0395_1/NCI0395_1.params.json, /data/browna6/evolution/pwgs/phyloinputs/egfr_editedCopy2/NCI0395_1/NCI0395_1.cnvs.txt, /data/browna6/evolution/pwgs/phyloinputs/egfr_editedCopy2/NCI0395_1/NCI0395_1.ssm.txt
    jobid: 9
    reason: Missing output files: /data/browna6/evolution/pwgs/phyloinputs/egfr_editedCopy2/NCI0395_1/NCI0395_1.params.json, /data/browna6/evolution/pwgs/phyloinputs/egfr_editedCopy2/NCI0395_1/NCI0395_1.ssm.txt, /data/browna6/evolution/pwgs/phyloinputs/egfr_editedCopy2/NCI0395_1/NCI0395_1.cnvs.txt; Input files updated by another job: /data/browna6/evolution/pwgs/phyloinputs/egfr_editedCopy2/NCI0395_T1D_E.passed.somatic.snvs_indels_snpEff_on_exome_combined.vcf, /data/browna6/evolution/pwgs/phyloinputs/egfr_editedCopy2/NCI0395_T3D_E.passed.somatic.snvs_indels_snpEff_on_exome_combined.vcf, /data/browna6/evolution/pwgs/phyloinputs/egfr_editedCopy2/NCI0395_1/NCI0395_T3D_E_cnvInput.txt, /data/browna6/evolution/pwgs/phyloinputs/egfr_editedCopy2/NCI0395_1/NCI0395_T1D_E_cnvInput.txt
    wildcards: patient=NCI0395_1

python2 /data/browna6/pwgs_snakemake/create_phylowgs_inputs.py --regions all --cnvs NCI0395_T1D_E=/data/browna6/evolution/pwgs/phyloinputs/egfr_editedCopy2/NCI0395_1/NCI0395_T1D_E_cnvInput.txt --cnvs NCI0395_T3D_E=/data/browna6/evolution/pwgs/phyloinputs/egfr_editedCopy2/NCI0395_1/NCI0395_T3D_E_cnvInput.txt --output-cnvs /data/browna6/evolution/pwgs/phyloinputs/egfr_editedCopy2/NCI0395_1/NCI0395_1.cnvs.txt --output-variants /data/browna6/evolution/pwgs/phyloinputs/egfr_editedCopy2/NCI0395_1/NCI0395_1.ssm.txt --output-params /data/browna6/evolution/pwgs/phyloinputs/egfr_editedCopy2/NCI0395_1/NCI0395_1.params.json --vcf-type NCI0395_T1D_E=strelka_indelcombined --vcf-type NCI0395_T3D_E=strelka_indelcombined NCI0395_T1D_E=/data/browna6/evolution/pwgs/phyloinputs/egfr_editedCopy2/NCI0395_T1D_E.passed.somatic.snvs_indels_snpEff_on_exome_combined.vcf NCI0395_T3D_E=/data/browna6/evolution/pwgs/phyloinputs/egfr_editedCopy2/NCI0395_T3D_E.passed.somatic.snvs_indels_snpEff_on_exome_combined.vcf
Submitted job 9 with external jobid '22108574'.
[Sun Mar 10 11:29:41 2019]
Finished job 11.
15 of 34 steps (44%) done

[Sun Mar 10 11:29:41 2019]
rule submit_pwgs:
    input: /data/browna6/evolution/pwgs/phyloinputs/egfr_editedCopy2/NCI0395_2/NCI0395_2.params.json, /data/browna6/evolution/pwgs/phyloinputs/egfr_editedCopy2/NCI0395_2/NCI0395_2.cnvs.txt, /data/browna6/evolution/pwgs/phyloinputs/egfr_editedCopy2/NCI0395_2/NCI0395_2.ssm.txt
    output: /data/browna6/evolution/pwgs/pwgs_output/egfr_editedCopy2/NCI0395_2/NCI0395_2/trees.zip
    jobid: 33
    reason: Missing output files: /data/browna6/evolution/pwgs/pwgs_output/egfr_editedCopy2/NCI0395_2/NCI0395_2/trees.zip; Input files updated by another job: /data/browna6/evolution/pwgs/phyloinputs/egfr_editedCopy2/NCI0395_2/NCI0395_2.params.json, /data/browna6/evolution/pwgs/phyloinputs/egfr_editedCopy2/NCI0395_2/NCI0395_2.ssm.txt, /data/browna6/evolution/pwgs/phyloinputs/egfr_editedCopy2/NCI0395_2/NCI0395_2.cnvs.txt
    wildcards: patient=NCI0395_2, sample=NCI0395_2
    threads: 5

python2 /home/browna6/phylowgs/multievolve.py -O /data/browna6/evolution/pwgs/pwgs_output/egfr_editedCopy2/NCI0395_2/NCI0395_2 -r 792 794 852 827 375 --num-chains 5 --ssms /data/browna6/evolution/pwgs/phyloinputs/egfr_editedCopy2/NCI0395_2/NCI0395_2.ssm.txt --cnvs /data/browna6/evolution/pwgs/phyloinputs/egfr_editedCopy2/NCI0395_2/NCI0395_2.cnvs.txt --params /data/browna6/evolution/pwgs/phyloinputs/egfr_editedCopy2/NCI0395_2/NCI0395_2.params.json
[Sun Mar 10 11:29:41 2019]
Finished job 9.
16 of 34 steps (47%) done
Submitted job 33 with external jobid '22108581'.

[Sun Mar 10 11:29:42 2019]
rule submit_pwgs:
    input: /data/browna6/evolution/pwgs/phyloinputs/egfr_editedCopy2/NCI0395_1/NCI0395_1.params.json, /data/browna6/evolution/pwgs/phyloinputs/egfr_editedCopy2/NCI0395_1/NCI0395_1.cnvs.txt, /data/browna6/evolution/pwgs/phyloinputs/egfr_editedCopy2/NCI0395_1/NCI0395_1.ssm.txt
    output: /data/browna6/evolution/pwgs/pwgs_output/egfr_editedCopy2/NCI0395_1/NCI0395_1/trees.zip
    jobid: 32
    reason: Missing output files: /data/browna6/evolution/pwgs/pwgs_output/egfr_editedCopy2/NCI0395_1/NCI0395_1/trees.zip; Input files updated by another job: /data/browna6/evolution/pwgs/phyloinputs/egfr_editedCopy2/NCI0395_1/NCI0395_1.params.json, /data/browna6/evolution/pwgs/phyloinputs/egfr_editedCopy2/NCI0395_1/NCI0395_1.ssm.txt, /data/browna6/evolution/pwgs/phyloinputs/egfr_editedCopy2/NCI0395_1/NCI0395_1.cnvs.txt
    wildcards: patient=NCI0395_1, sample=NCI0395_1
    threads: 5

python2 /home/browna6/phylowgs/multievolve.py -O /data/browna6/evolution/pwgs/pwgs_output/egfr_editedCopy2/NCI0395_1/NCI0395_1 -r 792 794 852 827 375 --num-chains 5 --ssms /data/browna6/evolution/pwgs/phyloinputs/egfr_editedCopy2/NCI0395_1/NCI0395_1.ssm.txt --cnvs /data/browna6/evolution/pwgs/phyloinputs/egfr_editedCopy2/NCI0395_1/NCI0395_1.cnvs.txt --params /data/browna6/evolution/pwgs/phyloinputs/egfr_editedCopy2/NCI0395_1/NCI0395_1.params.json
Submitted job 32 with external jobid '22108582'.
