Multiple include of /spin1/users/browna6/pwgs_snakemake/helpers.py ignored
Multiple include of /spin1/users/browna6/pwgs_snakemake/helpers.py ignored
Multiple include of /spin1/users/browna6/pwgs_snakemake/helpers.py ignored
Building DAG of jobs...
Using shell: /usr/bin/bash
Provided cluster nodes: 10
Job counts:
	count	jobs
	1	all
	1	move_and_unzip_files
	1	phylo_input_parsing
	9	run_cnv_parsing
	1	run_final_parser_ms
	9	run_pretty_vcf
	1	submit_pwgs
	1	write_results
	24

[Sat Mar 16 10:32:42 2019]
rule run_pretty_vcf:
    input: /data/GuhaData/LAT/strelka_raw_vcf_missing/RA007_L2b/passed.somatic.snvs_indels_snpEff_on_exome_combined.txt
    output: /data/GuhaData/pwgs/pwgs_inputs/RA7_39/RA007_L2b.passed.somatic.snvs_indels_snpEff_on_exome_combined.vcf
    jobid: 7
    reason: Missing output files: /data/GuhaData/pwgs/pwgs_inputs/RA7_39/RA007_L2b.passed.somatic.snvs_indels_snpEff_on_exome_combined.vcf
    wildcards: sample=RA007_L2b

Submitted job 7 with external jobid '22501694'.

[Sat Mar 16 10:32:43 2019]
rule run_cnv_parsing:
    input: /data/browna6/evolution/facets/egfr_exome/fitted/RA007_Li1.snppile.csv.gz_fitted.csv
    output: /data/GuhaData/pwgs/pwgs_inputs/RA7_39/CL0039/RA007_Li1_cnvInput.txt
    jobid: 20
    reason: Missing output files: /data/GuhaData/pwgs/pwgs_inputs/RA7_39/CL0039/RA007_Li1_cnvInput.txt
    wildcards: patient=CL0039, sample=RA007_Li1

Submitted job 20 with external jobid '22501695'.

[Sat Mar 16 10:32:45 2019]
rule run_pretty_vcf:
    input: /data/GuhaData/LAT/strelka_raw_vcf_missing/RA007_L2e/passed.somatic.snvs_indels_snpEff_on_exome_combined.txt
    output: /data/GuhaData/pwgs/pwgs_inputs/RA7_39/RA007_L2e.passed.somatic.snvs_indels_snpEff_on_exome_combined.vcf
    jobid: 9
    reason: Missing output files: /data/GuhaData/pwgs/pwgs_inputs/RA7_39/RA007_L2e.passed.somatic.snvs_indels_snpEff_on_exome_combined.vcf
    wildcards: sample=RA007_L2e

Submitted job 9 with external jobid '22501696'.

[Sat Mar 16 10:32:46 2019]
rule run_pretty_vcf:
    input: /data/GuhaData/LAT/strelka_raw_vcf_missing/RA007_LN1/passed.somatic.snvs_indels_snpEff_on_exome_combined.txt
    output: /data/GuhaData/pwgs/pwgs_inputs/RA7_39/RA007_LN1.passed.somatic.snvs_indels_snpEff_on_exome_combined.vcf
    jobid: 12
    reason: Missing output files: /data/GuhaData/pwgs/pwgs_inputs/RA7_39/RA007_LN1.passed.somatic.snvs_indels_snpEff_on_exome_combined.vcf
    wildcards: sample=RA007_LN1

Submitted job 12 with external jobid '22501697'.

[Sat Mar 16 10:32:47 2019]
rule run_pretty_vcf:
    input: /data/GuhaData/LAT/strelka_raw_vcf_missing/RA007_L2c/passed.somatic.snvs_indels_snpEff_on_exome_combined.txt
    output: /data/GuhaData/pwgs/pwgs_inputs/RA7_39/RA007_L2c.passed.somatic.snvs_indels_snpEff_on_exome_combined.vcf
    jobid: 8
    reason: Missing output files: /data/GuhaData/pwgs/pwgs_inputs/RA7_39/RA007_L2c.passed.somatic.snvs_indels_snpEff_on_exome_combined.vcf
    wildcards: sample=RA007_L2c

Submitted job 8 with external jobid '22501698'.

[Sat Mar 16 10:32:48 2019]
rule run_pretty_vcf:
    input: /data/GuhaData/LAT/strelka_raw_vcf_missing/RA007_L4a/passed.somatic.snvs_indels_snpEff_on_exome_combined.txt
    output: /data/GuhaData/pwgs/pwgs_inputs/RA7_39/RA007_L4a.passed.somatic.snvs_indels_snpEff_on_exome_combined.vcf
    jobid: 10
    reason: Missing output files: /data/GuhaData/pwgs/pwgs_inputs/RA7_39/RA007_L4a.passed.somatic.snvs_indels_snpEff_on_exome_combined.vcf
    wildcards: sample=RA007_L4a

Submitted job 10 with external jobid '22501699'.

[Sat Mar 16 10:32:50 2019]
rule run_pretty_vcf:
    input: /data/GuhaData/LAT/strelka_raw_vcf_missing/RA007_Li1/passed.somatic.snvs_indels_snpEff_on_exome_combined.txt
    output: /data/GuhaData/pwgs/pwgs_inputs/RA7_39/RA007_Li1.passed.somatic.snvs_indels_snpEff_on_exome_combined.vcf
    jobid: 11
    reason: Missing output files: /data/GuhaData/pwgs/pwgs_inputs/RA7_39/RA007_Li1.passed.somatic.snvs_indels_snpEff_on_exome_combined.vcf
    wildcards: sample=RA007_Li1

Submitted job 11 with external jobid '22501700'.

[Sat Mar 16 10:32:51 2019]
rule run_pretty_vcf:
    input: /data/GuhaData/LAT/strelka_raw_vcf_missing/RA007_B2a/passed.somatic.snvs_indels_snpEff_on_exome_combined.txt
    output: /data/GuhaData/pwgs/pwgs_inputs/RA7_39/RA007_B2a.passed.somatic.snvs_indels_snpEff_on_exome_combined.vcf
    jobid: 6
    reason: Missing output files: /data/GuhaData/pwgs/pwgs_inputs/RA7_39/RA007_B2a.passed.somatic.snvs_indels_snpEff_on_exome_combined.vcf
    wildcards: sample=RA007_B2a

Submitted job 6 with external jobid '22501701'.

[Sat Mar 16 10:32:52 2019]
rule run_cnv_parsing:
    input: /data/browna6/evolution/facets/egfr_exome/fitted/RA007_B2a.snppile.csv.gz_fitted.csv
    output: /data/GuhaData/pwgs/pwgs_inputs/RA7_39/CL0039/RA007_B2a_cnvInput.txt
    jobid: 15
    reason: Missing output files: /data/GuhaData/pwgs/pwgs_inputs/RA7_39/CL0039/RA007_B2a_cnvInput.txt
    wildcards: patient=CL0039, sample=RA007_B2a

[Sat Mar 16 10:32:52 2019]
Finished job 7.
1 of 24 steps (4%) done
Submitted job 15 with external jobid '22501702'.

[Sat Mar 16 10:32:53 2019]
rule run_pretty_vcf:
    input: /data/GuhaData/LAT/strelka_raw_vcf_missing/RA007_A1/passed.somatic.snvs_indels_snpEff_on_exome_combined.txt
    output: /data/GuhaData/pwgs/pwgs_inputs/RA7_39/RA007_A1.passed.somatic.snvs_indels_snpEff_on_exome_combined.vcf
    jobid: 5
    reason: Missing output files: /data/GuhaData/pwgs/pwgs_inputs/RA7_39/RA007_A1.passed.somatic.snvs_indels_snpEff_on_exome_combined.vcf
    wildcards: sample=RA007_A1

Submitted job 5 with external jobid '22501703'.

[Sat Mar 16 10:32:54 2019]
rule run_cnv_parsing:
    input: /data/browna6/evolution/facets/egfr_exome/fitted/RA007_L4a.snppile.csv.gz_fitted.csv
    output: /data/GuhaData/pwgs/pwgs_inputs/RA7_39/CL0039/RA007_L4a_cnvInput.txt
    jobid: 19
    reason: Missing output files: /data/GuhaData/pwgs/pwgs_inputs/RA7_39/CL0039/RA007_L4a_cnvInput.txt
    wildcards: patient=CL0039, sample=RA007_L4a

Submitted job 19 with external jobid '22501704'.
[Sat Mar 16 10:33:02 2019]
Finished job 15.
2 of 24 steps (8%) done

[Sat Mar 16 10:33:02 2019]
rule run_cnv_parsing:
    input: /data/browna6/evolution/facets/egfr_exome/fitted/RA007_A1.snppile.csv.gz_fitted.csv
    output: /data/GuhaData/pwgs/pwgs_inputs/RA7_39/CL0039/RA007_A1_cnvInput.txt
    jobid: 14
    reason: Missing output files: /data/GuhaData/pwgs/pwgs_inputs/RA7_39/CL0039/RA007_A1_cnvInput.txt
    wildcards: patient=CL0039, sample=RA007_A1

[Sat Mar 16 10:33:02 2019]
Finished job 5.
3 of 24 steps (12%) done
[Sat Mar 16 10:33:02 2019]
Finished job 19.
4 of 24 steps (17%) done
Submitted job 14 with external jobid '22501706'.

[Sat Mar 16 10:33:03 2019]
rule run_cnv_parsing:
    input: /data/browna6/evolution/facets/egfr_exome/fitted/RA007_L2c.snppile.csv.gz_fitted.csv
    output: /data/GuhaData/pwgs/pwgs_inputs/RA7_39/CL0039/RA007_L2c_cnvInput.txt
    jobid: 17
    reason: Missing output files: /data/GuhaData/pwgs/pwgs_inputs/RA7_39/CL0039/RA007_L2c_cnvInput.txt
    wildcards: patient=CL0039, sample=RA007_L2c

Submitted job 17 with external jobid '22501707'.

[Sat Mar 16 10:33:05 2019]
rule run_cnv_parsing:
    input: /data/browna6/evolution/facets/egfr_exome/fitted/CL0039_T1D_E.snppile.csv.gz_fitted.csv
    output: /data/GuhaData/pwgs/pwgs_inputs/RA7_39/CL0039/CL0039_T1D_E_cnvInput.txt
    jobid: 13
    reason: Missing output files: /data/GuhaData/pwgs/pwgs_inputs/RA7_39/CL0039/CL0039_T1D_E_cnvInput.txt
    wildcards: patient=CL0039, sample=CL0039_T1D_E

Submitted job 13 with external jobid '22501708'.
[Sat Mar 16 10:33:13 2019]
Finished job 20.
5 of 24 steps (21%) done

[Sat Mar 16 10:33:13 2019]
rule run_cnv_parsing:
    input: /data/browna6/evolution/facets/egfr_exome/fitted/RA007_LN1.snppile.csv.gz_fitted.csv
    output: /data/GuhaData/pwgs/pwgs_inputs/RA7_39/CL0039/RA007_LN1_cnvInput.txt
    jobid: 21
    reason: Missing output files: /data/GuhaData/pwgs/pwgs_inputs/RA7_39/CL0039/RA007_LN1_cnvInput.txt
    wildcards: patient=CL0039, sample=RA007_LN1

[Sat Mar 16 10:33:13 2019]
Finished job 9.
6 of 24 steps (25%) done
[Sat Mar 16 10:33:13 2019]
Finished job 12.
7 of 24 steps (29%) done
[Sat Mar 16 10:33:13 2019]
Finished job 8.
8 of 24 steps (33%) done
[Sat Mar 16 10:33:13 2019]
Finished job 10.
9 of 24 steps (38%) done
[Sat Mar 16 10:33:13 2019]
Finished job 11.
10 of 24 steps (42%) done
[Sat Mar 16 10:33:13 2019]
Finished job 6.
11 of 24 steps (46%) done
Submitted job 21 with external jobid '22501709'.

[Sat Mar 16 10:33:15 2019]
rule run_pretty_vcf:
    input: /data/GuhaData/LAT/strelka_raw_vcf/CL0039_T1D_E/passed.somatic.snvs_indels_snpEff_on_exome_combined.txt
    output: /data/GuhaData/pwgs/pwgs_inputs/RA7_39/CL0039_T1D_E.passed.somatic.snvs_indels_snpEff_on_exome_combined.vcf
    jobid: 4
    reason: Missing output files: /data/GuhaData/pwgs/pwgs_inputs/RA7_39/CL0039_T1D_E.passed.somatic.snvs_indels_snpEff_on_exome_combined.vcf
    wildcards: sample=CL0039_T1D_E

Submitted job 4 with external jobid '22501710'.

[Sat Mar 16 10:33:16 2019]
rule run_cnv_parsing:
    input: /data/browna6/evolution/facets/egfr_exome/fitted/RA007_L2b.snppile.csv.gz_fitted.csv
    output: /data/GuhaData/pwgs/pwgs_inputs/RA7_39/CL0039/RA007_L2b_cnvInput.txt
    jobid: 16
    reason: Missing output files: /data/GuhaData/pwgs/pwgs_inputs/RA7_39/CL0039/RA007_L2b_cnvInput.txt
    wildcards: patient=CL0039, sample=RA007_L2b

Submitted job 16 with external jobid '22501711'.

[Sat Mar 16 10:33:17 2019]
rule run_cnv_parsing:
    input: /data/browna6/evolution/facets/egfr_exome/fitted/RA007_L2e.snppile.csv.gz_fitted.csv
    output: /data/GuhaData/pwgs/pwgs_inputs/RA7_39/CL0039/RA007_L2e_cnvInput.txt
    jobid: 18
    reason: Missing output files: /data/GuhaData/pwgs/pwgs_inputs/RA7_39/CL0039/RA007_L2e_cnvInput.txt
    wildcards: patient=CL0039, sample=RA007_L2e

Submitted job 18 with external jobid '22501713'.
[Sat Mar 16 10:36:14 2019]
Finished job 14.
12 of 24 steps (50%) done
[Sat Mar 16 10:36:14 2019]
Finished job 17.
13 of 24 steps (54%) done
[Sat Mar 16 10:36:14 2019]
Finished job 13.
14 of 24 steps (58%) done
[Sat Mar 16 10:36:14 2019]
Finished job 21.
15 of 24 steps (62%) done
[Sat Mar 16 10:36:15 2019]
Finished job 4.
16 of 24 steps (67%) done
[Sat Mar 16 10:36:15 2019]
Finished job 16.
17 of 24 steps (71%) done
[Sat Mar 16 10:36:15 2019]
Finished job 18.
18 of 24 steps (75%) done

[Sat Mar 16 10:36:15 2019]
rule phylo_input_parsing:
    input: /data/GuhaData/pwgs/pwgs_inputs/RA7_39/CL0039_T1D_E.passed.somatic.snvs_indels_snpEff_on_exome_combined.vcf, /data/GuhaData/pwgs/pwgs_inputs/RA7_39/RA007_A1.passed.somatic.snvs_indels_snpEff_on_exome_combined.vcf, /data/GuhaData/pwgs/pwgs_inputs/RA7_39/RA007_B2a.passed.somatic.snvs_indels_snpEff_on_exome_combined.vcf, /data/GuhaData/pwgs/pwgs_inputs/RA7_39/RA007_L2b.passed.somatic.snvs_indels_snpEff_on_exome_combined.vcf, /data/GuhaData/pwgs/pwgs_inputs/RA7_39/RA007_L2c.passed.somatic.snvs_indels_snpEff_on_exome_combined.vcf, /data/GuhaData/pwgs/pwgs_inputs/RA7_39/RA007_L2e.passed.somatic.snvs_indels_snpEff_on_exome_combined.vcf, /data/GuhaData/pwgs/pwgs_inputs/RA7_39/RA007_L4a.passed.somatic.snvs_indels_snpEff_on_exome_combined.vcf, /data/GuhaData/pwgs/pwgs_inputs/RA7_39/RA007_Li1.passed.somatic.snvs_indels_snpEff_on_exome_combined.vcf, /data/GuhaData/pwgs/pwgs_inputs/RA7_39/RA007_LN1.passed.somatic.snvs_indels_snpEff_on_exome_combined.vcf, /data/GuhaData/pwgs/pwgs_inputs/RA7_39/CL0039/CL0039_T1D_E_cnvInput.txt, /data/GuhaData/pwgs/pwgs_inputs/RA7_39/CL0039/RA007_A1_cnvInput.txt, /data/GuhaData/pwgs/pwgs_inputs/RA7_39/CL0039/RA007_B2a_cnvInput.txt, /data/GuhaData/pwgs/pwgs_inputs/RA7_39/CL0039/RA007_L2b_cnvInput.txt, /data/GuhaData/pwgs/pwgs_inputs/RA7_39/CL0039/RA007_L2c_cnvInput.txt, /data/GuhaData/pwgs/pwgs_inputs/RA7_39/CL0039/RA007_L2e_cnvInput.txt, /data/GuhaData/pwgs/pwgs_inputs/RA7_39/CL0039/RA007_L4a_cnvInput.txt, /data/GuhaData/pwgs/pwgs_inputs/RA7_39/CL0039/RA007_Li1_cnvInput.txt, /data/GuhaData/pwgs/pwgs_inputs/RA7_39/CL0039/RA007_LN1_cnvInput.txt
    output: /data/GuhaData/pwgs/pwgs_inputs/RA7_39/CL0039/CL0039.params.json, /data/GuhaData/pwgs/pwgs_inputs/RA7_39/CL0039/CL0039.cnvs.txt, /data/GuhaData/pwgs/pwgs_inputs/RA7_39/CL0039/CL0039.ssm.txt
    jobid: 2
    reason: Missing output files: /data/GuhaData/pwgs/pwgs_inputs/RA7_39/CL0039/CL0039.cnvs.txt, /data/GuhaData/pwgs/pwgs_inputs/RA7_39/CL0039/CL0039.ssm.txt, /data/GuhaData/pwgs/pwgs_inputs/RA7_39/CL0039/CL0039.params.json; Input files updated by another job: /data/GuhaData/pwgs/pwgs_inputs/RA7_39/CL0039/CL0039_T1D_E_cnvInput.txt, /data/GuhaData/pwgs/pwgs_inputs/RA7_39/RA007_LN1.passed.somatic.snvs_indels_snpEff_on_exome_combined.vcf, /data/GuhaData/pwgs/pwgs_inputs/RA7_39/RA007_B2a.passed.somatic.snvs_indels_snpEff_on_exome_combined.vcf, /data/GuhaData/pwgs/pwgs_inputs/RA7_39/RA007_L2e.passed.somatic.snvs_indels_snpEff_on_exome_combined.vcf, /data/GuhaData/pwgs/pwgs_inputs/RA7_39/CL0039/RA007_A1_cnvInput.txt, /data/GuhaData/pwgs/pwgs_inputs/RA7_39/CL0039/RA007_L2c_cnvInput.txt, /data/GuhaData/pwgs/pwgs_inputs/RA7_39/CL0039/RA007_L2e_cnvInput.txt, /data/GuhaData/pwgs/pwgs_inputs/RA7_39/RA007_L4a.passed.somatic.snvs_indels_snpEff_on_exome_combined.vcf, /data/GuhaData/pwgs/pwgs_inputs/RA7_39/CL0039_T1D_E.passed.somatic.snvs_indels_snpEff_on_exome_combined.vcf, /data/GuhaData/pwgs/pwgs_inputs/RA7_39/CL0039/RA007_L2b_cnvInput.txt, /data/GuhaData/pwgs/pwgs_inputs/RA7_39/CL0039/RA007_L4a_cnvInput.txt, /data/GuhaData/pwgs/pwgs_inputs/RA7_39/CL0039/RA007_LN1_cnvInput.txt, /data/GuhaData/pwgs/pwgs_inputs/RA7_39/RA007_L2c.passed.somatic.snvs_indels_snpEff_on_exome_combined.vcf, /data/GuhaData/pwgs/pwgs_inputs/RA7_39/RA007_A1.passed.somatic.snvs_indels_snpEff_on_exome_combined.vcf, /data/GuhaData/pwgs/pwgs_inputs/RA7_39/CL0039/RA007_Li1_cnvInput.txt, /data/GuhaData/pwgs/pwgs_inputs/RA7_39/CL0039/RA007_B2a_cnvInput.txt, /data/GuhaData/pwgs/pwgs_inputs/RA7_39/RA007_Li1.passed.somatic.snvs_indels_snpEff_on_exome_combined.vcf, /data/GuhaData/pwgs/pwgs_inputs/RA7_39/RA007_L2b.passed.somatic.snvs_indels_snpEff_on_exome_combined.vcf
    wildcards: patient=CL0039

python2 /data/browna6/pwgs_snakemake/create_phylowgs_inputs.py --regions all --cnvs CL0039_T1D_E=/data/GuhaData/pwgs/pwgs_inputs/RA7_39/CL0039/CL0039_T1D_E_cnvInput.txt --cnvs RA007_A1=/data/GuhaData/pwgs/pwgs_inputs/RA7_39/CL0039/RA007_A1_cnvInput.txt --cnvs RA007_B2a=/data/GuhaData/pwgs/pwgs_inputs/RA7_39/CL0039/RA007_B2a_cnvInput.txt --cnvs RA007_L2b=/data/GuhaData/pwgs/pwgs_inputs/RA7_39/CL0039/RA007_L2b_cnvInput.txt --cnvs RA007_L2c=/data/GuhaData/pwgs/pwgs_inputs/RA7_39/CL0039/RA007_L2c_cnvInput.txt --cnvs RA007_L2e=/data/GuhaData/pwgs/pwgs_inputs/RA7_39/CL0039/RA007_L2e_cnvInput.txt --cnvs RA007_L4a=/data/GuhaData/pwgs/pwgs_inputs/RA7_39/CL0039/RA007_L4a_cnvInput.txt --cnvs RA007_Li1=/data/GuhaData/pwgs/pwgs_inputs/RA7_39/CL0039/RA007_Li1_cnvInput.txt --cnvs RA007_LN1=/data/GuhaData/pwgs/pwgs_inputs/RA7_39/CL0039/RA007_LN1_cnvInput.txt --output-cnvs /data/GuhaData/pwgs/pwgs_inputs/RA7_39/CL0039/CL0039.cnvs.txt --output-variants /data/GuhaData/pwgs/pwgs_inputs/RA7_39/CL0039/CL0039.ssm.txt --output-params /data/GuhaData/pwgs/pwgs_inputs/RA7_39/CL0039/CL0039.params.json --vcf-type CL0039_T1D_E=strelka_indelcombined --vcf-type RA007_A1=strelka_indelcombined --vcf-type RA007_B2a=strelka_indelcombined --vcf-type RA007_L2b=strelka_indelcombined --vcf-type RA007_L2c=strelka_indelcombined --vcf-type RA007_L2e=strelka_indelcombined --vcf-type RA007_L4a=strelka_indelcombined --vcf-type RA007_Li1=strelka_indelcombined --vcf-type RA007_LN1=strelka_indelcombined CL0039_T1D_E=/data/GuhaData/pwgs/pwgs_inputs/RA7_39/CL0039_T1D_E.passed.somatic.snvs_indels_snpEff_on_exome_combined.vcf RA007_A1=/data/GuhaData/pwgs/pwgs_inputs/RA7_39/RA007_A1.passed.somatic.snvs_indels_snpEff_on_exome_combined.vcf RA007_B2a=/data/GuhaData/pwgs/pwgs_inputs/RA7_39/RA007_B2a.passed.somatic.snvs_indels_snpEff_on_exome_combined.vcf RA007_L2b=/data/GuhaData/pwgs/pwgs_inputs/RA7_39/RA007_L2b.passed.somatic.snvs_indels_snpEff_on_exome_combined.vcf RA007_L2c=/data/GuhaData/pwgs/pwgs_inputs/RA7_39/RA007_L2c.passed.somatic.snvs_indels_snpEff_on_exome_combined.vcf RA007_L2e=/data/GuhaData/pwgs/pwgs_inputs/RA7_39/RA007_L2e.passed.somatic.snvs_indels_snpEff_on_exome_combined.vcf RA007_L4a=/data/GuhaData/pwgs/pwgs_inputs/RA7_39/RA007_L4a.passed.somatic.snvs_indels_snpEff_on_exome_combined.vcf RA007_Li1=/data/GuhaData/pwgs/pwgs_inputs/RA7_39/RA007_Li1.passed.somatic.snvs_indels_snpEff_on_exome_combined.vcf RA007_LN1=/data/GuhaData/pwgs/pwgs_inputs/RA7_39/RA007_LN1.passed.somatic.snvs_indels_snpEff_on_exome_combined.vcf
Submitted job 2 with external jobid '22501723'.
[Sat Mar 16 10:36:45 2019]
Finished job 2.
19 of 24 steps (79%) done

[Sat Mar 16 10:36:45 2019]
rule submit_pwgs:
    input: /data/GuhaData/pwgs/pwgs_inputs/RA7_39/CL0039/CL0039.params.json, /data/GuhaData/pwgs/pwgs_inputs/RA7_39/CL0039/CL0039.cnvs.txt, /data/GuhaData/pwgs/pwgs_inputs/RA7_39/CL0039/CL0039.ssm.txt
    output: /data/GuhaData/pwgs/pwgs_output/RA7_39/CL0039/CL0039/trees.zip
    jobid: 23
    reason: Missing output files: /data/GuhaData/pwgs/pwgs_output/RA7_39/CL0039/CL0039/trees.zip; Input files updated by another job: /data/GuhaData/pwgs/pwgs_inputs/RA7_39/CL0039/CL0039.cnvs.txt, /data/GuhaData/pwgs/pwgs_inputs/RA7_39/CL0039/CL0039.ssm.txt, /data/GuhaData/pwgs/pwgs_inputs/RA7_39/CL0039/CL0039.params.json
    wildcards: patient=CL0039, sample=CL0039
    threads: 20

python2 /home/browna6/phylowgs/multievolve.py -O /data/GuhaData/pwgs/pwgs_output/RA7_39/CL0039/CL0039 -r 2129 -r 8362 -r 8255 -r 7900 -r 7666 -r 5622 -r 977 -r 2812 -r 3886 -r 8490 -r 5461 -r 9613 -r 1470 -r 8267 -r 528 -r 9952 -r 9384 -r 71 -r 3277 -r 8841  --num-chains 20 --ssms /data/GuhaData/pwgs/pwgs_inputs/RA7_39/CL0039/CL0039.ssm.txt --cnvs /data/GuhaData/pwgs/pwgs_inputs/RA7_39/CL0039/CL0039.cnvs.txt --params /data/GuhaData/pwgs/pwgs_inputs/RA7_39/CL0039/CL0039.params.json
Submitted job 23 with external jobid '22501726'.
[Sat Mar 16 10:38:45 2019]
Error in rule submit_pwgs:
    jobid: 23
    output: /data/GuhaData/pwgs/pwgs_output/RA7_39/CL0039/CL0039/trees.zip
    cluster_jobid: 22501726

Job failed, going on with independent jobs.
Exiting because a job execution failed. Look above for error message
Complete log: /spin1/users/browna6/pwgs_snakemake/.snakemake/log/2019-03-16T103241.740960.snakemake.log
