Multiple include of /spin1/users/browna6/pwgs_snakemake/helpers.py ignored
Multiple include of /spin1/users/browna6/pwgs_snakemake/helpers.py ignored
Building DAG of jobs...
Using shell: /usr/bin/bash
Provided cores: 1
Rules claiming more threads will be scaled down.
Job counts:
	count	jobs
	1	all
	46	move_and_unzip_files
	46	phylo_input_parsing
	16	run_cnv_parsing
	46	run_final_parser
	39	run_pretty_vcf
	46	submit_pwgs
	46	write_results
	286

[Fri Jan 11 16:44:58 2019]
rule run_cnv_parsing:
    input: /data/browna6/evolution/facets/egfr_exome/fitted/RA007_Li1.snppile.csv.gz_fitted.csv
    output: /data/browna6/evolution/pwgs/phyloinputs/egfr_exome/RA007/RA007_Li1_cnvInput.txt
    jobid: 326
    wildcards: patient=RA007, sample=RA007_Li1

[Fri Jan 11 16:44:59 2019]
Finished job 326.
1 of 286 steps (0.35%) done

[Fri Jan 11 16:44:59 2019]
rule run_pretty_vcf:
    input: /data/GuhaData/LAT/strelka_raw_vcf_missing/RA007_L4a/passed.somatic.snvs_indels_snpEff_on_exome_combined.txt
    output: /data/browna6/evolution/pwgs/phyloinputs/egfr_exome/RA007_L4a.passed.somatic.snvs_indels_snpEff_on_exome_combined.vcf
    jobid: 322
    wildcards: sample=RA007_L4a

[Fri Jan 11 16:45:00 2019]
Finished job 322.
2 of 286 steps (0.70%) done

[Fri Jan 11 16:45:00 2019]
rule run_pretty_vcf:
    input: /data/GuhaData/LAT/strelka_raw_vcf_missing/RA007_Li1/passed.somatic.snvs_indels_snpEff_on_exome_combined.txt
    output: /data/browna6/evolution/pwgs/phyloinputs/egfr_exome/RA007_Li1.passed.somatic.snvs_indels_snpEff_on_exome_combined.vcf
    jobid: 325
    wildcards: sample=RA007_Li1

[Fri Jan 11 16:45:01 2019]
Finished job 325.
3 of 286 steps (1%) done

[Fri Jan 11 16:45:01 2019]
rule phylo_input_parsing:
    input: /data/browna6/evolution/pwgs/phyloinputs/egfr_exome/NCI0423_T1D_E.passed.somatic.snvs_indels_snpEff_on_exome_combined.vcf, /data/browna6/evolution/pwgs/phyloinputs/egfr_exome/NCI0423/NCI0423_T1D_E_cnvInput.txt
    output: /data/browna6/evolution/pwgs/phyloinputs/egfr_exome/NCI0423/NCI0423_T1D_E.params.json, /data/browna6/evolution/pwgs/phyloinputs/egfr_exome/NCI0423/NCI0423_T1D_E.cnvs.txt, /data/browna6/evolution/pwgs/phyloinputs/egfr_exome/NCI0423/NCI0423_T1D_E.ssm.txt
    jobid: 118
    wildcards: patient=NCI0423, sample=NCI0423_T1D_E

[Fri Jan 11 16:45:04 2019]
Finished job 118.
4 of 286 steps (1%) done

[Fri Jan 11 16:45:04 2019]
rule run_cnv_parsing:
    input: /data/browna6/evolution/facets/egfr_exome/fitted/RA007_B2a.snppile.csv.gz_fitted.csv
    output: /data/browna6/evolution/pwgs/phyloinputs/egfr_exome/RA007/RA007_B2a_cnvInput.txt
    jobid: 311
    wildcards: patient=RA007, sample=RA007_B2a

[Fri Jan 11 16:45:05 2019]
Finished job 311.
5 of 286 steps (2%) done

[Fri Jan 11 16:45:05 2019]
rule run_pretty_vcf:
    input: /data/GuhaData/LAT/strelka_raw_vcf_missing/RA007_L2c/passed.somatic.snvs_indels_snpEff_on_exome_combined.txt
    output: /data/browna6/evolution/pwgs/phyloinputs/egfr_exome/RA007_L2c.passed.somatic.snvs_indels_snpEff_on_exome_combined.vcf
    jobid: 316
    wildcards: sample=RA007_L2c

[Fri Jan 11 16:45:06 2019]
Finished job 316.
6 of 286 steps (2%) done

[Fri Jan 11 16:45:06 2019]
rule run_pretty_vcf:
    input: /data/GuhaData/LAT/strelka_raw_vcf_missing/RA007_L2b/passed.somatic.snvs_indels_snpEff_on_exome_combined.txt
    output: /data/browna6/evolution/pwgs/phyloinputs/egfr_exome/RA007_L2b.passed.somatic.snvs_indels_snpEff_on_exome_combined.vcf
    jobid: 313
    wildcards: sample=RA007_L2b

[Fri Jan 11 16:45:07 2019]
Finished job 313.
7 of 286 steps (2%) done

[Fri Jan 11 16:45:07 2019]
rule run_pretty_vcf:
    input: /data/GuhaData/LAT/strelka_raw_vcf_missing/RA007_LN1/passed.somatic.snvs_indels_snpEff_on_exome_combined.txt
    output: /data/browna6/evolution/pwgs/phyloinputs/egfr_exome/RA007_LN1.passed.somatic.snvs_indels_snpEff_on_exome_combined.vcf
    jobid: 328
    wildcards: sample=RA007_LN1

[Fri Jan 11 16:45:08 2019]
Finished job 328.
8 of 286 steps (3%) done

[Fri Jan 11 16:45:08 2019]
rule submit_pwgs:
    input: /data/browna6/evolution/pwgs/phyloinputs/egfr_exome/NCI0423/NCI0423_T1D_E.params.json, /data/browna6/evolution/pwgs/phyloinputs/egfr_exome/NCI0423/NCI0423_T1D_E.cnvs.txt, /data/browna6/evolution/pwgs/phyloinputs/egfr_exome/NCI0423/NCI0423_T1D_E.ssm.txt
    output: /data/browna6/evolution/pwgs/pwgs_output/egfr_exome_bysample/NCI0423/NCI0423_T1D_E/trees.zip
    jobid: 362
    wildcards: patient=NCI0423, sample=NCI0423_T1D_E

Terminating processes on user request, this might take some time.
[Fri Jan 11 16:45:26 2019]
Error in rule submit_pwgs:
    jobid: 362
    output: /data/browna6/evolution/pwgs/pwgs_output/egfr_exome_bysample/NCI0423/NCI0423_T1D_E/trees.zip

RuleException:
CalledProcessError in line 36 of /spin1/users/browna6/pwgs_snakemake/run_pwgs.snakefile:
Command ' set -euo pipefail;  python2 /home/browna6/phylowgs/multievolve.py -O /data/browna6/evolution/pwgs/pwgs_output/egfr_exome_bysample/NCI0423/NCI0423_T1D_E -r 53 871 479 53 331 --num-chains 5 --ssms /data/browna6/evolution/pwgs/phyloinputs/egfr_exome/NCI0423/NCI0423_T1D_E.ssm.txt --cnvs /data/browna6/evolution/pwgs/phyloinputs/egfr_exome/NCI0423/NCI0423_T1D_E.cnvs.txt --params /data/browna6/evolution/pwgs/phyloinputs/egfr_exome/NCI0423/NCI0423_T1D_E.params.json ' returned non-zero exit status 1.
  File "/spin1/users/browna6/pwgs_snakemake/run_pwgs.snakefile", line 36, in __rule_submit_pwgs
  File "/usr/local/Anaconda/envs_app/snakemake/5.4.0/lib/python3.6/concurrent/futures/thread.py", line 56, in run
Complete log: /spin1/users/browna6/pwgs_snakemake/.snakemake/log/2019-01-11T164456.094340.snakemake.log
