Multiple include of /spin1/users/browna6/pwgs_snakemake/helpers.py ignored
Multiple include of /spin1/users/browna6/pwgs_snakemake/helpers.py ignored
Multiple include of /spin1/users/browna6/pwgs_snakemake/helpers.py ignored
Building DAG of jobs...
Using shell: /usr/bin/bash
Provided cluster nodes: 10
Job counts:
	count	jobs
	1	all
	1	move_and_unzip_files
	1	phylo_input_parsing
	2	run_cnv_parsing
	1	run_final_parser_ms
	2	run_pretty_vcf
	1	submit_pwgs
	1	write_results
	10

[Fri Apr  5 11:30:12 2019]
rule run_cnv_parsing:
    input: /data/browna6/evolution/facets/egfr_exome/fitted/CL0127_T1D_E.snppile.csv.gz_fitted.csv
    output: /data/GuhaData/pwgs/pwgs_inputs/CL127_sub/CL0127/CL0127_T1D_E_cnvInput.txt
    jobid: 6
    reason: Missing output files: /data/GuhaData/pwgs/pwgs_inputs/CL127_sub/CL0127/CL0127_T1D_E_cnvInput.txt
    wildcards: patient=CL0127, sample=CL0127_T1D_E

Submitted job 6 with external jobid '23839602'.

[Fri Apr  5 11:30:13 2019]
rule run_pretty_vcf:
    input: /data/GuhaData/LAT/strelka_raw_vcf/CL0127_T1D_E/passed.somatic.snvs_indels_snpEff_on_exome_combined.txt
    output: /data/GuhaData/pwgs/pwgs_inputs/CL127_sub/CL0127_T1D_E.passed.somatic.snvs_indels_snpEff_on_exome_combined.vcf
    jobid: 4
    reason: Missing output files: /data/GuhaData/pwgs/pwgs_inputs/CL127_sub/CL0127_T1D_E.passed.somatic.snvs_indels_snpEff_on_exome_combined.vcf
    wildcards: sample=CL0127_T1D_E

Submitted job 4 with external jobid '23839605'.

[Fri Apr  5 11:30:16 2019]
rule run_pretty_vcf:
    input: /data/GuhaData/LAT/strelka_raw_vcf_missing/CL0127_T3D_E/passed.somatic.snvs_indels_snpEff_on_exome_combined.txt
    output: /data/GuhaData/pwgs/pwgs_inputs/CL127_sub/CL0127_T3D_E.passed.somatic.snvs_indels_snpEff_on_exome_combined.vcf
    jobid: 5
    reason: Missing output files: /data/GuhaData/pwgs/pwgs_inputs/CL127_sub/CL0127_T3D_E.passed.somatic.snvs_indels_snpEff_on_exome_combined.vcf
    wildcards: sample=CL0127_T3D_E

Submitted job 5 with external jobid '23839608'.

[Fri Apr  5 11:30:19 2019]
rule run_cnv_parsing:
    input: /data/browna6/evolution/facets/egfr_exome/fitted/CL0127_T3D_E.snppile.csv.gz_fitted.csv
    output: /data/GuhaData/pwgs/pwgs_inputs/CL127_sub/CL0127/CL0127_T3D_E_cnvInput.txt
    jobid: 7
    reason: Missing output files: /data/GuhaData/pwgs/pwgs_inputs/CL127_sub/CL0127/CL0127_T3D_E_cnvInput.txt
    wildcards: patient=CL0127, sample=CL0127_T3D_E

Submitted job 7 with external jobid '23839611'.
[Fri Apr  5 11:47:13 2019]
Finished job 6.
1 of 10 steps (10%) done
[Fri Apr  5 11:47:13 2019]
Finished job 4.
2 of 10 steps (20%) done
[Fri Apr  5 11:47:13 2019]
Finished job 5.
3 of 10 steps (30%) done
[Fri Apr  5 11:47:13 2019]
Finished job 7.
4 of 10 steps (40%) done

[Fri Apr  5 11:47:13 2019]
rule phylo_input_parsing:
    input: /data/GuhaData/pwgs/pwgs_inputs/CL127_sub/CL0127_T1D_E.passed.somatic.snvs_indels_snpEff_on_exome_combined.vcf, /data/GuhaData/pwgs/pwgs_inputs/CL127_sub/CL0127_T3D_E.passed.somatic.snvs_indels_snpEff_on_exome_combined.vcf, /data/GuhaData/pwgs/pwgs_inputs/CL127_sub/CL0127/CL0127_T1D_E_cnvInput.txt, /data/GuhaData/pwgs/pwgs_inputs/CL127_sub/CL0127/CL0127_T3D_E_cnvInput.txt
    output: /data/GuhaData/pwgs/pwgs_inputs/CL127_sub/CL0127/CL0127.params.json, /data/GuhaData/pwgs/pwgs_inputs/CL127_sub/CL0127/CL0127.cnvs.txt, /data/GuhaData/pwgs/pwgs_inputs/CL127_sub/CL0127/CL0127.ssm.txt
    jobid: 2
    reason: Missing output files: /data/GuhaData/pwgs/pwgs_inputs/CL127_sub/CL0127/CL0127.ssm.txt, /data/GuhaData/pwgs/pwgs_inputs/CL127_sub/CL0127/CL0127.params.json, /data/GuhaData/pwgs/pwgs_inputs/CL127_sub/CL0127/CL0127.cnvs.txt; Input files updated by another job: /data/GuhaData/pwgs/pwgs_inputs/CL127_sub/CL0127_T1D_E.passed.somatic.snvs_indels_snpEff_on_exome_combined.vcf, /data/GuhaData/pwgs/pwgs_inputs/CL127_sub/CL0127/CL0127_T1D_E_cnvInput.txt, /data/GuhaData/pwgs/pwgs_inputs/CL127_sub/CL0127_T3D_E.passed.somatic.snvs_indels_snpEff_on_exome_combined.vcf, /data/GuhaData/pwgs/pwgs_inputs/CL127_sub/CL0127/CL0127_T3D_E_cnvInput.txt
    wildcards: patient=CL0127

python2 /data/browna6/pwgs_snakemake/create_phylowgs_inputs.py -s 100 --regions all --cnvs CL0127_T1D_E=/data/GuhaData/pwgs/pwgs_inputs/CL127_sub/CL0127/CL0127_T1D_E_cnvInput.txt --cnvs CL0127_T3D_E=/data/GuhaData/pwgs/pwgs_inputs/CL127_sub/CL0127/CL0127_T3D_E_cnvInput.txt --output-cnvs /data/GuhaData/pwgs/pwgs_inputs/CL127_sub/CL0127/CL0127.cnvs.txt --output-variants /data/GuhaData/pwgs/pwgs_inputs/CL127_sub/CL0127/CL0127.ssm.txt --output-params /data/GuhaData/pwgs/pwgs_inputs/CL127_sub/CL0127/CL0127.params.json --vcf-type CL0127_T1D_E=strelka_indelcombined --vcf-type CL0127_T3D_E=strelka_indelcombined CL0127_T1D_E=/data/GuhaData/pwgs/pwgs_inputs/CL127_sub/CL0127_T1D_E.passed.somatic.snvs_indels_snpEff_on_exome_combined.vcf CL0127_T3D_E=/data/GuhaData/pwgs/pwgs_inputs/CL127_sub/CL0127_T3D_E.passed.somatic.snvs_indels_snpEff_on_exome_combined.vcf
Submitted job 2 with external jobid '23840832'.
[Fri Apr  5 12:03:14 2019]
Finished job 2.
5 of 10 steps (50%) done

[Fri Apr  5 12:03:14 2019]
rule submit_pwgs:
    input: /data/GuhaData/pwgs/pwgs_inputs/CL127_sub/CL0127/CL0127.params.json, /data/GuhaData/pwgs/pwgs_inputs/CL127_sub/CL0127/CL0127.cnvs.txt, /data/GuhaData/pwgs/pwgs_inputs/CL127_sub/CL0127/CL0127.ssm.txt
    output: /data/GuhaData/pwgs/pwgs_output/CL127_sub/CL0127/CL0127/trees.zip
    jobid: 9
    reason: Missing output files: /data/GuhaData/pwgs/pwgs_output/CL127_sub/CL0127/CL0127/trees.zip; Input files updated by another job: /data/GuhaData/pwgs/pwgs_inputs/CL127_sub/CL0127/CL0127.ssm.txt, /data/GuhaData/pwgs/pwgs_inputs/CL127_sub/CL0127/CL0127.params.json, /data/GuhaData/pwgs/pwgs_inputs/CL127_sub/CL0127/CL0127.cnvs.txt
    wildcards: patient=CL0127, sample=CL0127
    threads: 20

python2 /home/browna6/phylowgs/multievolve.py -O /data/GuhaData/pwgs/pwgs_output/CL127_sub/CL0127/CL0127 -r 5457 8805 908 9245 5941 6492 7602 4607 5277 4013 2162 894 1161 9491 2794 1220 2512 1736 6686 638 --num-chains 20 --ssms /data/GuhaData/pwgs/pwgs_inputs/CL127_sub/CL0127/CL0127.ssm.txt --cnvs /data/GuhaData/pwgs/pwgs_inputs/CL127_sub/CL0127/CL0127.cnvs.txt --params /data/GuhaData/pwgs/pwgs_inputs/CL127_sub/CL0127/CL0127.params.json
Submitted job 9 with external jobid '23842218'.
[Fri Apr  5 15:00:25 2019]
Finished job 9.
6 of 10 steps (60%) done

[Fri Apr  5 15:00:25 2019]
rule write_results:
    input: /data/GuhaData/pwgs/pwgs_output/CL127_sub/CL0127/CL0127/trees.zip
    output: /data/GuhaData/pwgs/pwgs_output/CL127_sub/CL0127/CL0127/CL0127.mutass.zip, /data/GuhaData/pwgs/pwgs_output/CL127_sub/CL0127/CL0127/CL0127.muts.json.gz, /data/GuhaData/pwgs/pwgs_output/CL127_sub/CL0127/CL0127/CL0127.summ.json.gz
    jobid: 8
    reason: Missing output files: /data/GuhaData/pwgs/pwgs_output/CL127_sub/CL0127/CL0127/CL0127.muts.json.gz, /data/GuhaData/pwgs/pwgs_output/CL127_sub/CL0127/CL0127/CL0127.mutass.zip, /data/GuhaData/pwgs/pwgs_output/CL127_sub/CL0127/CL0127/CL0127.summ.json.gz; Input files updated by another job: /data/GuhaData/pwgs/pwgs_output/CL127_sub/CL0127/CL0127/trees.zip
    wildcards: patient=CL0127, sample=CL0127

python2 /home/browna6/phylowgs/write_results.py --allow-polyclonal --include-polyclonal CL0127 /data/GuhaData/pwgs/pwgs_output/CL127_sub/CL0127/CL0127/trees.zip /data/GuhaData/pwgs/pwgs_output/CL127_sub/CL0127/CL0127/CL0127.summ.json.gz /data/GuhaData/pwgs/pwgs_output/CL127_sub/CL0127/CL0127/CL0127.muts.json.gz /data/GuhaData/pwgs/pwgs_output/CL127_sub/CL0127/CL0127/CL0127.mutass.zip
Submitted job 8 with external jobid '23856856'.
[Fri Apr  5 15:05:26 2019]
Finished job 8.
7 of 10 steps (70%) done

[Fri Apr  5 15:05:26 2019]
rule move_and_unzip_files:
    input: /data/GuhaData/pwgs/pwgs_output/CL127_sub/CL0127/CL0127/CL0127.mutass.zip, /data/GuhaData/pwgs/pwgs_output/CL127_sub/CL0127/CL0127/CL0127.muts.json.gz, /data/GuhaData/pwgs/pwgs_output/CL127_sub/CL0127/CL0127/CL0127.summ.json.gz
    output: /data/GuhaData/phylowgs_results/witness/data_CL127_sub/CL0127/CL0127.mutass.zip, /data/GuhaData/phylowgs_results/witness/data_CL127_sub/CL0127/CL0127.muts.json, /data/GuhaData/phylowgs_results/witness/data_CL127_sub/CL0127/CL0127.summ.json
    jobid: 3
    reason: Missing output files: /data/GuhaData/phylowgs_results/witness/data_CL127_sub/CL0127/CL0127.mutass.zip, /data/GuhaData/phylowgs_results/witness/data_CL127_sub/CL0127/CL0127.summ.json; Input files updated by another job: /data/GuhaData/pwgs/pwgs_output/CL127_sub/CL0127/CL0127/CL0127.muts.json.gz, /data/GuhaData/pwgs/pwgs_output/CL127_sub/CL0127/CL0127/CL0127.mutass.zip, /data/GuhaData/pwgs/pwgs_output/CL127_sub/CL0127/CL0127/CL0127.summ.json.gz
    wildcards: patient=CL0127, sample=CL0127

Submitted job 3 with external jobid '23857167'.
[Fri Apr  5 15:14:26 2019]
Finished job 3.
8 of 10 steps (80%) done

[Fri Apr  5 15:14:26 2019]
rule run_final_parser_ms:
    input: /data/GuhaData/pwgs/pwgs_inputs/CL127_sub/CL0127/CL0127.cnvs.txt, /data/GuhaData/pwgs/pwgs_inputs/CL127_sub/CL0127/CL0127.ssm.txt, /data/GuhaData/phylowgs_results/witness/data_CL127_sub/CL0127/CL0127.summ.json, /data/GuhaData/phylowgs_results/witness/data_CL127_sub/CL0127/CL0127.mutass.zip
    output: /data/GuhaData/phylowgs_results/parsed_results_CL127_sub/CL0127/CL0127/tree_likelihoods.txt
    jobid: 1
    reason: Missing output files: /data/GuhaData/phylowgs_results/parsed_results_CL127_sub/CL0127/CL0127/tree_likelihoods.txt; Input files updated by another job: /data/GuhaData/pwgs/pwgs_inputs/CL127_sub/CL0127/CL0127.ssm.txt, /data/GuhaData/phylowgs_results/witness/data_CL127_sub/CL0127/CL0127.summ.json, /data/GuhaData/phylowgs_results/witness/data_CL127_sub/CL0127/CL0127.mutass.zip, /data/GuhaData/pwgs/pwgs_inputs/CL127_sub/CL0127/CL0127.cnvs.txt
    wildcards: patient=CL0127, sample=CL0127

Submitted job 1 with external jobid '23857459'.
[Fri Apr  5 15:27:27 2019]
Finished job 1.
9 of 10 steps (90%) done

[Fri Apr  5 15:27:27 2019]
localrule all:
    input: /data/GuhaData/phylowgs_results/parsed_results_CL127_sub/CL0127/CL0127/tree_likelihoods.txt, /data/GuhaData/phylowgs_results/parsed_results_CL127_sub/CL0127/CL0127/tree_likelihoods.txt
    jobid: 0
    reason: Input files updated by another job: /data/GuhaData/phylowgs_results/parsed_results_CL127_sub/CL0127/CL0127/tree_likelihoods.txt

[Fri Apr  5 15:27:27 2019]
Finished job 0.
10 of 10 steps (100%) done
Complete log: /spin1/users/browna6/pwgs_snakemake/.snakemake/log/2019-04-05T113010.691322.snakemake.log
