Multiple include of /spin1/users/browna6/pwgs_snakemake/helpers.py ignored
Multiple include of /spin1/users/browna6/pwgs_snakemake/helpers.py ignored
Multiple include of /spin1/users/browna6/pwgs_snakemake/helpers.py ignored
Building DAG of jobs...
Using shell: /usr/bin/bash
Provided cluster nodes: 10
Job counts:
	count	jobs
	1	all
	5	move_and_unzip_files
	5	phylo_input_parsing
	14	run_cnv_parsing
	5	run_final_parser_ms
	14	run_pretty_vcf
	5	submit_pwgs
	5	write_results
	54

[Thu Feb 28 11:13:20 2019]
rule run_pretty_vcf:
    input: /data/GuhaData/LAT/strelka_raw_vcf/CL0038_T3D_E/passed.somatic.snvs_indels_snpEff_on_exome_combined.txt
    output: /data/browna6/evolution/pwgs/phyloinputs/egfr_editedCopy/CL0038_T3D_E.passed.somatic.snvs_indels_snpEff_on_exome_combined.vcf
    jobid: 18
    reason: Missing output files: /data/browna6/evolution/pwgs/phyloinputs/egfr_editedCopy/CL0038_T3D_E.passed.somatic.snvs_indels_snpEff_on_exome_combined.vcf
    wildcards: sample=CL0038_T3D_E

Submitted job 18 with external jobid '21392177'.

[Thu Feb 28 11:13:23 2019]
rule run_cnv_parsing:
    input: /data/browna6/evolution/facets/egfr_exome/fitted/CL0127_T1D_E.snppile.csv.gz_fitted.csv
    output: /data/browna6/evolution/pwgs/phyloinputs/egfr_editedCopy/CL0127/CL0127_T1D_E_cnvInput.txt
    jobid: 46
    reason: Missing output files: /data/browna6/evolution/pwgs/phyloinputs/egfr_editedCopy/CL0127/CL0127_T1D_E_cnvInput.txt
    wildcards: patient=CL0127, sample=CL0127_T1D_E

Submitted job 46 with external jobid '21392298'.

[Thu Feb 28 11:13:26 2019]
rule run_pretty_vcf:
    input: /data/GuhaData/LAT/strelka_raw_vcf/NCI0423_T1D_E/passed.somatic.snvs_indels_snpEff_on_exome_combined.txt
    output: /data/browna6/evolution/pwgs/phyloinputs/egfr_editedCopy/NCI0423_T1D_E.passed.somatic.snvs_indels_snpEff_on_exome_combined.vcf
    jobid: 39
    reason: Missing output files: /data/browna6/evolution/pwgs/phyloinputs/egfr_editedCopy/NCI0423_T1D_E.passed.somatic.snvs_indels_snpEff_on_exome_combined.vcf
    wildcards: sample=NCI0423_T1D_E

Submitted job 39 with external jobid '21392299'.

[Thu Feb 28 11:13:28 2019]
rule run_cnv_parsing:
    input: /data/browna6/evolution/facets/egfr_exome/fitted/CL0088_T2D_E.snppile.csv.gz_fitted.csv
    output: /data/browna6/evolution/pwgs/phyloinputs/egfr_editedCopy/CL0088/CL0088_T2D_E_cnvInput.txt
    jobid: 37
    reason: Missing output files: /data/browna6/evolution/pwgs/phyloinputs/egfr_editedCopy/CL0088/CL0088_T2D_E_cnvInput.txt
    wildcards: patient=CL0088, sample=CL0088_T2D_E

Submitted job 37 with external jobid '21392443'.

[Thu Feb 28 11:13:31 2019]
rule run_cnv_parsing:
    input: /data/browna6/evolution/facets/egfr_exome/fitted/CL0038_T1D_E.snppile.csv.gz_fitted.csv
    output: /data/browna6/evolution/pwgs/phyloinputs/egfr_editedCopy/CL0038/CL0038_T1D_E_cnvInput.txt
    jobid: 19
    reason: Missing output files: /data/browna6/evolution/pwgs/phyloinputs/egfr_editedCopy/CL0038/CL0038_T1D_E_cnvInput.txt
    wildcards: patient=CL0038, sample=CL0038_T1D_E

Submitted job 19 with external jobid '21392612'.

[Thu Feb 28 11:13:33 2019]
rule run_pretty_vcf:
    input: /data/GuhaData/LAT/strelka_raw_vcf/CL0088_T2D_E/passed.somatic.snvs_indels_snpEff_on_exome_combined.txt
    output: /data/browna6/evolution/pwgs/phyloinputs/egfr_editedCopy/CL0088_T2D_E.passed.somatic.snvs_indels_snpEff_on_exome_combined.vcf
    jobid: 35
    reason: Missing output files: /data/browna6/evolution/pwgs/phyloinputs/egfr_editedCopy/CL0088_T2D_E.passed.somatic.snvs_indels_snpEff_on_exome_combined.vcf
    wildcards: sample=CL0088_T2D_E

Submitted job 35 with external jobid '21392613'.

[Thu Feb 28 11:13:35 2019]
rule run_pretty_vcf:
    input: /data/GuhaData/LAT/strelka_raw_vcf/CL0038_T1D_E/passed.somatic.snvs_indels_snpEff_on_exome_combined.txt
    output: /data/browna6/evolution/pwgs/phyloinputs/egfr_editedCopy/CL0038_T1D_E.passed.somatic.snvs_indels_snpEff_on_exome_combined.vcf
    jobid: 16
    reason: Missing output files: /data/browna6/evolution/pwgs/phyloinputs/egfr_editedCopy/CL0038_T1D_E.passed.somatic.snvs_indels_snpEff_on_exome_combined.vcf
    wildcards: sample=CL0038_T1D_E

Submitted job 16 with external jobid '21392614'.

[Thu Feb 28 11:13:37 2019]
rule run_pretty_vcf:
    input: /data/GuhaData/LAT/strelka_raw_vcf/CL0038_T2D_E/passed.somatic.snvs_indels_snpEff_on_exome_combined.txt
    output: /data/browna6/evolution/pwgs/phyloinputs/egfr_editedCopy/CL0038_T2D_E.passed.somatic.snvs_indels_snpEff_on_exome_combined.vcf
    jobid: 17
    reason: Missing output files: /data/browna6/evolution/pwgs/phyloinputs/egfr_editedCopy/CL0038_T2D_E.passed.somatic.snvs_indels_snpEff_on_exome_combined.vcf
    wildcards: sample=CL0038_T2D_E

Submitted job 17 with external jobid '21392615'.

[Thu Feb 28 11:13:38 2019]
rule run_cnv_parsing:
    input: /data/browna6/evolution/facets/egfr_exome/fitted/CL0038_T2D_E.snppile.csv.gz_fitted.csv
    output: /data/browna6/evolution/pwgs/phyloinputs/egfr_editedCopy/CL0038/CL0038_T2D_E_cnvInput.txt
    jobid: 20
    reason: Missing output files: /data/browna6/evolution/pwgs/phyloinputs/egfr_editedCopy/CL0038/CL0038_T2D_E_cnvInput.txt
    wildcards: patient=CL0038, sample=CL0038_T2D_E

Submitted job 20 with external jobid '21392616'.

[Thu Feb 28 11:13:39 2019]
rule run_pretty_vcf:
    input: /data/GuhaData/LAT/strelka_raw_vcf/NCI0423_T2D_E/passed.somatic.snvs_indels_snpEff_on_exome_combined.txt
    output: /data/browna6/evolution/pwgs/phyloinputs/egfr_editedCopy/NCI0423_T2D_E.passed.somatic.snvs_indels_snpEff_on_exome_combined.vcf
    jobid: 40
    reason: Missing output files: /data/browna6/evolution/pwgs/phyloinputs/egfr_editedCopy/NCI0423_T2D_E.passed.somatic.snvs_indels_snpEff_on_exome_combined.vcf
    wildcards: sample=NCI0423_T2D_E

Submitted job 40 with external jobid '21392617'.
[Thu Feb 28 11:23:13 2019]
Finished job 18.
1 of 54 steps (2%) done

[Thu Feb 28 11:23:13 2019]
rule run_cnv_parsing:
    input: /data/browna6/evolution/facets/egfr_exome/fitted/CL0088_T1D_E.snppile.csv.gz_fitted.csv
    output: /data/browna6/evolution/pwgs/phyloinputs/egfr_editedCopy/CL0088/CL0088_T1D_E_cnvInput.txt
    jobid: 36
    reason: Missing output files: /data/browna6/evolution/pwgs/phyloinputs/egfr_editedCopy/CL0088/CL0088_T1D_E_cnvInput.txt
    wildcards: patient=CL0088, sample=CL0088_T1D_E

[Thu Feb 28 11:23:13 2019]
Finished job 46.
2 of 54 steps (4%) done
[Thu Feb 28 11:23:13 2019]
Finished job 39.
3 of 54 steps (6%) done
[Thu Feb 28 11:23:13 2019]
Finished job 37.
4 of 54 steps (7%) done
[Thu Feb 28 11:23:13 2019]
Finished job 19.
5 of 54 steps (9%) done
[Thu Feb 28 11:23:13 2019]
Finished job 35.
6 of 54 steps (11%) done
[Thu Feb 28 11:23:13 2019]
Finished job 16.
7 of 54 steps (13%) done
[Thu Feb 28 11:23:13 2019]
Finished job 17.
8 of 54 steps (15%) done
[Thu Feb 28 11:23:13 2019]
Finished job 20.
9 of 54 steps (17%) done
[Thu Feb 28 11:23:13 2019]
Finished job 40.
10 of 54 steps (19%) done
Submitted job 36 with external jobid '21394282'.

[Thu Feb 28 11:23:14 2019]
rule run_cnv_parsing:
    input: /data/browna6/evolution/facets/egfr_exome/fitted/CL0038_T3D_E.snppile.csv.gz_fitted.csv
    output: /data/browna6/evolution/pwgs/phyloinputs/egfr_editedCopy/CL0038/CL0038_T3D_E_cnvInput.txt
    jobid: 21
    reason: Missing output files: /data/browna6/evolution/pwgs/phyloinputs/egfr_editedCopy/CL0038/CL0038_T3D_E_cnvInput.txt
    wildcards: patient=CL0038, sample=CL0038_T3D_E

Submitted job 21 with external jobid '21394283'.

[Thu Feb 28 11:23:16 2019]
rule run_cnv_parsing:
    input: /data/browna6/evolution/facets/egfr_exome/fitted/CL0127_T3D_E.snppile.csv.gz_fitted.csv
    output: /data/browna6/evolution/pwgs/phyloinputs/egfr_editedCopy/CL0127/CL0127_T3D_E_cnvInput.txt
    jobid: 47
    reason: Missing output files: /data/browna6/evolution/pwgs/phyloinputs/egfr_editedCopy/CL0127/CL0127_T3D_E_cnvInput.txt
    wildcards: patient=CL0127, sample=CL0127_T3D_E

Submitted job 47 with external jobid '21394284'.

[Thu Feb 28 11:23:17 2019]
rule run_pretty_vcf:
    input: /data/GuhaData/LAT/strelka_raw_vcf/NCI0395_T2D_E/passed.somatic.snvs_indels_snpEff_on_exome_combined.txt
    output: /data/browna6/evolution/pwgs/phyloinputs/egfr_editedCopy/NCI0395_T2D_E.passed.somatic.snvs_indels_snpEff_on_exome_combined.vcf
    jobid: 24
    reason: Missing output files: /data/browna6/evolution/pwgs/phyloinputs/egfr_editedCopy/NCI0395_T2D_E.passed.somatic.snvs_indels_snpEff_on_exome_combined.vcf
    wildcards: sample=NCI0395_T2D_E

Submitted job 24 with external jobid '21394285'.

[Thu Feb 28 11:23:18 2019]
rule run_cnv_parsing:
    input: /data/browna6/evolution/facets/egfr_exome/fitted/NCI0423_T1D_E.snppile.csv.gz_fitted.csv
    output: /data/browna6/evolution/pwgs/phyloinputs/egfr_editedCopy/NCI0423/NCI0423_T1D_E_cnvInput.txt
    jobid: 41
    reason: Missing output files: /data/browna6/evolution/pwgs/phyloinputs/egfr_editedCopy/NCI0423/NCI0423_T1D_E_cnvInput.txt
    wildcards: patient=NCI0423, sample=NCI0423_T1D_E

Submitted job 41 with external jobid '21394287'.

[Thu Feb 28 11:23:19 2019]
rule run_pretty_vcf:
    input: /data/GuhaData/LAT/strelka_raw_vcf_missing/CL0127_T3D_E/passed.somatic.snvs_indels_snpEff_on_exome_combined.txt
    output: /data/browna6/evolution/pwgs/phyloinputs/egfr_editedCopy/CL0127_T3D_E.passed.somatic.snvs_indels_snpEff_on_exome_combined.vcf
    jobid: 45
    reason: Missing output files: /data/browna6/evolution/pwgs/phyloinputs/egfr_editedCopy/CL0127_T3D_E.passed.somatic.snvs_indels_snpEff_on_exome_combined.vcf
    wildcards: sample=CL0127_T3D_E

Submitted job 45 with external jobid '21394288'.

[Thu Feb 28 11:23:21 2019]
rule run_pretty_vcf:
    input: /data/GuhaData/LAT/strelka_raw_vcf/CL0127_T1D_E/passed.somatic.snvs_indels_snpEff_on_exome_combined.txt
    output: /data/browna6/evolution/pwgs/phyloinputs/egfr_editedCopy/CL0127_T1D_E.passed.somatic.snvs_indels_snpEff_on_exome_combined.vcf
    jobid: 44
    reason: Missing output files: /data/browna6/evolution/pwgs/phyloinputs/egfr_editedCopy/CL0127_T1D_E.passed.somatic.snvs_indels_snpEff_on_exome_combined.vcf
    wildcards: sample=CL0127_T1D_E

Submitted job 44 with external jobid '21394289'.

[Thu Feb 28 11:23:22 2019]
rule run_pretty_vcf:
    input: /data/GuhaData/LAT/strelka_raw_vcf/CL0088_T1D_E/passed.somatic.snvs_indels_snpEff_on_exome_combined.txt
    output: /data/browna6/evolution/pwgs/phyloinputs/egfr_editedCopy/CL0088_T1D_E.passed.somatic.snvs_indels_snpEff_on_exome_combined.vcf
    jobid: 34
    reason: Missing output files: /data/browna6/evolution/pwgs/phyloinputs/egfr_editedCopy/CL0088_T1D_E.passed.somatic.snvs_indels_snpEff_on_exome_combined.vcf
    wildcards: sample=CL0088_T1D_E

Submitted job 34 with external jobid '21394290'.

[Thu Feb 28 11:23:23 2019]
rule run_pretty_vcf:
    input: /data/GuhaData/LAT/strelka_raw_vcf/NCI0395_T5D_E/passed.somatic.snvs_indels_snpEff_on_exome_combined.txt
    output: /data/browna6/evolution/pwgs/phyloinputs/egfr_editedCopy/NCI0395_T5D_E.passed.somatic.snvs_indels_snpEff_on_exome_combined.vcf
    jobid: 27
    reason: Missing output files: /data/browna6/evolution/pwgs/phyloinputs/egfr_editedCopy/NCI0395_T5D_E.passed.somatic.snvs_indels_snpEff_on_exome_combined.vcf
    wildcards: sample=NCI0395_T5D_E

Submitted job 27 with external jobid '21394291'.

[Thu Feb 28 11:23:25 2019]
rule run_pretty_vcf:
    input: /data/GuhaData/LAT/strelka_raw_vcf/NCI0395_T4D_E/passed.somatic.snvs_indels_snpEff_on_exome_combined.txt
    output: /data/browna6/evolution/pwgs/phyloinputs/egfr_editedCopy/NCI0395_T4D_E.passed.somatic.snvs_indels_snpEff_on_exome_combined.vcf
    jobid: 26
    reason: Missing output files: /data/browna6/evolution/pwgs/phyloinputs/egfr_editedCopy/NCI0395_T4D_E.passed.somatic.snvs_indels_snpEff_on_exome_combined.vcf
    wildcards: sample=NCI0395_T4D_E

Submitted job 26 with external jobid '21394292'.
[Thu Feb 28 11:33:07 2019]
Finished job 34.
11 of 54 steps (20%) done

[Thu Feb 28 11:33:07 2019]
rule run_pretty_vcf:
    input: /data/GuhaData/LAT/strelka_raw_vcf/NCI0395_T1D_E/passed.somatic.snvs_indels_snpEff_on_exome_combined.txt
    output: /data/browna6/evolution/pwgs/phyloinputs/egfr_editedCopy/NCI0395_T1D_E.passed.somatic.snvs_indels_snpEff_on_exome_combined.vcf
    jobid: 23
    reason: Missing output files: /data/browna6/evolution/pwgs/phyloinputs/egfr_editedCopy/NCI0395_T1D_E.passed.somatic.snvs_indels_snpEff_on_exome_combined.vcf
    wildcards: sample=NCI0395_T1D_E

[Thu Feb 28 11:33:07 2019]
Finished job 21.
12 of 54 steps (22%) done
[Thu Feb 28 11:33:07 2019]
Finished job 47.
13 of 54 steps (24%) done
[Thu Feb 28 11:33:07 2019]
Finished job 24.
14 of 54 steps (26%) done
[Thu Feb 28 11:33:07 2019]
Finished job 41.
15 of 54 steps (28%) done
[Thu Feb 28 11:33:07 2019]
Finished job 45.
16 of 54 steps (30%) done
[Thu Feb 28 11:33:07 2019]
Finished job 44.
17 of 54 steps (31%) done
[Thu Feb 28 11:33:07 2019]
Finished job 27.
18 of 54 steps (33%) done
[Thu Feb 28 11:33:07 2019]
Finished job 26.
19 of 54 steps (35%) done
Submitted job 23 with external jobid '21395206'.

[Thu Feb 28 11:33:08 2019]
rule run_cnv_parsing:
    input: /data/browna6/evolution/facets/egfr_exome/fitted/NCI0423_T2D_E.snppile.csv.gz_fitted.csv
    output: /data/browna6/evolution/pwgs/phyloinputs/egfr_editedCopy/NCI0423/NCI0423_T2D_E_cnvInput.txt
    jobid: 42
    reason: Missing output files: /data/browna6/evolution/pwgs/phyloinputs/egfr_editedCopy/NCI0423/NCI0423_T2D_E_cnvInput.txt
    wildcards: patient=NCI0423, sample=NCI0423_T2D_E

Submitted job 42 with external jobid '21395207'.

[Thu Feb 28 11:33:09 2019]
rule run_cnv_parsing:
    input: /data/browna6/evolution/facets/egfr_exome/fitted/NCI0395_T5D_E.snppile.csv.gz_fitted.csv
    output: /data/browna6/evolution/pwgs/phyloinputs/egfr_editedCopy/NCI0395/NCI0395_T5D_E_cnvInput.txt
    jobid: 32
    reason: Missing output files: /data/browna6/evolution/pwgs/phyloinputs/egfr_editedCopy/NCI0395/NCI0395_T5D_E_cnvInput.txt
    wildcards: patient=NCI0395, sample=NCI0395_T5D_E

Submitted job 32 with external jobid '21395209'.

[Thu Feb 28 11:33:10 2019]
rule run_cnv_parsing:
    input: /data/browna6/evolution/facets/egfr_exome/fitted/NCI0395_T4D_E.snppile.csv.gz_fitted.csv
    output: /data/browna6/evolution/pwgs/phyloinputs/egfr_editedCopy/NCI0395/NCI0395_T4D_E_cnvInput.txt
    jobid: 31
    reason: Missing output files: /data/browna6/evolution/pwgs/phyloinputs/egfr_editedCopy/NCI0395/NCI0395_T4D_E_cnvInput.txt
    wildcards: patient=NCI0395, sample=NCI0395_T4D_E

Submitted job 31 with external jobid '21395212'.

[Thu Feb 28 11:33:12 2019]
rule run_pretty_vcf:
    input: /data/GuhaData/LAT/strelka_raw_vcf/NCI0395_T3D_E/passed.somatic.snvs_indels_snpEff_on_exome_combined.txt
    output: /data/browna6/evolution/pwgs/phyloinputs/egfr_editedCopy/NCI0395_T3D_E.passed.somatic.snvs_indels_snpEff_on_exome_combined.vcf
    jobid: 25
    reason: Missing output files: /data/browna6/evolution/pwgs/phyloinputs/egfr_editedCopy/NCI0395_T3D_E.passed.somatic.snvs_indels_snpEff_on_exome_combined.vcf
    wildcards: sample=NCI0395_T3D_E

Submitted job 25 with external jobid '21395213'.

[Thu Feb 28 11:33:13 2019]
rule phylo_input_parsing:
    input: /data/browna6/evolution/pwgs/phyloinputs/egfr_editedCopy/CL0127_T1D_E.passed.somatic.snvs_indels_snpEff_on_exome_combined.vcf, /data/browna6/evolution/pwgs/phyloinputs/egfr_editedCopy/CL0127_T3D_E.passed.somatic.snvs_indels_snpEff_on_exome_combined.vcf, /data/browna6/evolution/pwgs/phyloinputs/egfr_editedCopy/CL0127/CL0127_T1D_E_cnvInput.txt, /data/browna6/evolution/pwgs/phyloinputs/egfr_editedCopy/CL0127/CL0127_T3D_E_cnvInput.txt
    output: /data/browna6/evolution/pwgs/phyloinputs/egfr_editedCopy/CL0127/CL0127.params.json, /data/browna6/evolution/pwgs/phyloinputs/egfr_editedCopy/CL0127/CL0127.cnvs.txt, /data/browna6/evolution/pwgs/phyloinputs/egfr_editedCopy/CL0127/CL0127.ssm.txt
    jobid: 14
    reason: Missing output files: /data/browna6/evolution/pwgs/phyloinputs/egfr_editedCopy/CL0127/CL0127.ssm.txt, /data/browna6/evolution/pwgs/phyloinputs/egfr_editedCopy/CL0127/CL0127.params.json, /data/browna6/evolution/pwgs/phyloinputs/egfr_editedCopy/CL0127/CL0127.cnvs.txt; Input files updated by another job: /data/browna6/evolution/pwgs/phyloinputs/egfr_editedCopy/CL0127/CL0127_T3D_E_cnvInput.txt, /data/browna6/evolution/pwgs/phyloinputs/egfr_editedCopy/CL0127_T3D_E.passed.somatic.snvs_indels_snpEff_on_exome_combined.vcf, /data/browna6/evolution/pwgs/phyloinputs/egfr_editedCopy/CL0127_T1D_E.passed.somatic.snvs_indels_snpEff_on_exome_combined.vcf, /data/browna6/evolution/pwgs/phyloinputs/egfr_editedCopy/CL0127/CL0127_T1D_E_cnvInput.txt
    wildcards: patient=CL0127

python2 /data/browna6/pwgs_snakemake/create_phylowgs_inputs.py --regions all --cnvs CL0127_T1D_E=/data/browna6/evolution/pwgs/phyloinputs/egfr_editedCopy/CL0127/CL0127_T1D_E_cnvInput.txt --cnvs CL0127_T3D_E=/data/browna6/evolution/pwgs/phyloinputs/egfr_editedCopy/CL0127/CL0127_T3D_E_cnvInput.txt --output-cnvs /data/browna6/evolution/pwgs/phyloinputs/egfr_editedCopy/CL0127/CL0127.cnvs.txt --output-variants /data/browna6/evolution/pwgs/phyloinputs/egfr_editedCopy/CL0127/CL0127.ssm.txt --output-params /data/browna6/evolution/pwgs/phyloinputs/egfr_editedCopy/CL0127/CL0127.params.json --vcf-type CL0127_T1D_E=strelka_indelcombined --vcf-type CL0127_T3D_E=strelka_indelcombined CL0127_T1D_E=/data/browna6/evolution/pwgs/phyloinputs/egfr_editedCopy/CL0127_T1D_E.passed.somatic.snvs_indels_snpEff_on_exome_combined.vcf CL0127_T3D_E=/data/browna6/evolution/pwgs/phyloinputs/egfr_editedCopy/CL0127_T3D_E.passed.somatic.snvs_indels_snpEff_on_exome_combined.vcf
Submitted job 14 with external jobid '21395215'.

[Thu Feb 28 11:33:14 2019]
rule phylo_input_parsing:
    input: /data/browna6/evolution/pwgs/phyloinputs/egfr_editedCopy/CL0038_T1D_E.passed.somatic.snvs_indels_snpEff_on_exome_combined.vcf, /data/browna6/evolution/pwgs/phyloinputs/egfr_editedCopy/CL0038_T2D_E.passed.somatic.snvs_indels_snpEff_on_exome_combined.vcf, /data/browna6/evolution/pwgs/phyloinputs/egfr_editedCopy/CL0038_T3D_E.passed.somatic.snvs_indels_snpEff_on_exome_combined.vcf, /data/browna6/evolution/pwgs/phyloinputs/egfr_editedCopy/CL0038/CL0038_T1D_E_cnvInput.txt, /data/browna6/evolution/pwgs/phyloinputs/egfr_editedCopy/CL0038/CL0038_T2D_E_cnvInput.txt, /data/browna6/evolution/pwgs/phyloinputs/egfr_editedCopy/CL0038/CL0038_T3D_E_cnvInput.txt
    output: /data/browna6/evolution/pwgs/phyloinputs/egfr_editedCopy/CL0038/CL0038.params.json, /data/browna6/evolution/pwgs/phyloinputs/egfr_editedCopy/CL0038/CL0038.cnvs.txt, /data/browna6/evolution/pwgs/phyloinputs/egfr_editedCopy/CL0038/CL0038.ssm.txt
    jobid: 6
    reason: Missing output files: /data/browna6/evolution/pwgs/phyloinputs/egfr_editedCopy/CL0038/CL0038.cnvs.txt, /data/browna6/evolution/pwgs/phyloinputs/egfr_editedCopy/CL0038/CL0038.ssm.txt, /data/browna6/evolution/pwgs/phyloinputs/egfr_editedCopy/CL0038/CL0038.params.json; Input files updated by another job: /data/browna6/evolution/pwgs/phyloinputs/egfr_editedCopy/CL0038/CL0038_T1D_E_cnvInput.txt, /data/browna6/evolution/pwgs/phyloinputs/egfr_editedCopy/CL0038_T3D_E.passed.somatic.snvs_indels_snpEff_on_exome_combined.vcf, /data/browna6/evolution/pwgs/phyloinputs/egfr_editedCopy/CL0038_T2D_E.passed.somatic.snvs_indels_snpEff_on_exome_combined.vcf, /data/browna6/evolution/pwgs/phyloinputs/egfr_editedCopy/CL0038_T1D_E.passed.somatic.snvs_indels_snpEff_on_exome_combined.vcf, /data/browna6/evolution/pwgs/phyloinputs/egfr_editedCopy/CL0038/CL0038_T3D_E_cnvInput.txt, /data/browna6/evolution/pwgs/phyloinputs/egfr_editedCopy/CL0038/CL0038_T2D_E_cnvInput.txt
    wildcards: patient=CL0038

python2 /data/browna6/pwgs_snakemake/create_phylowgs_inputs.py --regions all --cnvs CL0038_T1D_E=/data/browna6/evolution/pwgs/phyloinputs/egfr_editedCopy/CL0038/CL0038_T1D_E_cnvInput.txt --cnvs CL0038_T2D_E=/data/browna6/evolution/pwgs/phyloinputs/egfr_editedCopy/CL0038/CL0038_T2D_E_cnvInput.txt --cnvs CL0038_T3D_E=/data/browna6/evolution/pwgs/phyloinputs/egfr_editedCopy/CL0038/CL0038_T3D_E_cnvInput.txt --output-cnvs /data/browna6/evolution/pwgs/phyloinputs/egfr_editedCopy/CL0038/CL0038.cnvs.txt --output-variants /data/browna6/evolution/pwgs/phyloinputs/egfr_editedCopy/CL0038/CL0038.ssm.txt --output-params /data/browna6/evolution/pwgs/phyloinputs/egfr_editedCopy/CL0038/CL0038.params.json --vcf-type CL0038_T1D_E=strelka_indelcombined --vcf-type CL0038_T2D_E=strelka_indelcombined --vcf-type CL0038_T3D_E=strelka_indelcombined CL0038_T1D_E=/data/browna6/evolution/pwgs/phyloinputs/egfr_editedCopy/CL0038_T1D_E.passed.somatic.snvs_indels_snpEff_on_exome_combined.vcf CL0038_T2D_E=/data/browna6/evolution/pwgs/phyloinputs/egfr_editedCopy/CL0038_T2D_E.passed.somatic.snvs_indels_snpEff_on_exome_combined.vcf CL0038_T3D_E=/data/browna6/evolution/pwgs/phyloinputs/egfr_editedCopy/CL0038_T3D_E.passed.somatic.snvs_indels_snpEff_on_exome_combined.vcf
Submitted job 6 with external jobid '21395216'.

[Thu Feb 28 11:33:15 2019]
rule run_cnv_parsing:
    input: /data/browna6/evolution/facets/egfr_exome/fitted/NCI0395_T2D_E.snppile.csv.gz_fitted.csv
    output: /data/browna6/evolution/pwgs/phyloinputs/egfr_editedCopy/NCI0395/NCI0395_T2D_E_cnvInput.txt
    jobid: 29
    reason: Missing output files: /data/browna6/evolution/pwgs/phyloinputs/egfr_editedCopy/NCI0395/NCI0395_T2D_E_cnvInput.txt
    wildcards: patient=NCI0395, sample=NCI0395_T2D_E

Submitted job 29 with external jobid '21395217'.

[Thu Feb 28 11:33:17 2019]
rule run_cnv_parsing:
    input: /data/browna6/evolution/facets/egfr_exome/fitted/NCI0395_T1D_E.snppile.csv.gz_fitted.csv
    output: /data/browna6/evolution/pwgs/phyloinputs/egfr_editedCopy/NCI0395/NCI0395_T1D_E_cnvInput.txt
    jobid: 28
    reason: Missing output files: /data/browna6/evolution/pwgs/phyloinputs/egfr_editedCopy/NCI0395/NCI0395_T1D_E_cnvInput.txt
    wildcards: patient=NCI0395, sample=NCI0395_T1D_E

Submitted job 28 with external jobid '21395218'.
[Thu Feb 28 11:41:54 2019]
Finished job 36.
20 of 54 steps (37%) done

[Thu Feb 28 11:41:54 2019]
rule phylo_input_parsing:
    input: /data/browna6/evolution/pwgs/phyloinputs/egfr_editedCopy/CL0088_T1D_E.passed.somatic.snvs_indels_snpEff_on_exome_combined.vcf, /data/browna6/evolution/pwgs/phyloinputs/egfr_editedCopy/CL0088_T2D_E.passed.somatic.snvs_indels_snpEff_on_exome_combined.vcf, /data/browna6/evolution/pwgs/phyloinputs/egfr_editedCopy/CL0088/CL0088_T1D_E_cnvInput.txt, /data/browna6/evolution/pwgs/phyloinputs/egfr_editedCopy/CL0088/CL0088_T2D_E_cnvInput.txt
    output: /data/browna6/evolution/pwgs/phyloinputs/egfr_editedCopy/CL0088/CL0088.params.json, /data/browna6/evolution/pwgs/phyloinputs/egfr_editedCopy/CL0088/CL0088.cnvs.txt, /data/browna6/evolution/pwgs/phyloinputs/egfr_editedCopy/CL0088/CL0088.ssm.txt
    jobid: 10
    reason: Missing output files: /data/browna6/evolution/pwgs/phyloinputs/egfr_editedCopy/CL0088/CL0088.params.json, /data/browna6/evolution/pwgs/phyloinputs/egfr_editedCopy/CL0088/CL0088.ssm.txt, /data/browna6/evolution/pwgs/phyloinputs/egfr_editedCopy/CL0088/CL0088.cnvs.txt; Input files updated by another job: /data/browna6/evolution/pwgs/phyloinputs/egfr_editedCopy/CL0088/CL0088_T2D_E_cnvInput.txt, /data/browna6/evolution/pwgs/phyloinputs/egfr_editedCopy/CL0088_T1D_E.passed.somatic.snvs_indels_snpEff_on_exome_combined.vcf, /data/browna6/evolution/pwgs/phyloinputs/egfr_editedCopy/CL0088/CL0088_T1D_E_cnvInput.txt, /data/browna6/evolution/pwgs/phyloinputs/egfr_editedCopy/CL0088_T2D_E.passed.somatic.snvs_indels_snpEff_on_exome_combined.vcf
    wildcards: patient=CL0088

python2 /data/browna6/pwgs_snakemake/create_phylowgs_inputs.py --regions all --cnvs CL0088_T1D_E=/data/browna6/evolution/pwgs/phyloinputs/egfr_editedCopy/CL0088/CL0088_T1D_E_cnvInput.txt --cnvs CL0088_T2D_E=/data/browna6/evolution/pwgs/phyloinputs/egfr_editedCopy/CL0088/CL0088_T2D_E_cnvInput.txt --output-cnvs /data/browna6/evolution/pwgs/phyloinputs/egfr_editedCopy/CL0088/CL0088.cnvs.txt --output-variants /data/browna6/evolution/pwgs/phyloinputs/egfr_editedCopy/CL0088/CL0088.ssm.txt --output-params /data/browna6/evolution/pwgs/phyloinputs/egfr_editedCopy/CL0088/CL0088.params.json --vcf-type CL0088_T1D_E=strelka_indelcombined --vcf-type CL0088_T2D_E=strelka_indelcombined CL0088_T1D_E=/data/browna6/evolution/pwgs/phyloinputs/egfr_editedCopy/CL0088_T1D_E.passed.somatic.snvs_indels_snpEff_on_exome_combined.vcf CL0088_T2D_E=/data/browna6/evolution/pwgs/phyloinputs/egfr_editedCopy/CL0088_T2D_E.passed.somatic.snvs_indels_snpEff_on_exome_combined.vcf
[Thu Feb 28 11:41:54 2019]
Finished job 23.
21 of 54 steps (39%) done
[Thu Feb 28 11:41:54 2019]
Finished job 42.
22 of 54 steps (41%) done
[Thu Feb 28 11:41:54 2019]
Finished job 32.
23 of 54 steps (43%) done
[Thu Feb 28 11:41:54 2019]
Finished job 31.
24 of 54 steps (44%) done
[Thu Feb 28 11:41:54 2019]
Finished job 25.
25 of 54 steps (46%) done
[Thu Feb 28 11:41:54 2019]
Finished job 14.
26 of 54 steps (48%) done
[Thu Feb 28 11:41:54 2019]
Finished job 6.
27 of 54 steps (50%) done
[Thu Feb 28 11:41:54 2019]
Finished job 29.
28 of 54 steps (52%) done
[Thu Feb 28 11:41:54 2019]
Finished job 28.
29 of 54 steps (54%) done
Submitted job 10 with external jobid '21397212'.

[Thu Feb 28 11:41:56 2019]
rule submit_pwgs:
    input: /data/browna6/evolution/pwgs/phyloinputs/egfr_editedCopy/CL0127/CL0127.params.json, /data/browna6/evolution/pwgs/phyloinputs/egfr_editedCopy/CL0127/CL0127.cnvs.txt, /data/browna6/evolution/pwgs/phyloinputs/egfr_editedCopy/CL0127/CL0127.ssm.txt
    output: /data/browna6/evolution/pwgs/pwgs_output/egfr_editedCopy/CL0127/CL0127/trees.zip
    jobid: 53
    reason: Missing output files: /data/browna6/evolution/pwgs/pwgs_output/egfr_editedCopy/CL0127/CL0127/trees.zip; Input files updated by another job: /data/browna6/evolution/pwgs/phyloinputs/egfr_editedCopy/CL0127/CL0127.params.json, /data/browna6/evolution/pwgs/phyloinputs/egfr_editedCopy/CL0127/CL0127.ssm.txt, /data/browna6/evolution/pwgs/phyloinputs/egfr_editedCopy/CL0127/CL0127.cnvs.txt
    wildcards: patient=CL0127, sample=CL0127
    threads: 5

python2 /home/browna6/phylowgs/multievolve.py -O /data/browna6/evolution/pwgs/pwgs_output/egfr_editedCopy/CL0127/CL0127 -r 506 485 569 684 228 --num-chains 5 --ssms /data/browna6/evolution/pwgs/phyloinputs/egfr_editedCopy/CL0127/CL0127.ssm.txt --cnvs /data/browna6/evolution/pwgs/phyloinputs/egfr_editedCopy/CL0127/CL0127.cnvs.txt --params /data/browna6/evolution/pwgs/phyloinputs/egfr_editedCopy/CL0127/CL0127.params.json
Submitted job 53 with external jobid '21397213'.

[Thu Feb 28 11:41:57 2019]
rule submit_pwgs:
    input: /data/browna6/evolution/pwgs/phyloinputs/egfr_editedCopy/CL0038/CL0038.params.json, /data/browna6/evolution/pwgs/phyloinputs/egfr_editedCopy/CL0038/CL0038.cnvs.txt, /data/browna6/evolution/pwgs/phyloinputs/egfr_editedCopy/CL0038/CL0038.ssm.txt
    output: /data/browna6/evolution/pwgs/pwgs_output/egfr_editedCopy/CL0038/CL0038/trees.zip
    jobid: 49
    reason: Missing output files: /data/browna6/evolution/pwgs/pwgs_output/egfr_editedCopy/CL0038/CL0038/trees.zip; Input files updated by another job: /data/browna6/evolution/pwgs/phyloinputs/egfr_editedCopy/CL0038/CL0038.ssm.txt, /data/browna6/evolution/pwgs/phyloinputs/egfr_editedCopy/CL0038/CL0038.cnvs.txt, /data/browna6/evolution/pwgs/phyloinputs/egfr_editedCopy/CL0038/CL0038.params.json
    wildcards: patient=CL0038, sample=CL0038
    threads: 5

python2 /home/browna6/phylowgs/multievolve.py -O /data/browna6/evolution/pwgs/pwgs_output/egfr_editedCopy/CL0038/CL0038 -r 506 485 569 684 228 --num-chains 5 --ssms /data/browna6/evolution/pwgs/phyloinputs/egfr_editedCopy/CL0038/CL0038.ssm.txt --cnvs /data/browna6/evolution/pwgs/phyloinputs/egfr_editedCopy/CL0038/CL0038.cnvs.txt --params /data/browna6/evolution/pwgs/phyloinputs/egfr_editedCopy/CL0038/CL0038.params.json
Submitted job 49 with external jobid '21397214'.

[Thu Feb 28 11:41:58 2019]
rule phylo_input_parsing:
    input: /data/browna6/evolution/pwgs/phyloinputs/egfr_editedCopy/NCI0423_T1D_E.passed.somatic.snvs_indels_snpEff_on_exome_combined.vcf, /data/browna6/evolution/pwgs/phyloinputs/egfr_editedCopy/NCI0423_T2D_E.passed.somatic.snvs_indels_snpEff_on_exome_combined.vcf, /data/browna6/evolution/pwgs/phyloinputs/egfr_editedCopy/NCI0423/NCI0423_T1D_E_cnvInput.txt, /data/browna6/evolution/pwgs/phyloinputs/egfr_editedCopy/NCI0423/NCI0423_T2D_E_cnvInput.txt
    output: /data/browna6/evolution/pwgs/phyloinputs/egfr_editedCopy/NCI0423/NCI0423.params.json, /data/browna6/evolution/pwgs/phyloinputs/egfr_editedCopy/NCI0423/NCI0423.cnvs.txt, /data/browna6/evolution/pwgs/phyloinputs/egfr_editedCopy/NCI0423/NCI0423.ssm.txt
    jobid: 12
    reason: Missing output files: /data/browna6/evolution/pwgs/phyloinputs/egfr_editedCopy/NCI0423/NCI0423.params.json, /data/browna6/evolution/pwgs/phyloinputs/egfr_editedCopy/NCI0423/NCI0423.ssm.txt, /data/browna6/evolution/pwgs/phyloinputs/egfr_editedCopy/NCI0423/NCI0423.cnvs.txt; Input files updated by another job: /data/browna6/evolution/pwgs/phyloinputs/egfr_editedCopy/NCI0423/NCI0423_T2D_E_cnvInput.txt, /data/browna6/evolution/pwgs/phyloinputs/egfr_editedCopy/NCI0423_T2D_E.passed.somatic.snvs_indels_snpEff_on_exome_combined.vcf, /data/browna6/evolution/pwgs/phyloinputs/egfr_editedCopy/NCI0423_T1D_E.passed.somatic.snvs_indels_snpEff_on_exome_combined.vcf, /data/browna6/evolution/pwgs/phyloinputs/egfr_editedCopy/NCI0423/NCI0423_T1D_E_cnvInput.txt
    wildcards: patient=NCI0423

python2 /data/browna6/pwgs_snakemake/create_phylowgs_inputs.py --regions all --cnvs NCI0423_T1D_E=/data/browna6/evolution/pwgs/phyloinputs/egfr_editedCopy/NCI0423/NCI0423_T1D_E_cnvInput.txt --cnvs NCI0423_T2D_E=/data/browna6/evolution/pwgs/phyloinputs/egfr_editedCopy/NCI0423/NCI0423_T2D_E_cnvInput.txt --output-cnvs /data/browna6/evolution/pwgs/phyloinputs/egfr_editedCopy/NCI0423/NCI0423.cnvs.txt --output-variants /data/browna6/evolution/pwgs/phyloinputs/egfr_editedCopy/NCI0423/NCI0423.ssm.txt --output-params /data/browna6/evolution/pwgs/phyloinputs/egfr_editedCopy/NCI0423/NCI0423.params.json --vcf-type NCI0423_T1D_E=strelka_indelcombined --vcf-type NCI0423_T2D_E=strelka_indelcombined NCI0423_T1D_E=/data/browna6/evolution/pwgs/phyloinputs/egfr_editedCopy/NCI0423_T1D_E.passed.somatic.snvs_indels_snpEff_on_exome_combined.vcf NCI0423_T2D_E=/data/browna6/evolution/pwgs/phyloinputs/egfr_editedCopy/NCI0423_T2D_E.passed.somatic.snvs_indels_snpEff_on_exome_combined.vcf
Submitted job 12 with external jobid '21397215'.

[Thu Feb 28 11:41:59 2019]
rule run_cnv_parsing:
    input: /data/browna6/evolution/facets/egfr_exome/fitted/NCI0395_T3D_E.snppile.csv.gz_fitted.csv
    output: /data/browna6/evolution/pwgs/phyloinputs/egfr_editedCopy/NCI0395/NCI0395_T3D_E_cnvInput.txt
    jobid: 30
    reason: Missing output files: /data/browna6/evolution/pwgs/phyloinputs/egfr_editedCopy/NCI0395/NCI0395_T3D_E_cnvInput.txt
    wildcards: patient=NCI0395, sample=NCI0395_T3D_E

Submitted job 30 with external jobid '21397216'.
[Thu Feb 28 11:58:56 2019]
Finished job 10.
30 of 54 steps (56%) done

[Thu Feb 28 11:58:56 2019]
rule submit_pwgs:
    input: /data/browna6/evolution/pwgs/phyloinputs/egfr_editedCopy/CL0088/CL0088.params.json, /data/browna6/evolution/pwgs/phyloinputs/egfr_editedCopy/CL0088/CL0088.cnvs.txt, /data/browna6/evolution/pwgs/phyloinputs/egfr_editedCopy/CL0088/CL0088.ssm.txt
    output: /data/browna6/evolution/pwgs/pwgs_output/egfr_editedCopy/CL0088/CL0088/trees.zip
    jobid: 51
    reason: Missing output files: /data/browna6/evolution/pwgs/pwgs_output/egfr_editedCopy/CL0088/CL0088/trees.zip; Input files updated by another job: /data/browna6/evolution/pwgs/phyloinputs/egfr_editedCopy/CL0088/CL0088.params.json, /data/browna6/evolution/pwgs/phyloinputs/egfr_editedCopy/CL0088/CL0088.ssm.txt, /data/browna6/evolution/pwgs/phyloinputs/egfr_editedCopy/CL0088/CL0088.cnvs.txt
    wildcards: patient=CL0088, sample=CL0088
    threads: 5

python2 /home/browna6/phylowgs/multievolve.py -O /data/browna6/evolution/pwgs/pwgs_output/egfr_editedCopy/CL0088/CL0088 -r 506 485 569 684 228 --num-chains 5 --ssms /data/browna6/evolution/pwgs/phyloinputs/egfr_editedCopy/CL0088/CL0088.ssm.txt --cnvs /data/browna6/evolution/pwgs/phyloinputs/egfr_editedCopy/CL0088/CL0088.cnvs.txt --params /data/browna6/evolution/pwgs/phyloinputs/egfr_editedCopy/CL0088/CL0088.params.json
[Thu Feb 28 11:58:56 2019]
Finished job 12.
31 of 54 steps (57%) done
[Thu Feb 28 11:58:56 2019]
Finished job 30.
32 of 54 steps (59%) done
Submitted job 51 with external jobid '21398527'.

[Thu Feb 28 11:58:58 2019]
rule phylo_input_parsing:
    input: /data/browna6/evolution/pwgs/phyloinputs/egfr_editedCopy/NCI0395_T1D_E.passed.somatic.snvs_indels_snpEff_on_exome_combined.vcf, /data/browna6/evolution/pwgs/phyloinputs/egfr_editedCopy/NCI0395_T2D_E.passed.somatic.snvs_indels_snpEff_on_exome_combined.vcf, /data/browna6/evolution/pwgs/phyloinputs/egfr_editedCopy/NCI0395_T3D_E.passed.somatic.snvs_indels_snpEff_on_exome_combined.vcf, /data/browna6/evolution/pwgs/phyloinputs/egfr_editedCopy/NCI0395_T4D_E.passed.somatic.snvs_indels_snpEff_on_exome_combined.vcf, /data/browna6/evolution/pwgs/phyloinputs/egfr_editedCopy/NCI0395_T5D_E.passed.somatic.snvs_indels_snpEff_on_exome_combined.vcf, /data/browna6/evolution/pwgs/phyloinputs/egfr_editedCopy/NCI0395/NCI0395_T1D_E_cnvInput.txt, /data/browna6/evolution/pwgs/phyloinputs/egfr_editedCopy/NCI0395/NCI0395_T2D_E_cnvInput.txt, /data/browna6/evolution/pwgs/phyloinputs/egfr_editedCopy/NCI0395/NCI0395_T3D_E_cnvInput.txt, /data/browna6/evolution/pwgs/phyloinputs/egfr_editedCopy/NCI0395/NCI0395_T4D_E_cnvInput.txt, /data/browna6/evolution/pwgs/phyloinputs/egfr_editedCopy/NCI0395/NCI0395_T5D_E_cnvInput.txt
    output: /data/browna6/evolution/pwgs/phyloinputs/egfr_editedCopy/NCI0395/NCI0395.params.json, /data/browna6/evolution/pwgs/phyloinputs/egfr_editedCopy/NCI0395/NCI0395.cnvs.txt, /data/browna6/evolution/pwgs/phyloinputs/egfr_editedCopy/NCI0395/NCI0395.ssm.txt
    jobid: 8
    reason: Missing output files: /data/browna6/evolution/pwgs/phyloinputs/egfr_editedCopy/NCI0395/NCI0395.ssm.txt, /data/browna6/evolution/pwgs/phyloinputs/egfr_editedCopy/NCI0395/NCI0395.cnvs.txt, /data/browna6/evolution/pwgs/phyloinputs/egfr_editedCopy/NCI0395/NCI0395.params.json; Input files updated by another job: /data/browna6/evolution/pwgs/phyloinputs/egfr_editedCopy/NCI0395_T3D_E.passed.somatic.snvs_indels_snpEff_on_exome_combined.vcf, /data/browna6/evolution/pwgs/phyloinputs/egfr_editedCopy/NCI0395/NCI0395_T1D_E_cnvInput.txt, /data/browna6/evolution/pwgs/phyloinputs/egfr_editedCopy/NCI0395/NCI0395_T2D_E_cnvInput.txt, /data/browna6/evolution/pwgs/phyloinputs/egfr_editedCopy/NCI0395_T5D_E.passed.somatic.snvs_indels_snpEff_on_exome_combined.vcf, /data/browna6/evolution/pwgs/phyloinputs/egfr_editedCopy/NCI0395_T1D_E.passed.somatic.snvs_indels_snpEff_on_exome_combined.vcf, /data/browna6/evolution/pwgs/phyloinputs/egfr_editedCopy/NCI0395_T4D_E.passed.somatic.snvs_indels_snpEff_on_exome_combined.vcf, /data/browna6/evolution/pwgs/phyloinputs/egfr_editedCopy/NCI0395/NCI0395_T4D_E_cnvInput.txt, /data/browna6/evolution/pwgs/phyloinputs/egfr_editedCopy/NCI0395/NCI0395_T3D_E_cnvInput.txt, /data/browna6/evolution/pwgs/phyloinputs/egfr_editedCopy/NCI0395_T2D_E.passed.somatic.snvs_indels_snpEff_on_exome_combined.vcf, /data/browna6/evolution/pwgs/phyloinputs/egfr_editedCopy/NCI0395/NCI0395_T5D_E_cnvInput.txt
    wildcards: patient=NCI0395

python2 /data/browna6/pwgs_snakemake/create_phylowgs_inputs.py --regions all --cnvs NCI0395_T1D_E=/data/browna6/evolution/pwgs/phyloinputs/egfr_editedCopy/NCI0395/NCI0395_T1D_E_cnvInput.txt --cnvs NCI0395_T2D_E=/data/browna6/evolution/pwgs/phyloinputs/egfr_editedCopy/NCI0395/NCI0395_T2D_E_cnvInput.txt --cnvs NCI0395_T3D_E=/data/browna6/evolution/pwgs/phyloinputs/egfr_editedCopy/NCI0395/NCI0395_T3D_E_cnvInput.txt --cnvs NCI0395_T4D_E=/data/browna6/evolution/pwgs/phyloinputs/egfr_editedCopy/NCI0395/NCI0395_T4D_E_cnvInput.txt --cnvs NCI0395_T5D_E=/data/browna6/evolution/pwgs/phyloinputs/egfr_editedCopy/NCI0395/NCI0395_T5D_E_cnvInput.txt --output-cnvs /data/browna6/evolution/pwgs/phyloinputs/egfr_editedCopy/NCI0395/NCI0395.cnvs.txt --output-variants /data/browna6/evolution/pwgs/phyloinputs/egfr_editedCopy/NCI0395/NCI0395.ssm.txt --output-params /data/browna6/evolution/pwgs/phyloinputs/egfr_editedCopy/NCI0395/NCI0395.params.json --vcf-type NCI0395_T1D_E=strelka_indelcombined --vcf-type NCI0395_T2D_E=strelka_indelcombined --vcf-type NCI0395_T3D_E=strelka_indelcombined --vcf-type NCI0395_T4D_E=strelka_indelcombined --vcf-type NCI0395_T5D_E=strelka_indelcombined NCI0395_T1D_E=/data/browna6/evolution/pwgs/phyloinputs/egfr_editedCopy/NCI0395_T1D_E.passed.somatic.snvs_indels_snpEff_on_exome_combined.vcf NCI0395_T2D_E=/data/browna6/evolution/pwgs/phyloinputs/egfr_editedCopy/NCI0395_T2D_E.passed.somatic.snvs_indels_snpEff_on_exome_combined.vcf NCI0395_T3D_E=/data/browna6/evolution/pwgs/phyloinputs/egfr_editedCopy/NCI0395_T3D_E.passed.somatic.snvs_indels_snpEff_on_exome_combined.vcf NCI0395_T4D_E=/data/browna6/evolution/pwgs/phyloinputs/egfr_editedCopy/NCI0395_T4D_E.passed.somatic.snvs_indels_snpEff_on_exome_combined.vcf NCI0395_T5D_E=/data/browna6/evolution/pwgs/phyloinputs/egfr_editedCopy/NCI0395_T5D_E.passed.somatic.snvs_indels_snpEff_on_exome_combined.vcf
Submitted job 8 with external jobid '21398528'.

[Thu Feb 28 11:58:59 2019]
rule submit_pwgs:
    input: /data/browna6/evolution/pwgs/phyloinputs/egfr_editedCopy/NCI0423/NCI0423.params.json, /data/browna6/evolution/pwgs/phyloinputs/egfr_editedCopy/NCI0423/NCI0423.cnvs.txt, /data/browna6/evolution/pwgs/phyloinputs/egfr_editedCopy/NCI0423/NCI0423.ssm.txt
    output: /data/browna6/evolution/pwgs/pwgs_output/egfr_editedCopy/NCI0423/NCI0423/trees.zip
    jobid: 52
    reason: Missing output files: /data/browna6/evolution/pwgs/pwgs_output/egfr_editedCopy/NCI0423/NCI0423/trees.zip; Input files updated by another job: /data/browna6/evolution/pwgs/phyloinputs/egfr_editedCopy/NCI0423/NCI0423.params.json, /data/browna6/evolution/pwgs/phyloinputs/egfr_editedCopy/NCI0423/NCI0423.ssm.txt, /data/browna6/evolution/pwgs/phyloinputs/egfr_editedCopy/NCI0423/NCI0423.cnvs.txt
    wildcards: patient=NCI0423, sample=NCI0423
    threads: 5

python2 /home/browna6/phylowgs/multievolve.py -O /data/browna6/evolution/pwgs/pwgs_output/egfr_editedCopy/NCI0423/NCI0423 -r 506 485 569 684 228 --num-chains 5 --ssms /data/browna6/evolution/pwgs/phyloinputs/egfr_editedCopy/NCI0423/NCI0423.ssm.txt --cnvs /data/browna6/evolution/pwgs/phyloinputs/egfr_editedCopy/NCI0423/NCI0423.cnvs.txt --params /data/browna6/evolution/pwgs/phyloinputs/egfr_editedCopy/NCI0423/NCI0423.params.json
Submitted job 52 with external jobid '21398530'.
[Thu Feb 28 12:07:57 2019]
Finished job 8.
33 of 54 steps (61%) done

[Thu Feb 28 12:07:57 2019]
rule submit_pwgs:
    input: /data/browna6/evolution/pwgs/phyloinputs/egfr_editedCopy/NCI0395/NCI0395.params.json, /data/browna6/evolution/pwgs/phyloinputs/egfr_editedCopy/NCI0395/NCI0395.cnvs.txt, /data/browna6/evolution/pwgs/phyloinputs/egfr_editedCopy/NCI0395/NCI0395.ssm.txt
    output: /data/browna6/evolution/pwgs/pwgs_output/egfr_editedCopy/NCI0395/NCI0395/trees.zip
    jobid: 50
    reason: Missing output files: /data/browna6/evolution/pwgs/pwgs_output/egfr_editedCopy/NCI0395/NCI0395/trees.zip; Input files updated by another job: /data/browna6/evolution/pwgs/phyloinputs/egfr_editedCopy/NCI0395/NCI0395.ssm.txt, /data/browna6/evolution/pwgs/phyloinputs/egfr_editedCopy/NCI0395/NCI0395.cnvs.txt, /data/browna6/evolution/pwgs/phyloinputs/egfr_editedCopy/NCI0395/NCI0395.params.json
    wildcards: patient=NCI0395, sample=NCI0395
    threads: 5

python2 /home/browna6/phylowgs/multievolve.py -O /data/browna6/evolution/pwgs/pwgs_output/egfr_editedCopy/NCI0395/NCI0395 -r 506 485 569 684 228 --num-chains 5 --ssms /data/browna6/evolution/pwgs/phyloinputs/egfr_editedCopy/NCI0395/NCI0395.ssm.txt --cnvs /data/browna6/evolution/pwgs/phyloinputs/egfr_editedCopy/NCI0395/NCI0395.cnvs.txt --params /data/browna6/evolution/pwgs/phyloinputs/egfr_editedCopy/NCI0395/NCI0395.params.json
Submitted job 50 with external jobid '21399983'.
[Thu Feb 28 15:34:10 2019]
Finished job 51.
34 of 54 steps (63%) done

[Thu Feb 28 15:34:10 2019]
rule write_results:
    input: /data/browna6/evolution/pwgs/pwgs_output/egfr_editedCopy/CL0088/CL0088/trees.zip
    output: /data/browna6/evolution/pwgs/pwgs_output/egfr_editedCopy/CL0088/CL0088/CL0088.mutass.zip, /data/browna6/evolution/pwgs/pwgs_output/egfr_editedCopy/CL0088/CL0088/CL0088.muts.json.gz, /data/browna6/evolution/pwgs/pwgs_output/egfr_editedCopy/CL0088/CL0088/CL0088.summ.json.gz
    jobid: 38
    reason: Missing output files: /data/browna6/evolution/pwgs/pwgs_output/egfr_editedCopy/CL0088/CL0088/CL0088.muts.json.gz, /data/browna6/evolution/pwgs/pwgs_output/egfr_editedCopy/CL0088/CL0088/CL0088.mutass.zip, /data/browna6/evolution/pwgs/pwgs_output/egfr_editedCopy/CL0088/CL0088/CL0088.summ.json.gz; Input files updated by another job: /data/browna6/evolution/pwgs/pwgs_output/egfr_editedCopy/CL0088/CL0088/trees.zip
    wildcards: patient=CL0088, sample=CL0088

python2 /home/browna6/phylowgs/write_results.py --allow-polyclonal --include-polyclonal CL0088 /data/browna6/evolution/pwgs/pwgs_output/egfr_editedCopy/CL0088/CL0088/trees.zip /data/browna6/evolution/pwgs/pwgs_output/egfr_editedCopy/CL0088/CL0088/CL0088.summ.json.gz /data/browna6/evolution/pwgs/pwgs_output/egfr_editedCopy/CL0088/CL0088/CL0088.muts.json.gz /data/browna6/evolution/pwgs/pwgs_output/egfr_editedCopy/CL0088/CL0088/CL0088.mutass.zip
Submitted job 38 with external jobid '21424819'.
[Thu Feb 28 15:40:10 2019]
Finished job 38.
35 of 54 steps (65%) done

[Thu Feb 28 15:40:10 2019]
rule move_and_unzip_files:
    input: /data/browna6/evolution/pwgs/pwgs_output/egfr_editedCopy/CL0088/CL0088/CL0088.mutass.zip, /data/browna6/evolution/pwgs/pwgs_output/egfr_editedCopy/CL0088/CL0088/CL0088.muts.json.gz, /data/browna6/evolution/pwgs/pwgs_output/egfr_editedCopy/CL0088/CL0088/CL0088.summ.json.gz
    output: /data/browna6/evolution/pwgs/pwgs_output/witness/data_editedCopy/CL0088/CL0088.mutass.zip, /data/browna6/evolution/pwgs/pwgs_output/witness/data_editedCopy/CL0088/CL0088.muts.json, /data/browna6/evolution/pwgs/pwgs_output/witness/data_editedCopy/CL0088/CL0088.summ.json
    jobid: 11
    reason: Missing output files: /data/browna6/evolution/pwgs/pwgs_output/witness/data_editedCopy/CL0088/CL0088.mutass.zip, /data/browna6/evolution/pwgs/pwgs_output/witness/data_editedCopy/CL0088/CL0088.summ.json; Input files updated by another job: /data/browna6/evolution/pwgs/pwgs_output/egfr_editedCopy/CL0088/CL0088/CL0088.muts.json.gz, /data/browna6/evolution/pwgs/pwgs_output/egfr_editedCopy/CL0088/CL0088/CL0088.mutass.zip, /data/browna6/evolution/pwgs/pwgs_output/egfr_editedCopy/CL0088/CL0088/CL0088.summ.json.gz
    wildcards: patient=CL0088, sample=CL0088

Submitted job 11 with external jobid '21425917'.
[Thu Feb 28 15:49:11 2019]
Finished job 11.
36 of 54 steps (67%) done

[Thu Feb 28 15:49:11 2019]
rule run_final_parser_ms:
    input: /data/browna6/evolution/pwgs/phyloinputs/egfr_editedCopy/CL0088/CL0088.cnvs.txt, /data/browna6/evolution/pwgs/phyloinputs/egfr_editedCopy/CL0088/CL0088.ssm.txt, /data/browna6/evolution/pwgs/pwgs_output/witness/data_editedCopy/CL0088/CL0088.summ.json, /data/browna6/evolution/pwgs/pwgs_output/witness/data_editedCopy/CL0088/CL0088.mutass.zip
    output: /data/browna6/evolution/pwgs/phyloresults_parsed_editedCopy/CL0088/CL0088/tree_likelihoods.txt
    jobid: 3
    reason: Missing output files: /data/browna6/evolution/pwgs/phyloresults_parsed_editedCopy/CL0088/CL0088/tree_likelihoods.txt; Input files updated by another job: /data/browna6/evolution/pwgs/pwgs_output/witness/data_editedCopy/CL0088/CL0088.mutass.zip, /data/browna6/evolution/pwgs/phyloinputs/egfr_editedCopy/CL0088/CL0088.ssm.txt, /data/browna6/evolution/pwgs/pwgs_output/witness/data_editedCopy/CL0088/CL0088.summ.json, /data/browna6/evolution/pwgs/phyloinputs/egfr_editedCopy/CL0088/CL0088.cnvs.txt
    wildcards: patient=CL0088, sample=CL0088

Submitted job 3 with external jobid '21426712'.
[Thu Feb 28 16:00:11 2019]
Finished job 3.
37 of 54 steps (69%) done
[Thu Feb 28 16:30:43 2019]
Finished job 53.
38 of 54 steps (70%) done

[Thu Feb 28 16:30:43 2019]
rule write_results:
    input: /data/browna6/evolution/pwgs/pwgs_output/egfr_editedCopy/CL0127/CL0127/trees.zip
    output: /data/browna6/evolution/pwgs/pwgs_output/egfr_editedCopy/CL0127/CL0127/CL0127.mutass.zip, /data/browna6/evolution/pwgs/pwgs_output/egfr_editedCopy/CL0127/CL0127/CL0127.muts.json.gz, /data/browna6/evolution/pwgs/pwgs_output/egfr_editedCopy/CL0127/CL0127/CL0127.summ.json.gz
    jobid: 48
    reason: Missing output files: /data/browna6/evolution/pwgs/pwgs_output/egfr_editedCopy/CL0127/CL0127/CL0127.mutass.zip, /data/browna6/evolution/pwgs/pwgs_output/egfr_editedCopy/CL0127/CL0127/CL0127.summ.json.gz, /data/browna6/evolution/pwgs/pwgs_output/egfr_editedCopy/CL0127/CL0127/CL0127.muts.json.gz; Input files updated by another job: /data/browna6/evolution/pwgs/pwgs_output/egfr_editedCopy/CL0127/CL0127/trees.zip
    wildcards: patient=CL0127, sample=CL0127

python2 /home/browna6/phylowgs/write_results.py --allow-polyclonal --include-polyclonal CL0127 /data/browna6/evolution/pwgs/pwgs_output/egfr_editedCopy/CL0127/CL0127/trees.zip /data/browna6/evolution/pwgs/pwgs_output/egfr_editedCopy/CL0127/CL0127/CL0127.summ.json.gz /data/browna6/evolution/pwgs/pwgs_output/egfr_editedCopy/CL0127/CL0127/CL0127.muts.json.gz /data/browna6/evolution/pwgs/pwgs_output/egfr_editedCopy/CL0127/CL0127/CL0127.mutass.zip
Submitted job 48 with external jobid '21431422'.
[Thu Feb 28 16:35:44 2019]
Finished job 48.
39 of 54 steps (72%) done

[Thu Feb 28 16:35:44 2019]
rule move_and_unzip_files:
    input: /data/browna6/evolution/pwgs/pwgs_output/egfr_editedCopy/CL0127/CL0127/CL0127.mutass.zip, /data/browna6/evolution/pwgs/pwgs_output/egfr_editedCopy/CL0127/CL0127/CL0127.muts.json.gz, /data/browna6/evolution/pwgs/pwgs_output/egfr_editedCopy/CL0127/CL0127/CL0127.summ.json.gz
    output: /data/browna6/evolution/pwgs/pwgs_output/witness/data_editedCopy/CL0127/CL0127.mutass.zip, /data/browna6/evolution/pwgs/pwgs_output/witness/data_editedCopy/CL0127/CL0127.muts.json, /data/browna6/evolution/pwgs/pwgs_output/witness/data_editedCopy/CL0127/CL0127.summ.json
    jobid: 15
    reason: Missing output files: /data/browna6/evolution/pwgs/pwgs_output/witness/data_editedCopy/CL0127/CL0127.summ.json, /data/browna6/evolution/pwgs/pwgs_output/witness/data_editedCopy/CL0127/CL0127.mutass.zip; Input files updated by another job: /data/browna6/evolution/pwgs/pwgs_output/egfr_editedCopy/CL0127/CL0127/CL0127.mutass.zip, /data/browna6/evolution/pwgs/pwgs_output/egfr_editedCopy/CL0127/CL0127/CL0127.summ.json.gz, /data/browna6/evolution/pwgs/pwgs_output/egfr_editedCopy/CL0127/CL0127/CL0127.muts.json.gz
    wildcards: patient=CL0127, sample=CL0127

Submitted job 15 with external jobid '21431890'.
[Thu Feb 28 16:46:44 2019]
Finished job 15.
40 of 54 steps (74%) done

[Thu Feb 28 16:46:44 2019]
rule run_final_parser_ms:
    input: /data/browna6/evolution/pwgs/phyloinputs/egfr_editedCopy/CL0127/CL0127.cnvs.txt, /data/browna6/evolution/pwgs/phyloinputs/egfr_editedCopy/CL0127/CL0127.ssm.txt, /data/browna6/evolution/pwgs/pwgs_output/witness/data_editedCopy/CL0127/CL0127.summ.json, /data/browna6/evolution/pwgs/pwgs_output/witness/data_editedCopy/CL0127/CL0127.mutass.zip
    output: /data/browna6/evolution/pwgs/phyloresults_parsed_editedCopy/CL0127/CL0127/tree_likelihoods.txt
    jobid: 5
    reason: Missing output files: /data/browna6/evolution/pwgs/phyloresults_parsed_editedCopy/CL0127/CL0127/tree_likelihoods.txt; Input files updated by another job: /data/browna6/evolution/pwgs/phyloinputs/egfr_editedCopy/CL0127/CL0127.ssm.txt, /data/browna6/evolution/pwgs/pwgs_output/witness/data_editedCopy/CL0127/CL0127.mutass.zip, /data/browna6/evolution/pwgs/pwgs_output/witness/data_editedCopy/CL0127/CL0127.summ.json, /data/browna6/evolution/pwgs/phyloinputs/egfr_editedCopy/CL0127/CL0127.cnvs.txt
    wildcards: patient=CL0127, sample=CL0127

Submitted job 5 with external jobid '21433548'.
[Thu Feb 28 16:59:45 2019]
Finished job 5.
41 of 54 steps (76%) done
[Thu Feb 28 21:23:32 2019]
Finished job 50.
42 of 54 steps (78%) done

[Thu Feb 28 21:23:32 2019]
rule write_results:
    input: /data/browna6/evolution/pwgs/pwgs_output/egfr_editedCopy/NCI0395/NCI0395/trees.zip
    output: /data/browna6/evolution/pwgs/pwgs_output/egfr_editedCopy/NCI0395/NCI0395/NCI0395.mutass.zip, /data/browna6/evolution/pwgs/pwgs_output/egfr_editedCopy/NCI0395/NCI0395/NCI0395.muts.json.gz, /data/browna6/evolution/pwgs/pwgs_output/egfr_editedCopy/NCI0395/NCI0395/NCI0395.summ.json.gz
    jobid: 33
    reason: Missing output files: /data/browna6/evolution/pwgs/pwgs_output/egfr_editedCopy/NCI0395/NCI0395/NCI0395.mutass.zip, /data/browna6/evolution/pwgs/pwgs_output/egfr_editedCopy/NCI0395/NCI0395/NCI0395.muts.json.gz, /data/browna6/evolution/pwgs/pwgs_output/egfr_editedCopy/NCI0395/NCI0395/NCI0395.summ.json.gz; Input files updated by another job: /data/browna6/evolution/pwgs/pwgs_output/egfr_editedCopy/NCI0395/NCI0395/trees.zip
    wildcards: patient=NCI0395, sample=NCI0395

python2 /home/browna6/phylowgs/write_results.py --allow-polyclonal --include-polyclonal NCI0395 /data/browna6/evolution/pwgs/pwgs_output/egfr_editedCopy/NCI0395/NCI0395/trees.zip /data/browna6/evolution/pwgs/pwgs_output/egfr_editedCopy/NCI0395/NCI0395/NCI0395.summ.json.gz /data/browna6/evolution/pwgs/pwgs_output/egfr_editedCopy/NCI0395/NCI0395/NCI0395.muts.json.gz /data/browna6/evolution/pwgs/pwgs_output/egfr_editedCopy/NCI0395/NCI0395/NCI0395.mutass.zip
Submitted job 33 with external jobid '21468620'.
[Thu Feb 28 21:27:32 2019]
Finished job 33.
43 of 54 steps (80%) done

[Thu Feb 28 21:27:32 2019]
rule move_and_unzip_files:
    input: /data/browna6/evolution/pwgs/pwgs_output/egfr_editedCopy/NCI0395/NCI0395/NCI0395.mutass.zip, /data/browna6/evolution/pwgs/pwgs_output/egfr_editedCopy/NCI0395/NCI0395/NCI0395.muts.json.gz, /data/browna6/evolution/pwgs/pwgs_output/egfr_editedCopy/NCI0395/NCI0395/NCI0395.summ.json.gz
    output: /data/browna6/evolution/pwgs/pwgs_output/witness/data_editedCopy/NCI0395/NCI0395.mutass.zip, /data/browna6/evolution/pwgs/pwgs_output/witness/data_editedCopy/NCI0395/NCI0395.muts.json, /data/browna6/evolution/pwgs/pwgs_output/witness/data_editedCopy/NCI0395/NCI0395.summ.json
    jobid: 9
    reason: Missing output files: /data/browna6/evolution/pwgs/pwgs_output/witness/data_editedCopy/NCI0395/NCI0395.mutass.zip, /data/browna6/evolution/pwgs/pwgs_output/witness/data_editedCopy/NCI0395/NCI0395.summ.json; Input files updated by another job: /data/browna6/evolution/pwgs/pwgs_output/egfr_editedCopy/NCI0395/NCI0395/NCI0395.mutass.zip, /data/browna6/evolution/pwgs/pwgs_output/egfr_editedCopy/NCI0395/NCI0395/NCI0395.muts.json.gz, /data/browna6/evolution/pwgs/pwgs_output/egfr_editedCopy/NCI0395/NCI0395/NCI0395.summ.json.gz
    wildcards: patient=NCI0395, sample=NCI0395

Submitted job 9 with external jobid '21469058'.
[Thu Feb 28 21:31:33 2019]
Finished job 9.
44 of 54 steps (81%) done

[Thu Feb 28 21:31:33 2019]
rule run_final_parser_ms:
    input: /data/browna6/evolution/pwgs/phyloinputs/egfr_editedCopy/NCI0395/NCI0395.cnvs.txt, /data/browna6/evolution/pwgs/phyloinputs/egfr_editedCopy/NCI0395/NCI0395.ssm.txt, /data/browna6/evolution/pwgs/pwgs_output/witness/data_editedCopy/NCI0395/NCI0395.summ.json, /data/browna6/evolution/pwgs/pwgs_output/witness/data_editedCopy/NCI0395/NCI0395.mutass.zip
    output: /data/browna6/evolution/pwgs/phyloresults_parsed_editedCopy/NCI0395/NCI0395/tree_likelihoods.txt
    jobid: 2
    reason: Missing output files: /data/browna6/evolution/pwgs/phyloresults_parsed_editedCopy/NCI0395/NCI0395/tree_likelihoods.txt; Input files updated by another job: /data/browna6/evolution/pwgs/phyloinputs/egfr_editedCopy/NCI0395/NCI0395.ssm.txt, /data/browna6/evolution/pwgs/phyloinputs/egfr_editedCopy/NCI0395/NCI0395.cnvs.txt, /data/browna6/evolution/pwgs/pwgs_output/witness/data_editedCopy/NCI0395/NCI0395.mutass.zip, /data/browna6/evolution/pwgs/pwgs_output/witness/data_editedCopy/NCI0395/NCI0395.summ.json
    wildcards: patient=NCI0395, sample=NCI0395

Submitted job 2 with external jobid '21469095'.
Waiting at most 120 seconds for missing files.
[Thu Feb 28 21:32:33 2019]
Finished job 2.
45 of 54 steps (83%) done
[Thu Feb 28 21:45:44 2019]
Finished job 52.
46 of 54 steps (85%) done

[Thu Feb 28 21:45:44 2019]
rule write_results:
    input: /data/browna6/evolution/pwgs/pwgs_output/egfr_editedCopy/NCI0423/NCI0423/trees.zip
    output: /data/browna6/evolution/pwgs/pwgs_output/egfr_editedCopy/NCI0423/NCI0423/NCI0423.mutass.zip, /data/browna6/evolution/pwgs/pwgs_output/egfr_editedCopy/NCI0423/NCI0423/NCI0423.muts.json.gz, /data/browna6/evolution/pwgs/pwgs_output/egfr_editedCopy/NCI0423/NCI0423/NCI0423.summ.json.gz
    jobid: 43
    reason: Missing output files: /data/browna6/evolution/pwgs/pwgs_output/egfr_editedCopy/NCI0423/NCI0423/NCI0423.muts.json.gz, /data/browna6/evolution/pwgs/pwgs_output/egfr_editedCopy/NCI0423/NCI0423/NCI0423.mutass.zip, /data/browna6/evolution/pwgs/pwgs_output/egfr_editedCopy/NCI0423/NCI0423/NCI0423.summ.json.gz; Input files updated by another job: /data/browna6/evolution/pwgs/pwgs_output/egfr_editedCopy/NCI0423/NCI0423/trees.zip
    wildcards: patient=NCI0423, sample=NCI0423

python2 /home/browna6/phylowgs/write_results.py --allow-polyclonal --include-polyclonal NCI0423 /data/browna6/evolution/pwgs/pwgs_output/egfr_editedCopy/NCI0423/NCI0423/trees.zip /data/browna6/evolution/pwgs/pwgs_output/egfr_editedCopy/NCI0423/NCI0423/NCI0423.summ.json.gz /data/browna6/evolution/pwgs/pwgs_output/egfr_editedCopy/NCI0423/NCI0423/NCI0423.muts.json.gz /data/browna6/evolution/pwgs/pwgs_output/egfr_editedCopy/NCI0423/NCI0423/NCI0423.mutass.zip
Submitted job 43 with external jobid '21469896'.
[Thu Feb 28 21:54:44 2019]
Finished job 43.
47 of 54 steps (87%) done

[Thu Feb 28 21:54:44 2019]
rule move_and_unzip_files:
    input: /data/browna6/evolution/pwgs/pwgs_output/egfr_editedCopy/NCI0423/NCI0423/NCI0423.mutass.zip, /data/browna6/evolution/pwgs/pwgs_output/egfr_editedCopy/NCI0423/NCI0423/NCI0423.muts.json.gz, /data/browna6/evolution/pwgs/pwgs_output/egfr_editedCopy/NCI0423/NCI0423/NCI0423.summ.json.gz
    output: /data/browna6/evolution/pwgs/pwgs_output/witness/data_editedCopy/NCI0423/NCI0423.mutass.zip, /data/browna6/evolution/pwgs/pwgs_output/witness/data_editedCopy/NCI0423/NCI0423.muts.json, /data/browna6/evolution/pwgs/pwgs_output/witness/data_editedCopy/NCI0423/NCI0423.summ.json
    jobid: 13
    reason: Missing output files: /data/browna6/evolution/pwgs/pwgs_output/witness/data_editedCopy/NCI0423/NCI0423.mutass.zip, /data/browna6/evolution/pwgs/pwgs_output/witness/data_editedCopy/NCI0423/NCI0423.summ.json; Input files updated by another job: /data/browna6/evolution/pwgs/pwgs_output/egfr_editedCopy/NCI0423/NCI0423/NCI0423.muts.json.gz, /data/browna6/evolution/pwgs/pwgs_output/egfr_editedCopy/NCI0423/NCI0423/NCI0423.mutass.zip, /data/browna6/evolution/pwgs/pwgs_output/egfr_editedCopy/NCI0423/NCI0423/NCI0423.summ.json.gz
    wildcards: patient=NCI0423, sample=NCI0423

Submitted job 13 with external jobid '21470633'.
[Thu Feb 28 21:55:44 2019]
Finished job 13.
48 of 54 steps (89%) done

[Thu Feb 28 21:55:44 2019]
rule run_final_parser_ms:
    input: /data/browna6/evolution/pwgs/phyloinputs/egfr_editedCopy/NCI0423/NCI0423.cnvs.txt, /data/browna6/evolution/pwgs/phyloinputs/egfr_editedCopy/NCI0423/NCI0423.ssm.txt, /data/browna6/evolution/pwgs/pwgs_output/witness/data_editedCopy/NCI0423/NCI0423.summ.json, /data/browna6/evolution/pwgs/pwgs_output/witness/data_editedCopy/NCI0423/NCI0423.mutass.zip
    output: /data/browna6/evolution/pwgs/phyloresults_parsed_editedCopy/NCI0423/NCI0423/tree_likelihoods.txt
    jobid: 4
    reason: Missing output files: /data/browna6/evolution/pwgs/phyloresults_parsed_editedCopy/NCI0423/NCI0423/tree_likelihoods.txt; Input files updated by another job: /data/browna6/evolution/pwgs/pwgs_output/witness/data_editedCopy/NCI0423/NCI0423.mutass.zip, /data/browna6/evolution/pwgs/phyloinputs/egfr_editedCopy/NCI0423/NCI0423.ssm.txt, /data/browna6/evolution/pwgs/phyloinputs/egfr_editedCopy/NCI0423/NCI0423.cnvs.txt, /data/browna6/evolution/pwgs/pwgs_output/witness/data_editedCopy/NCI0423/NCI0423.summ.json
    wildcards: patient=NCI0423, sample=NCI0423

Submitted job 4 with external jobid '21470664'.
[Thu Feb 28 22:00:45 2019]
Finished job 4.
49 of 54 steps (91%) done
[Fri Mar  1 01:53:29 2019]
Finished job 49.
50 of 54 steps (93%) done

[Fri Mar  1 01:53:29 2019]
rule write_results:
    input: /data/browna6/evolution/pwgs/pwgs_output/egfr_editedCopy/CL0038/CL0038/trees.zip
    output: /data/browna6/evolution/pwgs/pwgs_output/egfr_editedCopy/CL0038/CL0038/CL0038.mutass.zip, /data/browna6/evolution/pwgs/pwgs_output/egfr_editedCopy/CL0038/CL0038/CL0038.muts.json.gz, /data/browna6/evolution/pwgs/pwgs_output/egfr_editedCopy/CL0038/CL0038/CL0038.summ.json.gz
    jobid: 22
    reason: Missing output files: /data/browna6/evolution/pwgs/pwgs_output/egfr_editedCopy/CL0038/CL0038/CL0038.mutass.zip, /data/browna6/evolution/pwgs/pwgs_output/egfr_editedCopy/CL0038/CL0038/CL0038.summ.json.gz, /data/browna6/evolution/pwgs/pwgs_output/egfr_editedCopy/CL0038/CL0038/CL0038.muts.json.gz; Input files updated by another job: /data/browna6/evolution/pwgs/pwgs_output/egfr_editedCopy/CL0038/CL0038/trees.zip
    wildcards: patient=CL0038, sample=CL0038

python2 /home/browna6/phylowgs/write_results.py --allow-polyclonal --include-polyclonal CL0038 /data/browna6/evolution/pwgs/pwgs_output/egfr_editedCopy/CL0038/CL0038/trees.zip /data/browna6/evolution/pwgs/pwgs_output/egfr_editedCopy/CL0038/CL0038/CL0038.summ.json.gz /data/browna6/evolution/pwgs/pwgs_output/egfr_editedCopy/CL0038/CL0038/CL0038.muts.json.gz /data/browna6/evolution/pwgs/pwgs_output/egfr_editedCopy/CL0038/CL0038/CL0038.mutass.zip
Submitted job 22 with external jobid '21484473'.
[Fri Mar  1 01:58:30 2019]
Finished job 22.
51 of 54 steps (94%) done

[Fri Mar  1 01:58:30 2019]
rule move_and_unzip_files:
    input: /data/browna6/evolution/pwgs/pwgs_output/egfr_editedCopy/CL0038/CL0038/CL0038.mutass.zip, /data/browna6/evolution/pwgs/pwgs_output/egfr_editedCopy/CL0038/CL0038/CL0038.muts.json.gz, /data/browna6/evolution/pwgs/pwgs_output/egfr_editedCopy/CL0038/CL0038/CL0038.summ.json.gz
    output: /data/browna6/evolution/pwgs/pwgs_output/witness/data_editedCopy/CL0038/CL0038.mutass.zip, /data/browna6/evolution/pwgs/pwgs_output/witness/data_editedCopy/CL0038/CL0038.muts.json, /data/browna6/evolution/pwgs/pwgs_output/witness/data_editedCopy/CL0038/CL0038.summ.json
    jobid: 7
    reason: Missing output files: /data/browna6/evolution/pwgs/pwgs_output/witness/data_editedCopy/CL0038/CL0038.summ.json, /data/browna6/evolution/pwgs/pwgs_output/witness/data_editedCopy/CL0038/CL0038.mutass.zip; Input files updated by another job: /data/browna6/evolution/pwgs/pwgs_output/egfr_editedCopy/CL0038/CL0038/CL0038.mutass.zip, /data/browna6/evolution/pwgs/pwgs_output/egfr_editedCopy/CL0038/CL0038/CL0038.summ.json.gz, /data/browna6/evolution/pwgs/pwgs_output/egfr_editedCopy/CL0038/CL0038/CL0038.muts.json.gz
    wildcards: patient=CL0038, sample=CL0038

Submitted job 7 with external jobid '21484632'.
[Fri Mar  1 02:03:30 2019]
Finished job 7.
52 of 54 steps (96%) done

[Fri Mar  1 02:03:30 2019]
rule run_final_parser_ms:
    input: /data/browna6/evolution/pwgs/phyloinputs/egfr_editedCopy/CL0038/CL0038.cnvs.txt, /data/browna6/evolution/pwgs/phyloinputs/egfr_editedCopy/CL0038/CL0038.ssm.txt, /data/browna6/evolution/pwgs/pwgs_output/witness/data_editedCopy/CL0038/CL0038.summ.json, /data/browna6/evolution/pwgs/pwgs_output/witness/data_editedCopy/CL0038/CL0038.mutass.zip
    output: /data/browna6/evolution/pwgs/phyloresults_parsed_editedCopy/CL0038/CL0038/tree_likelihoods.txt
    jobid: 1
    reason: Missing output files: /data/browna6/evolution/pwgs/phyloresults_parsed_editedCopy/CL0038/CL0038/tree_likelihoods.txt; Input files updated by another job: /data/browna6/evolution/pwgs/pwgs_output/witness/data_editedCopy/CL0038/CL0038.summ.json, /data/browna6/evolution/pwgs/phyloinputs/egfr_editedCopy/CL0038/CL0038.cnvs.txt, /data/browna6/evolution/pwgs/phyloinputs/egfr_editedCopy/CL0038/CL0038.ssm.txt, /data/browna6/evolution/pwgs/pwgs_output/witness/data_editedCopy/CL0038/CL0038.mutass.zip
    wildcards: patient=CL0038, sample=CL0038

Submitted job 1 with external jobid '21484788'.
[Fri Mar  1 02:04:30 2019]
Finished job 1.
53 of 54 steps (98%) done

[Fri Mar  1 02:04:30 2019]
localrule all:
    input: /data/browna6/evolution/pwgs/phyloresults_parsed_editedCopy/CL0038/CL0038/tree_likelihoods.txt, /data/browna6/evolution/pwgs/phyloresults_parsed_editedCopy/CL0038/CL0038/tree_likelihoods.txt, /data/browna6/evolution/pwgs/phyloresults_parsed_editedCopy/CL0038/CL0038/tree_likelihoods.txt, /data/browna6/evolution/pwgs/phyloresults_parsed_editedCopy/NCI0395/NCI0395/tree_likelihoods.txt, /data/browna6/evolution/pwgs/phyloresults_parsed_editedCopy/NCI0395/NCI0395/tree_likelihoods.txt, /data/browna6/evolution/pwgs/phyloresults_parsed_editedCopy/NCI0395/NCI0395/tree_likelihoods.txt, /data/browna6/evolution/pwgs/phyloresults_parsed_editedCopy/NCI0395/NCI0395/tree_likelihoods.txt, /data/browna6/evolution/pwgs/phyloresults_parsed_editedCopy/NCI0395/NCI0395/tree_likelihoods.txt, /data/browna6/evolution/pwgs/phyloresults_parsed_editedCopy/CL0088/CL0088/tree_likelihoods.txt, /data/browna6/evolution/pwgs/phyloresults_parsed_editedCopy/CL0088/CL0088/tree_likelihoods.txt, /data/browna6/evolution/pwgs/phyloresults_parsed_editedCopy/NCI0423/NCI0423/tree_likelihoods.txt, /data/browna6/evolution/pwgs/phyloresults_parsed_editedCopy/NCI0423/NCI0423/tree_likelihoods.txt, /data/browna6/evolution/pwgs/phyloresults_parsed_editedCopy/CL0127/CL0127/tree_likelihoods.txt, /data/browna6/evolution/pwgs/phyloresults_parsed_editedCopy/CL0127/CL0127/tree_likelihoods.txt
    jobid: 0
    reason: Input files updated by another job: /data/browna6/evolution/pwgs/phyloresults_parsed_editedCopy/NCI0395/NCI0395/tree_likelihoods.txt, /data/browna6/evolution/pwgs/phyloresults_parsed_editedCopy/CL0088/CL0088/tree_likelihoods.txt, /data/browna6/evolution/pwgs/phyloresults_parsed_editedCopy/CL0127/CL0127/tree_likelihoods.txt, /data/browna6/evolution/pwgs/phyloresults_parsed_editedCopy/CL0038/CL0038/tree_likelihoods.txt, /data/browna6/evolution/pwgs/phyloresults_parsed_editedCopy/NCI0423/NCI0423/tree_likelihoods.txt

[Fri Mar  1 02:04:30 2019]
Finished job 0.
54 of 54 steps (100%) done
Complete log: /spin1/users/browna6/pwgs_snakemake/.snakemake/log/2019-02-28T111319.564998.snakemake.log
