Multiple include of /spin1/users/browna6/pwgs_snakemake/helpers.py ignored
Multiple include of /spin1/users/browna6/pwgs_snakemake/helpers.py ignored
Multiple include of /spin1/users/browna6/pwgs_snakemake/helpers.py ignored
Building DAG of jobs...
Using shell: /usr/bin/bash
Provided cluster nodes: 10
Job counts:
	count	jobs
	1	all
	1	move_and_unzip_files
	1	run_final_parser_ms
	1	submit_pwgs
	1	write_results
	5

[Mon Apr  1 08:57:57 2019]
rule submit_pwgs:
    input: /data/GuhaData/pwgs/pwgs_inputs/RA7_39/CL0039/CL0039.params.json, /data/GuhaData/pwgs/pwgs_inputs/RA7_39/CL0039/CL0039.cnvs.txt, /data/GuhaData/pwgs/pwgs_inputs/RA7_39/CL0039/CL0039.ssm.txt
    output: /data/GuhaData/pwgs/pwgs_output/RA7_39/CL0039/CL0039/trees.zip
    jobid: 23
    reason: Missing output files: /data/GuhaData/pwgs/pwgs_output/RA7_39/CL0039/CL0039/trees.zip
    wildcards: patient=CL0039, sample=CL0039
    threads: 20

python2 /home/browna6/phylowgs/multievolve.py -O /data/GuhaData/pwgs/pwgs_output/RA7_39/CL0039/CL0039 -r 2669 1438 6824 6160 389 6292 1778 3893 2138 515 1392 2428 1359 1494 5024 9493 1693 8124 150 7702 --num-chains 20 --ssms /data/GuhaData/pwgs/pwgs_inputs/RA7_39/CL0039/CL0039.ssm.txt --cnvs /data/GuhaData/pwgs/pwgs_inputs/RA7_39/CL0039/CL0039.cnvs.txt --params /data/GuhaData/pwgs/pwgs_inputs/RA7_39/CL0039/CL0039.params.json
Submitted job 23 with external jobid '23501879'.
