Multiple include of /spin1/users/browna6/pwgs_snakemake/helpers.py ignored
Multiple include of /spin1/users/browna6/pwgs_snakemake/helpers.py ignored
Multiple include of /spin1/users/browna6/pwgs_snakemake/helpers.py ignored
Building DAG of jobs...
Using shell: /usr/bin/bash
Provided cluster nodes: 10
Job counts:
	count	jobs
	1	all
	1	move_and_unzip_files
	1	run_final_parser_ms
	1	submit_pwgs
	1	write_results
	5

[Thu Mar 21 09:22:48 2019]
rule submit_pwgs:
    input: /data/GuhaData/pwgs/pwgs_inputs/RA7_39/CL0039/CL0039.params.json, /data/GuhaData/pwgs/pwgs_inputs/RA7_39/CL0039/CL0039.cnvs.txt, /data/GuhaData/pwgs/pwgs_inputs/RA7_39/CL0039/CL0039.ssm.txt
    output: /data/GuhaData/pwgs/pwgs_output/RA7_39/CL0039/CL0039/trees.zip
    jobid: 23
    reason: Missing output files: /data/GuhaData/pwgs/pwgs_output/RA7_39/CL0039/CL0039/trees.zip
    wildcards: patient=CL0039, sample=CL0039
    threads: 20

python2 /home/browna6/phylowgs/multievolve.py -O /data/GuhaData/pwgs/pwgs_output/RA7_39/CL0039/CL0039 -r 4342 9350 1697 2276 1861 3459 1061 9207 7051 7342 1340 7343 666 6567 8689 4244 9283 9457 706 7338 --num-chains 20 --ssms /data/GuhaData/pwgs/pwgs_inputs/RA7_39/CL0039/CL0039.ssm.txt --cnvs /data/GuhaData/pwgs/pwgs_inputs/RA7_39/CL0039/CL0039.cnvs.txt --params /data/GuhaData/pwgs/pwgs_inputs/RA7_39/CL0039/CL0039.params.json
Submitted job 23 with external jobid '22783005'.
