Building DAG of jobs...
Using shell: /usr/bin/bash
Provided cores: 1
Rules claiming more threads will be scaled down.
Job counts:
	count	jobs
	1	phylo_input_parsing
	1	produce_phylo_input
	2

[Fri Jan  4 16:05:01 2019]
rule phylo_input_parsing:
    input: /data/browna6/evolution/pwgs/phyloinputs/egfr_exome/CL0039_T1D_E.passed.somatic.snvs_indels_snpEff_on_exome_combined.vcf, /data/browna6/evolution/pwgs/phyloinputs/egfr_exome/CL0039/CL0039_T1D_E_cnvInput.txt
    output: /data/browna6/evolution/pwgs/phyloinputs/egfr_exome/CL0039/CL0039_T1D_E.params.json, /data/browna6/evolution/pwgs/phyloinputs/egfr_exome/CL0039/CL0039_T1D_E.cnvs.txt, /data/browna6/evolution/pwgs/phyloinputs/egfr_exome/CL0039/CL0039_T1D_E.ssm.txt
    jobid: 2
    wildcards: patient=CL0039, sample=CL0039_T1D_E

[Fri Jan  4 16:05:04 2019]
Finished job 2.
1 of 2 steps (50%) done

[Fri Jan  4 16:05:04 2019]
localrule produce_phylo_input:
    input: /data/browna6/evolution/pwgs/phyloinputs/egfr_exome/CL0038/CL0038_T1D_E.params.json, /data/browna6/evolution/pwgs/phyloinputs/egfr_exome/CL0038/CL0038_T2D_E.params.json, /data/browna6/evolution/pwgs/phyloinputs/egfr_exome/CL0038/CL0038_T3D_E.params.json, /data/browna6/evolution/pwgs/phyloinputs/egfr_exome/CL0039/CL0039_T1D_E.params.json, /data/browna6/evolution/pwgs/phyloinputs/egfr_exome/CL0040/CL0040_T1D_E.params.json, /data/browna6/evolution/pwgs/phyloinputs/egfr_exome/CL0040/CL0040_T3D_E.params.json, /data/browna6/evolution/pwgs/phyloinputs/egfr_exome/CL0038/CL0038_T1D_E.ssm.txt, /data/browna6/evolution/pwgs/phyloinputs/egfr_exome/CL0038/CL0038_T2D_E.ssm.txt, /data/browna6/evolution/pwgs/phyloinputs/egfr_exome/CL0038/CL0038_T3D_E.ssm.txt, /data/browna6/evolution/pwgs/phyloinputs/egfr_exome/CL0039/CL0039_T1D_E.ssm.txt, /data/browna6/evolution/pwgs/phyloinputs/egfr_exome/CL0040/CL0040_T1D_E.ssm.txt, /data/browna6/evolution/pwgs/phyloinputs/egfr_exome/CL0040/CL0040_T3D_E.ssm.txt, /data/browna6/evolution/pwgs/phyloinputs/egfr_exome/CL0038/CL0038_T1D_E.cnvs.txt, /data/browna6/evolution/pwgs/phyloinputs/egfr_exome/CL0038/CL0038_T2D_E.cnvs.txt, /data/browna6/evolution/pwgs/phyloinputs/egfr_exome/CL0038/CL0038_T3D_E.cnvs.txt, /data/browna6/evolution/pwgs/phyloinputs/egfr_exome/CL0039/CL0039_T1D_E.cnvs.txt, /data/browna6/evolution/pwgs/phyloinputs/egfr_exome/CL0040/CL0040_T1D_E.cnvs.txt, /data/browna6/evolution/pwgs/phyloinputs/egfr_exome/CL0040/CL0040_T3D_E.cnvs.txt
    jobid: 0

[Fri Jan  4 16:05:04 2019]
Finished job 0.
2 of 2 steps (100%) done
Complete log: /spin1/users/browna6/pwgs_snakemake/.snakemake/log/2019-01-04T160500.793300.snakemake.log
