Multiple include of /spin1/users/browna6/pwgs_snakemake/helpers.py ignored
Multiple include of /spin1/users/browna6/pwgs_snakemake/helpers.py ignored
Multiple include of /spin1/users/browna6/pwgs_snakemake/helpers.py ignored
Building DAG of jobs...
Using shell: /usr/bin/bash
Provided cluster nodes: 10
Job counts:
	count	jobs
	1	all
	1	move_and_unzip_files
	1	phylo_input_parsing
	3	run_cnv_parsing
	1	run_final_parser_ms
	3	run_pretty_vcf
	1	submit_pwgs
	1	write_results
	12

[Fri Apr  5 11:13:53 2019]
rule run_pretty_vcf:
    input: /data/GuhaData/LAT/strelka_raw_vcf/NCI0395_T2D_E/passed.somatic.snvs_indels_snpEff_on_exome_combined.txt
    output: /data/GuhaData/pwgs/pwgs_inputs/NCI395_123/NCI0395_T2D_E.passed.somatic.snvs_indels_snpEff_on_exome_combined.vcf
    jobid: 5
    reason: Missing output files: /data/GuhaData/pwgs/pwgs_inputs/NCI395_123/NCI0395_T2D_E.passed.somatic.snvs_indels_snpEff_on_exome_combined.vcf
    wildcards: sample=NCI0395_T2D_E

Submitted job 5 with external jobid '23837853'.

[Fri Apr  5 11:13:55 2019]
rule run_pretty_vcf:
    input: /data/GuhaData/LAT/strelka_raw_vcf/NCI0395_T3D_E/passed.somatic.snvs_indels_snpEff_on_exome_combined.txt
    output: /data/GuhaData/pwgs/pwgs_inputs/NCI395_123/NCI0395_T3D_E.passed.somatic.snvs_indels_snpEff_on_exome_combined.vcf
    jobid: 6
    reason: Missing output files: /data/GuhaData/pwgs/pwgs_inputs/NCI395_123/NCI0395_T3D_E.passed.somatic.snvs_indels_snpEff_on_exome_combined.vcf
    wildcards: sample=NCI0395_T3D_E

Submitted job 6 with external jobid '23837854'.

[Fri Apr  5 11:13:57 2019]
rule run_cnv_parsing:
    input: /data/browna6/evolution/facets/egfr_exome/fitted/NCI0395_T3D_E.snppile.csv.gz_fitted.csv
    output: /data/GuhaData/pwgs/pwgs_inputs/NCI395_123/NCI0395/NCI0395_T3D_E_cnvInput.txt
    jobid: 9
    reason: Missing output files: /data/GuhaData/pwgs/pwgs_inputs/NCI395_123/NCI0395/NCI0395_T3D_E_cnvInput.txt
    wildcards: patient=NCI0395, sample=NCI0395_T3D_E

Submitted job 9 with external jobid '23837856'.

[Fri Apr  5 11:14:00 2019]
rule run_cnv_parsing:
    input: /data/browna6/evolution/facets/egfr_exome/fitted/NCI0395_T2D_E.snppile.csv.gz_fitted.csv
    output: /data/GuhaData/pwgs/pwgs_inputs/NCI395_123/NCI0395/NCI0395_T2D_E_cnvInput.txt
    jobid: 8
    reason: Missing output files: /data/GuhaData/pwgs/pwgs_inputs/NCI395_123/NCI0395/NCI0395_T2D_E_cnvInput.txt
    wildcards: patient=NCI0395, sample=NCI0395_T2D_E

Submitted job 8 with external jobid '23837857'.

[Fri Apr  5 11:14:03 2019]
rule run_cnv_parsing:
    input: /data/browna6/evolution/facets/egfr_exome/fitted/NCI0395_T1D_E.snppile.csv.gz_fitted.csv
    output: /data/GuhaData/pwgs/pwgs_inputs/NCI395_123/NCI0395/NCI0395_T1D_E_cnvInput.txt
    jobid: 7
    reason: Missing output files: /data/GuhaData/pwgs/pwgs_inputs/NCI395_123/NCI0395/NCI0395_T1D_E_cnvInput.txt
    wildcards: patient=NCI0395, sample=NCI0395_T1D_E

Submitted job 7 with external jobid '23837858'.

[Fri Apr  5 11:14:05 2019]
rule run_pretty_vcf:
    input: /data/GuhaData/LAT/strelka_raw_vcf/NCI0395_T1D_E/passed.somatic.snvs_indels_snpEff_on_exome_combined.txt
    output: /data/GuhaData/pwgs/pwgs_inputs/NCI395_123/NCI0395_T1D_E.passed.somatic.snvs_indels_snpEff_on_exome_combined.vcf
    jobid: 4
    reason: Missing output files: /data/GuhaData/pwgs/pwgs_inputs/NCI395_123/NCI0395_T1D_E.passed.somatic.snvs_indels_snpEff_on_exome_combined.vcf
    wildcards: sample=NCI0395_T1D_E

Submitted job 4 with external jobid '23837859'.
[Fri Apr  5 11:16:53 2019]
Finished job 5.
1 of 12 steps (8%) done
[Fri Apr  5 11:16:53 2019]
Finished job 6.
2 of 12 steps (17%) done
[Fri Apr  5 11:16:53 2019]
Finished job 9.
3 of 12 steps (25%) done
[Fri Apr  5 11:16:53 2019]
Finished job 8.
4 of 12 steps (33%) done
[Fri Apr  5 11:16:53 2019]
Finished job 7.
5 of 12 steps (42%) done
[Fri Apr  5 11:16:53 2019]
Finished job 4.
6 of 12 steps (50%) done

[Fri Apr  5 11:16:53 2019]
rule phylo_input_parsing:
    input: /data/GuhaData/pwgs/pwgs_inputs/NCI395_123/NCI0395_T1D_E.passed.somatic.snvs_indels_snpEff_on_exome_combined.vcf, /data/GuhaData/pwgs/pwgs_inputs/NCI395_123/NCI0395_T2D_E.passed.somatic.snvs_indels_snpEff_on_exome_combined.vcf, /data/GuhaData/pwgs/pwgs_inputs/NCI395_123/NCI0395_T3D_E.passed.somatic.snvs_indels_snpEff_on_exome_combined.vcf, /data/GuhaData/pwgs/pwgs_inputs/NCI395_123/NCI0395/NCI0395_T1D_E_cnvInput.txt, /data/GuhaData/pwgs/pwgs_inputs/NCI395_123/NCI0395/NCI0395_T2D_E_cnvInput.txt, /data/GuhaData/pwgs/pwgs_inputs/NCI395_123/NCI0395/NCI0395_T3D_E_cnvInput.txt
    output: /data/GuhaData/pwgs/pwgs_inputs/NCI395_123/NCI0395/NCI0395.params.json, /data/GuhaData/pwgs/pwgs_inputs/NCI395_123/NCI0395/NCI0395.cnvs.txt, /data/GuhaData/pwgs/pwgs_inputs/NCI395_123/NCI0395/NCI0395.ssm.txt
    jobid: 2
    reason: Missing output files: /data/GuhaData/pwgs/pwgs_inputs/NCI395_123/NCI0395/NCI0395.ssm.txt, /data/GuhaData/pwgs/pwgs_inputs/NCI395_123/NCI0395/NCI0395.cnvs.txt, /data/GuhaData/pwgs/pwgs_inputs/NCI395_123/NCI0395/NCI0395.params.json; Input files updated by another job: /data/GuhaData/pwgs/pwgs_inputs/NCI395_123/NCI0395/NCI0395_T2D_E_cnvInput.txt, /data/GuhaData/pwgs/pwgs_inputs/NCI395_123/NCI0395/NCI0395_T3D_E_cnvInput.txt, /data/GuhaData/pwgs/pwgs_inputs/NCI395_123/NCI0395/NCI0395_T1D_E_cnvInput.txt, /data/GuhaData/pwgs/pwgs_inputs/NCI395_123/NCI0395_T1D_E.passed.somatic.snvs_indels_snpEff_on_exome_combined.vcf, /data/GuhaData/pwgs/pwgs_inputs/NCI395_123/NCI0395_T3D_E.passed.somatic.snvs_indels_snpEff_on_exome_combined.vcf, /data/GuhaData/pwgs/pwgs_inputs/NCI395_123/NCI0395_T2D_E.passed.somatic.snvs_indels_snpEff_on_exome_combined.vcf
    wildcards: patient=NCI0395

python2 /data/browna6/pwgs_snakemake/create_phylowgs_inputs.py --regions all --cnvs NCI0395_T1D_E=/data/GuhaData/pwgs/pwgs_inputs/NCI395_123/NCI0395/NCI0395_T1D_E_cnvInput.txt --cnvs NCI0395_T2D_E=/data/GuhaData/pwgs/pwgs_inputs/NCI395_123/NCI0395/NCI0395_T2D_E_cnvInput.txt --cnvs NCI0395_T3D_E=/data/GuhaData/pwgs/pwgs_inputs/NCI395_123/NCI0395/NCI0395_T3D_E_cnvInput.txt --output-cnvs /data/GuhaData/pwgs/pwgs_inputs/NCI395_123/NCI0395/NCI0395.cnvs.txt --output-variants /data/GuhaData/pwgs/pwgs_inputs/NCI395_123/NCI0395/NCI0395.ssm.txt --output-params /data/GuhaData/pwgs/pwgs_inputs/NCI395_123/NCI0395/NCI0395.params.json --vcf-type NCI0395_T1D_E=strelka_indelcombined --vcf-type NCI0395_T2D_E=strelka_indelcombined --vcf-type NCI0395_T3D_E=strelka_indelcombined NCI0395_T1D_E=/data/GuhaData/pwgs/pwgs_inputs/NCI395_123/NCI0395_T1D_E.passed.somatic.snvs_indels_snpEff_on_exome_combined.vcf NCI0395_T2D_E=/data/GuhaData/pwgs/pwgs_inputs/NCI395_123/NCI0395_T2D_E.passed.somatic.snvs_indels_snpEff_on_exome_combined.vcf NCI0395_T3D_E=/data/GuhaData/pwgs/pwgs_inputs/NCI395_123/NCI0395_T3D_E.passed.somatic.snvs_indels_snpEff_on_exome_combined.vcf
Submitted job 2 with external jobid '23837886'.
[Fri Apr  5 11:18:54 2019]
Finished job 2.
7 of 12 steps (58%) done

[Fri Apr  5 11:18:54 2019]
rule submit_pwgs:
    input: /data/GuhaData/pwgs/pwgs_inputs/NCI395_123/NCI0395/NCI0395.params.json, /data/GuhaData/pwgs/pwgs_inputs/NCI395_123/NCI0395/NCI0395.cnvs.txt, /data/GuhaData/pwgs/pwgs_inputs/NCI395_123/NCI0395/NCI0395.ssm.txt
    output: /data/GuhaData/pwgs/pwgs_output/NCI395_123/NCI0395/NCI0395/trees.zip
    jobid: 11
    reason: Missing output files: /data/GuhaData/pwgs/pwgs_output/NCI395_123/NCI0395/NCI0395/trees.zip; Input files updated by another job: /data/GuhaData/pwgs/pwgs_inputs/NCI395_123/NCI0395/NCI0395.ssm.txt, /data/GuhaData/pwgs/pwgs_inputs/NCI395_123/NCI0395/NCI0395.cnvs.txt, /data/GuhaData/pwgs/pwgs_inputs/NCI395_123/NCI0395/NCI0395.params.json
    wildcards: patient=NCI0395, sample=NCI0395
    threads: 20

python2 /home/browna6/phylowgs/multievolve.py -O /data/GuhaData/pwgs/pwgs_output/NCI395_123/NCI0395/NCI0395 -r 5322 2117 2726 9503 2177 3466 2604 6559 166 149 5212 4315 4665 3390 6166 3284 7333 6384 6832 9275 --num-chains 20 --ssms /data/GuhaData/pwgs/pwgs_inputs/NCI395_123/NCI0395/NCI0395.ssm.txt --cnvs /data/GuhaData/pwgs/pwgs_inputs/NCI395_123/NCI0395/NCI0395.cnvs.txt --params /data/GuhaData/pwgs/pwgs_inputs/NCI395_123/NCI0395/NCI0395.params.json
Submitted job 11 with external jobid '23838154'.
[Fri Apr  5 15:47:10 2019]
Finished job 11.
8 of 12 steps (67%) done

[Fri Apr  5 15:47:10 2019]
rule write_results:
    input: /data/GuhaData/pwgs/pwgs_output/NCI395_123/NCI0395/NCI0395/trees.zip
    output: /data/GuhaData/pwgs/pwgs_output/NCI395_123/NCI0395/NCI0395/NCI0395.mutass.zip, /data/GuhaData/pwgs/pwgs_output/NCI395_123/NCI0395/NCI0395/NCI0395.muts.json.gz, /data/GuhaData/pwgs/pwgs_output/NCI395_123/NCI0395/NCI0395/NCI0395.summ.json.gz
    jobid: 10
    reason: Missing output files: /data/GuhaData/pwgs/pwgs_output/NCI395_123/NCI0395/NCI0395/NCI0395.summ.json.gz, /data/GuhaData/pwgs/pwgs_output/NCI395_123/NCI0395/NCI0395/NCI0395.muts.json.gz, /data/GuhaData/pwgs/pwgs_output/NCI395_123/NCI0395/NCI0395/NCI0395.mutass.zip; Input files updated by another job: /data/GuhaData/pwgs/pwgs_output/NCI395_123/NCI0395/NCI0395/trees.zip
    wildcards: patient=NCI0395, sample=NCI0395

python2 /home/browna6/phylowgs/write_results.py --allow-polyclonal --include-polyclonal NCI0395 /data/GuhaData/pwgs/pwgs_output/NCI395_123/NCI0395/NCI0395/trees.zip /data/GuhaData/pwgs/pwgs_output/NCI395_123/NCI0395/NCI0395/NCI0395.summ.json.gz /data/GuhaData/pwgs/pwgs_output/NCI395_123/NCI0395/NCI0395/NCI0395.muts.json.gz /data/GuhaData/pwgs/pwgs_output/NCI395_123/NCI0395/NCI0395/NCI0395.mutass.zip
Submitted job 10 with external jobid '23859856'.
[Fri Apr  5 16:00:11 2019]
Error in rule write_results:
    jobid: 10
    output: /data/GuhaData/pwgs/pwgs_output/NCI395_123/NCI0395/NCI0395/NCI0395.mutass.zip, /data/GuhaData/pwgs/pwgs_output/NCI395_123/NCI0395/NCI0395/NCI0395.muts.json.gz, /data/GuhaData/pwgs/pwgs_output/NCI395_123/NCI0395/NCI0395/NCI0395.summ.json.gz
    cluster_jobid: 23859856

Job failed, going on with independent jobs.
Exiting because a job execution failed. Look above for error message
Complete log: /spin1/users/browna6/pwgs_snakemake/.snakemake/log/2019-04-05T111351.873381.snakemake.log
