Building DAG of jobs...
Using shell: /usr/bin/bash
Provided cores: 1
Rules claiming more threads will be scaled down.
Job counts:
	count	jobs
	1	all
	5	move_and_unzip_files
	6

[Sat Jan  5 10:08:01 2019]
rule move_and_unzip_files:
    input: /data/browna6/evolution/pwgs/pwgs_output/egfr_exome_bysample/CL0038/CL0038_T2D_E/CL0038_T2D_E.mutass.zip, /data/browna6/evolution/pwgs/pwgs_output/egfr_exome_bysample/CL0038/CL0038_T2D_E/CL0038_T2D_E.muts.json.gz, /data/browna6/evolution/pwgs/pwgs_output/egfr_exome_bysample/CL0038/CL0038_T2D_E/CL0038_T2D_E.summ.json.gz
    output: /data/browna6/evolution/pwgs/pwgs_output/witness/data/egfr_per_sample_movetest/CL0038/CL0038_T2D_E.mutass.zip, /data/browna6/evolution/pwgs/pwgs_output/witness/data/egfr_per_sample_movetest/CL0038/CL0038_T2D_E.muts.json, /data/browna6/evolution/pwgs/pwgs_output/witness/data/egfr_per_sample_movetest/CL0038/CL0038_T2D_E.summ.json
    jobid: 5
    wildcards: patient=CL0038, sample=CL0038_T2D_E

[Sat Jan  5 10:08:03 2019]
Finished job 5.
1 of 6 steps (17%) done

[Sat Jan  5 10:08:03 2019]
rule move_and_unzip_files:
    input: /data/browna6/evolution/pwgs/pwgs_output/egfr_exome_bysample/CL0038/CL0038_T1D_E/CL0038_T1D_E.mutass.zip, /data/browna6/evolution/pwgs/pwgs_output/egfr_exome_bysample/CL0038/CL0038_T1D_E/CL0038_T1D_E.muts.json.gz, /data/browna6/evolution/pwgs/pwgs_output/egfr_exome_bysample/CL0038/CL0038_T1D_E/CL0038_T1D_E.summ.json.gz
    output: /data/browna6/evolution/pwgs/pwgs_output/witness/data/egfr_per_sample_movetest/CL0038/CL0038_T1D_E.mutass.zip, /data/browna6/evolution/pwgs/pwgs_output/witness/data/egfr_per_sample_movetest/CL0038/CL0038_T1D_E.muts.json, /data/browna6/evolution/pwgs/pwgs_output/witness/data/egfr_per_sample_movetest/CL0038/CL0038_T1D_E.summ.json
    jobid: 1
    wildcards: patient=CL0038, sample=CL0038_T1D_E

[Sat Jan  5 10:08:05 2019]
Finished job 1.
2 of 6 steps (33%) done

[Sat Jan  5 10:08:05 2019]
rule move_and_unzip_files:
    input: /data/browna6/evolution/pwgs/pwgs_output/egfr_exome_bysample/CL0038/CL0038_T3D_E/CL0038_T3D_E.mutass.zip, /data/browna6/evolution/pwgs/pwgs_output/egfr_exome_bysample/CL0038/CL0038_T3D_E/CL0038_T3D_E.muts.json.gz, /data/browna6/evolution/pwgs/pwgs_output/egfr_exome_bysample/CL0038/CL0038_T3D_E/CL0038_T3D_E.summ.json.gz
    output: /data/browna6/evolution/pwgs/pwgs_output/witness/data/egfr_per_sample_movetest/CL0038/CL0038_T3D_E.mutass.zip, /data/browna6/evolution/pwgs/pwgs_output/witness/data/egfr_per_sample_movetest/CL0038/CL0038_T3D_E.muts.json, /data/browna6/evolution/pwgs/pwgs_output/witness/data/egfr_per_sample_movetest/CL0038/CL0038_T3D_E.summ.json
    jobid: 4
    wildcards: patient=CL0038, sample=CL0038_T3D_E

[Sat Jan  5 10:08:06 2019]
Finished job 4.
3 of 6 steps (50%) done

[Sat Jan  5 10:08:06 2019]
rule move_and_unzip_files:
    input: /data/browna6/evolution/pwgs/pwgs_output/egfr_exome_bysample/CL0040/CL0040_T3D_E/CL0040_T3D_E.mutass.zip, /data/browna6/evolution/pwgs/pwgs_output/egfr_exome_bysample/CL0040/CL0040_T3D_E/CL0040_T3D_E.muts.json.gz, /data/browna6/evolution/pwgs/pwgs_output/egfr_exome_bysample/CL0040/CL0040_T3D_E/CL0040_T3D_E.summ.json.gz
    output: /data/browna6/evolution/pwgs/pwgs_output/witness/data/egfr_per_sample_movetest/CL0040/CL0040_T3D_E.mutass.zip, /data/browna6/evolution/pwgs/pwgs_output/witness/data/egfr_per_sample_movetest/CL0040/CL0040_T3D_E.muts.json, /data/browna6/evolution/pwgs/pwgs_output/witness/data/egfr_per_sample_movetest/CL0040/CL0040_T3D_E.summ.json
    jobid: 2
    wildcards: patient=CL0040, sample=CL0040_T3D_E

[Sat Jan  5 10:08:08 2019]
Finished job 2.
4 of 6 steps (67%) done

[Sat Jan  5 10:08:08 2019]
rule move_and_unzip_files:
    input: /data/browna6/evolution/pwgs/pwgs_output/egfr_exome_bysample/CL0040/CL0040_T1D_E/CL0040_T1D_E.mutass.zip, /data/browna6/evolution/pwgs/pwgs_output/egfr_exome_bysample/CL0040/CL0040_T1D_E/CL0040_T1D_E.muts.json.gz, /data/browna6/evolution/pwgs/pwgs_output/egfr_exome_bysample/CL0040/CL0040_T1D_E/CL0040_T1D_E.summ.json.gz
    output: /data/browna6/evolution/pwgs/pwgs_output/witness/data/egfr_per_sample_movetest/CL0040/CL0040_T1D_E.mutass.zip, /data/browna6/evolution/pwgs/pwgs_output/witness/data/egfr_per_sample_movetest/CL0040/CL0040_T1D_E.muts.json, /data/browna6/evolution/pwgs/pwgs_output/witness/data/egfr_per_sample_movetest/CL0040/CL0040_T1D_E.summ.json
    jobid: 3
    wildcards: patient=CL0040, sample=CL0040_T1D_E

[Sat Jan  5 10:08:10 2019]
Finished job 3.
5 of 6 steps (83%) done

[Sat Jan  5 10:08:10 2019]
localrule all:
    input: /data/browna6/evolution/pwgs/pwgs_output/witness/data/egfr_per_sample_movetest/CL0038/CL0038_T1D_E.muts.json, /data/browna6/evolution/pwgs/pwgs_output/witness/data/egfr_per_sample_movetest/CL0038/CL0038_T2D_E.muts.json, /data/browna6/evolution/pwgs/pwgs_output/witness/data/egfr_per_sample_movetest/CL0038/CL0038_T3D_E.muts.json, /data/browna6/evolution/pwgs/pwgs_output/witness/data/egfr_per_sample_movetest/CL0040/CL0040_T1D_E.muts.json, /data/browna6/evolution/pwgs/pwgs_output/witness/data/egfr_per_sample_movetest/CL0040/CL0040_T3D_E.muts.json, /data/browna6/evolution/pwgs/pwgs_output/witness/data/egfr_per_sample_movetest/CL0038/CL0038_T1D_E.summ.json, /data/browna6/evolution/pwgs/pwgs_output/witness/data/egfr_per_sample_movetest/CL0038/CL0038_T2D_E.summ.json, /data/browna6/evolution/pwgs/pwgs_output/witness/data/egfr_per_sample_movetest/CL0038/CL0038_T3D_E.summ.json, /data/browna6/evolution/pwgs/pwgs_output/witness/data/egfr_per_sample_movetest/CL0040/CL0040_T1D_E.summ.json, /data/browna6/evolution/pwgs/pwgs_output/witness/data/egfr_per_sample_movetest/CL0040/CL0040_T3D_E.summ.json, /data/browna6/evolution/pwgs/pwgs_output/witness/data/egfr_per_sample_movetest/CL0038/CL0038_T1D_E.mutass.zip, /data/browna6/evolution/pwgs/pwgs_output/witness/data/egfr_per_sample_movetest/CL0038/CL0038_T2D_E.mutass.zip, /data/browna6/evolution/pwgs/pwgs_output/witness/data/egfr_per_sample_movetest/CL0038/CL0038_T3D_E.mutass.zip, /data/browna6/evolution/pwgs/pwgs_output/witness/data/egfr_per_sample_movetest/CL0040/CL0040_T1D_E.mutass.zip, /data/browna6/evolution/pwgs/pwgs_output/witness/data/egfr_per_sample_movetest/CL0040/CL0040_T3D_E.mutass.zip
    jobid: 0

[Sat Jan  5 10:08:10 2019]
Finished job 0.
6 of 6 steps (100%) done
Complete log: /spin1/users/browna6/pwgs_snakemake/.snakemake/log/2019-01-05T100801.085406.snakemake.log
