Building DAG of jobs...
Using shell: /usr/bin/bash
Provided cores: 1
Rules claiming more threads will be scaled down.
Job counts:
	count	jobs
	1	all
	6	move_and_unzip_files
	1	write_pwgs_results
	8

[Sat Jan  5 09:11:27 2019]
rule write_pwgs_results:
    input: /data/browna6/evolution/pwgs/pwgs_output/egfr_exome_bysample/CL0039/CL0039_T1D_E/trees.zip
    output: /data/browna6/evolution/pwgs/pwgs_output/egfr_exome_bysample/CL0039/CL0039_T1D_E/CL0039_T1D_E.mutass.zip, /data/browna6/evolution/pwgs/pwgs_output/egfr_exome_bysample/CL0039/CL0039_T1D_E/CL0039_T1D_E.muts.json.gz, /data/browna6/evolution/pwgs/pwgs_output/egfr_exome_bysample/CL0039/CL0039_T1D_E/CL0039_T1D_E.summ.json.gz
    jobid: 10
    wildcards: patient=CL0039, sample=CL0039_T1D_E

[Sat Jan  5 09:11:54 2019]
Error in rule write_pwgs_results:
    jobid: 10
    output: /data/browna6/evolution/pwgs/pwgs_output/egfr_exome_bysample/CL0039/CL0039_T1D_E/CL0039_T1D_E.mutass.zip, /data/browna6/evolution/pwgs/pwgs_output/egfr_exome_bysample/CL0039/CL0039_T1D_E/CL0039_T1D_E.muts.json.gz, /data/browna6/evolution/pwgs/pwgs_output/egfr_exome_bysample/CL0039/CL0039_T1D_E/CL0039_T1D_E.summ.json.gz

RuleException:
CalledProcessError in line 30 of /spin1/users/browna6/pwgs_snakemake/run_full_pipeline.snakefile:
Command ' set -euo pipefail;  python2 /home/browna6/phylowgs/write_results.py CL0039_T1D_E /data/browna6/evolution/pwgs/pwgs_output/egfr_exome_bysample/CL0039/CL0039_T1D_E/trees.zip /data/browna6/evolution/pwgs/pwgs_output/egfr_exome_bysample/CL0039/CL0039_T1D_E/CL0039_T1D_E.summ.json.gz /data/browna6/evolution/pwgs/pwgs_output/egfr_exome_bysample/CL0039/CL0039_T1D_E/CL0039_T1D_E.muts.json.gz /data/browna6/evolution/pwgs/pwgs_output/egfr_exome_bysample/CL0039/CL0039_T1D_E/CL0039_T1D_E.mutass.zip ' returned non-zero exit status 1.
  File "/spin1/users/browna6/pwgs_snakemake/run_full_pipeline.snakefile", line 30, in __rule_write_pwgs_results
  File "/usr/local/Anaconda/envs_app/snakemake/5.3.0/lib/python3.6/concurrent/futures/thread.py", line 56, in run
Shutting down, this might take some time.
Exiting because a job execution failed. Look above for error message
Complete log: /spin1/users/browna6/pwgs_snakemake/.snakemake/log/2019-01-05T091126.064185.snakemake.log
