Multiple include of /spin1/users/browna6/pwgs_snakemake/helpers.py ignored
Multiple include of /spin1/users/browna6/pwgs_snakemake/helpers.py ignored
Multiple include of /spin1/users/browna6/pwgs_snakemake/helpers.py ignored
Building DAG of jobs...
Using shell: /usr/bin/bash
Provided cores: 1
Rules claiming more threads will be scaled down.
Job counts:
	count	jobs
	1	all
	1	move_and_unzip_files
	1	run_final_parser_ms
	1	write_results
	4

[Wed Apr 24 08:57:50 2019]
rule write_results:
    input: /data/GuhaData/pwgs/pwgs_output/NCI395_123/NCI0395/NCI0395/trees.zip
    output: /data/GuhaData/pwgs/pwgs_output/NCI395_123/NCI0395/NCI0395/NCI0395.mutass.zip, /data/GuhaData/pwgs/pwgs_output/NCI395_123/NCI0395/NCI0395/NCI0395.muts.json.gz, /data/GuhaData/pwgs/pwgs_output/NCI395_123/NCI0395/NCI0395/NCI0395.summ.json.gz
    jobid: 10
    wildcards: patient=NCI0395, sample=NCI0395

[Wed Apr 24 08:59:15 2019]
Finished job 10.
1 of 4 steps (25%) done

[Wed Apr 24 08:59:15 2019]
rule move_and_unzip_files:
    input: /data/GuhaData/pwgs/pwgs_output/NCI395_123/NCI0395/NCI0395/NCI0395.mutass.zip, /data/GuhaData/pwgs/pwgs_output/NCI395_123/NCI0395/NCI0395/NCI0395.muts.json.gz, /data/GuhaData/pwgs/pwgs_output/NCI395_123/NCI0395/NCI0395/NCI0395.summ.json.gz
    output: /data/GuhaData/phylowgs_results/witness/data_NCI395/NCI0395/NCI0395.mutass.zip, /data/GuhaData/phylowgs_results/witness/data_NCI395/NCI0395/NCI0395.muts.json, /data/GuhaData/phylowgs_results/witness/data_NCI395/NCI0395/NCI0395.summ.json
    jobid: 3
    wildcards: patient=NCI0395, sample=NCI0395

[Wed Apr 24 08:59:19 2019]
Finished job 3.
2 of 4 steps (50%) done

[Wed Apr 24 08:59:19 2019]
rule run_final_parser_ms:
    input: /data/GuhaData/pwgs/pwgs_inputs/NCI395_123/NCI0395/NCI0395.cnvs.txt, /data/GuhaData/pwgs/pwgs_inputs/NCI395_123/NCI0395/NCI0395.ssm.txt, /data/GuhaData/phylowgs_results/witness/data_NCI395/NCI0395/NCI0395.summ.json, /data/GuhaData/phylowgs_results/witness/data_NCI395/NCI0395/NCI0395.mutass.zip
    output: /data/GuhaData/phylowgs_results/parsed_results/NCI0395/NCI0395/tree_likelihoods.txt
    jobid: 1
    wildcards: patient=NCI0395, sample=NCI0395

[Wed Apr 24 08:59:29 2019]
Finished job 1.
3 of 4 steps (75%) done

[Wed Apr 24 08:59:29 2019]
localrule all:
    input: /data/GuhaData/phylowgs_results/parsed_results/NCI0395/NCI0395/tree_likelihoods.txt, /data/GuhaData/phylowgs_results/parsed_results/NCI0395/NCI0395/tree_likelihoods.txt, /data/GuhaData/phylowgs_results/parsed_results/NCI0395/NCI0395/tree_likelihoods.txt
    jobid: 0

[Wed Apr 24 08:59:29 2019]
Finished job 0.
4 of 4 steps (100%) done
Complete log: /spin1/users/browna6/pwgs_snakemake/.snakemake/log/2019-04-24T085748.776902.snakemake.log
