Multiple include of /spin1/users/browna6/pwgs_snakemake/helpers.py ignored
Multiple include of /spin1/users/browna6/pwgs_snakemake/helpers.py ignored
Multiple include of /spin1/users/browna6/pwgs_snakemake/helpers.py ignored
Building DAG of jobs...
Using shell: /usr/bin/bash
Provided cluster nodes: 10
Job counts:
	count	jobs
	1	all
	1	move_and_unzip_files
	1	run_final_parser_ms
	1	submit_pwgs
	1	write_results
	5

[Mon Apr  8 06:25:37 2019]
rule submit_pwgs:
    input: /data/GuhaData/pwgs/pwgs_inputs/RA7_39/CL0039/CL0039.params.json, /data/GuhaData/pwgs/pwgs_inputs/RA7_39/CL0039/CL0039.cnvs.txt, /data/GuhaData/pwgs/pwgs_inputs/RA7_39/CL0039/CL0039.ssm.txt
    output: /data/GuhaData/pwgs/pwgs_output/RA7_39/CL0039/CL0039/trees.zip
    jobid: 23
    reason: Missing output files: /data/GuhaData/pwgs/pwgs_output/RA7_39/CL0039/CL0039/trees.zip
    wildcards: patient=CL0039, sample=CL0039
    threads: 20

python2 /home/browna6/phylowgs/multievolve.py -O /data/GuhaData/pwgs/pwgs_output/RA7_39/CL0039/CL0039 -r 6819 2474 8016 8005 6818 9619 1870 3701 3665 8799 1684 8017 7367 5355 8657 7016 8969 4041 7235 5102 --num-chains 20 --ssms /data/GuhaData/pwgs/pwgs_inputs/RA7_39/CL0039/CL0039.ssm.txt --cnvs /data/GuhaData/pwgs/pwgs_inputs/RA7_39/CL0039/CL0039.cnvs.txt --params /data/GuhaData/pwgs/pwgs_inputs/RA7_39/CL0039/CL0039.params.json
Submitted job 23 with external jobid '23955206'.
[Thu Apr 11 02:55:34 2019]
Finished job 23.
1 of 5 steps (20%) done

[Thu Apr 11 02:55:34 2019]
rule write_results:
    input: /data/GuhaData/pwgs/pwgs_output/RA7_39/CL0039/CL0039/trees.zip
    output: /data/GuhaData/pwgs/pwgs_output/RA7_39/CL0039/CL0039/CL0039.mutass.zip, /data/GuhaData/pwgs/pwgs_output/RA7_39/CL0039/CL0039/CL0039.muts.json.gz, /data/GuhaData/pwgs/pwgs_output/RA7_39/CL0039/CL0039/CL0039.summ.json.gz
    jobid: 22
    reason: Missing output files: /data/GuhaData/pwgs/pwgs_output/RA7_39/CL0039/CL0039/CL0039.muts.json.gz, /data/GuhaData/pwgs/pwgs_output/RA7_39/CL0039/CL0039/CL0039.mutass.zip, /data/GuhaData/pwgs/pwgs_output/RA7_39/CL0039/CL0039/CL0039.summ.json.gz; Input files updated by another job: /data/GuhaData/pwgs/pwgs_output/RA7_39/CL0039/CL0039/trees.zip
    wildcards: patient=CL0039, sample=CL0039

python2 /home/browna6/phylowgs/write_results.py --allow-polyclonal --include-polyclonal CL0039 /data/GuhaData/pwgs/pwgs_output/RA7_39/CL0039/CL0039/trees.zip /data/GuhaData/pwgs/pwgs_output/RA7_39/CL0039/CL0039/CL0039.summ.json.gz /data/GuhaData/pwgs/pwgs_output/RA7_39/CL0039/CL0039/CL0039.muts.json.gz /data/GuhaData/pwgs/pwgs_output/RA7_39/CL0039/CL0039/CL0039.mutass.zip
Submitted job 22 with external jobid '24170904'.
[Thu Apr 11 03:10:35 2019]
Error in rule write_results:
    jobid: 22
    output: /data/GuhaData/pwgs/pwgs_output/RA7_39/CL0039/CL0039/CL0039.mutass.zip, /data/GuhaData/pwgs/pwgs_output/RA7_39/CL0039/CL0039/CL0039.muts.json.gz, /data/GuhaData/pwgs/pwgs_output/RA7_39/CL0039/CL0039/CL0039.summ.json.gz
    cluster_jobid: 24170904

Job failed, going on with independent jobs.
Exiting because a job execution failed. Look above for error message
Complete log: /spin1/users/browna6/pwgs_snakemake/.snakemake/log/2019-04-08T062535.463907.snakemake.log
